2019-11-20 19:08:09.142 [main] INFO  org.jeecg.JeecgApplication:50 - Starting JeecgApplication on DESKTOP-9A2HSBK with PID 6720 (D:\CSM\jeecg-boot-master\jeecg-boot\jeecg-boot-module-system\target\classes started by dell in D:\CSM\jeecg-boot-master\jeecg-boot\jeecg-boot-module-system)
2019-11-20 19:08:09.147 [main] INFO  org.jeecg.JeecgApplication:679 - The following profiles are active: dev
2019-11-20 19:08:10.716 [main] INFO  o.s.d.r.config.RepositoryConfigurationDelegate:244 - Multiple Spring Data modules found, entering strict repository configuration mode!
2019-11-20 19:08:10.720 [main] INFO  o.s.d.r.config.RepositoryConfigurationDelegate:126 - Bootstrapping Spring Data repositories in DEFAULT mode.
2019-11-20 19:08:10.801 [main] INFO  o.s.d.r.config.RepositoryConfigurationDelegate:182 - Finished Spring Data repository scanning in 59ms. Found 0 repository interfaces.
2019-11-20 19:08:11.287 [main] INFO  o.s.c.s.PostProcessorRegistrationDelegate$BeanPostProcessorChecker:330 - Bean 'shiroConfig' of type [org.jeecg.config.ShiroConfig$$EnhancerBySpringCGLIB$$fe134191] is not eligible for getting processed by all BeanPostProcessors (for example: not eligible for auto-proxying)
2019-11-20 19:08:11.399 [main] INFO  o.s.c.s.PostProcessorRegistrationDelegate$BeanPostProcessorChecker:330 - Bean 'shiroRealm' of type [org.jeecg.modules.shiro.authc.ShiroRealm] is not eligible for getting processed by all BeanPostProcessors (for example: not eligible for auto-proxying)
2019-11-20 19:08:12.922 [main] INFO  o.s.c.s.PostProcessorRegistrationDelegate$BeanPostProcessorChecker:330 - Bean 'securityManager' of type [org.apache.shiro.web.mgt.DefaultWebSecurityManager] is not eligible for getting processed by all BeanPostProcessors (for example: not eligible for auto-proxying)
2019-11-20 19:08:12.986 [main] INFO  o.s.c.s.PostProcessorRegistrationDelegate$BeanPostProcessorChecker:330 - Bean 'authorizationAttributeSourceAdvisor' of type [org.apache.shiro.spring.security.interceptor.AuthorizationAttributeSourceAdvisor] is not eligible for getting processed by all BeanPostProcessors (for example: not eligible for auto-proxying)
2019-11-20 19:08:13.057 [main] INFO  o.s.c.s.PostProcessorRegistrationDelegate$BeanPostProcessorChecker:330 - Bean 'org.springframework.transaction.annotation.ProxyTransactionManagementConfiguration' of type [org.springframework.transaction.annotation.ProxyTransactionManagementConfiguration$$EnhancerBySpringCGLIB$$de0dd7fb] is not eligible for getting processed by all BeanPostProcessors (for example: not eligible for auto-proxying)
2019-11-20 19:08:13.298 [main] INFO  o.s.c.s.PostProcessorRegistrationDelegate$BeanPostProcessorChecker:330 - Bean 'spring.datasource.dynamic-com.baomidou.dynamic.datasource.spring.boot.autoconfigure.DynamicDataSourceProperties' of type [com.baomidou.dynamic.datasource.spring.boot.autoconfigure.DynamicDataSourceProperties] is not eligible for getting processed by all BeanPostProcessors (for example: not eligible for auto-proxying)
2019-11-20 19:08:13.303 [main] INFO  o.s.c.s.PostProcessorRegistrationDelegate$BeanPostProcessorChecker:330 - Bean 'com.baomidou.dynamic.datasource.spring.boot.autoconfigure.DynamicDataSourceAutoConfiguration' of type [com.baomidou.dynamic.datasource.spring.boot.autoconfigure.DynamicDataSourceAutoConfiguration$$EnhancerBySpringCGLIB$$479c48cc] is not eligible for getting processed by all BeanPostProcessors (for example: not eligible for auto-proxying)
2019-11-20 19:08:13.312 [main] INFO  o.s.c.s.PostProcessorRegistrationDelegate$BeanPostProcessorChecker:330 - Bean 'dsProcessor' of type [com.baomidou.dynamic.datasource.processor.DsHeaderProcessor] is not eligible for getting processed by all BeanPostProcessors (for example: not eligible for auto-proxying)
2019-11-20 19:08:13.320 [main] INFO  o.s.c.s.PostProcessorRegistrationDelegate$BeanPostProcessorChecker:330 - Bean 'dynamicDatasourceAnnotationAdvisor' of type [com.baomidou.dynamic.datasource.aop.DynamicDataSourceAnnotationAdvisor] is not eligible for getting processed by all BeanPostProcessors (for example: not eligible for auto-proxying)
2019-11-20 19:08:13.340 [main] INFO  o.s.c.s.PostProcessorRegistrationDelegate$BeanPostProcessorChecker:330 - Bean 'spring.redis-org.springframework.boot.autoconfigure.data.redis.RedisProperties' of type [org.springframework.boot.autoconfigure.data.redis.RedisProperties] is not eligible for getting processed by all BeanPostProcessors (for example: not eligible for auto-proxying)
2019-11-20 19:08:13.349 [main] INFO  o.s.c.s.PostProcessorRegistrationDelegate$BeanPostProcessorChecker:330 - Bean 'org.springframework.boot.autoconfigure.data.redis.LettuceConnectionConfiguration' of type [org.springframework.boot.autoconfigure.data.redis.LettuceConnectionConfiguration$$EnhancerBySpringCGLIB$$f3279645] is not eligible for getting processed by all BeanPostProcessors (for example: not eligible for auto-proxying)
2019-11-20 19:08:13.611 [main] INFO  o.s.c.s.PostProcessorRegistrationDelegate$BeanPostProcessorChecker:330 - Bean 'lettuceClientResources' of type [io.lettuce.core.resource.DefaultClientResources] is not eligible for getting processed by all BeanPostProcessors (for example: not eligible for auto-proxying)
2019-11-20 19:08:13.766 [main] INFO  o.s.c.s.PostProcessorRegistrationDelegate$BeanPostProcessorChecker:330 - Bean 'redisConnectionFactory' of type [org.springframework.data.redis.connection.lettuce.LettuceConnectionFactory] is not eligible for getting processed by all BeanPostProcessors (for example: not eligible for auto-proxying)
2019-11-20 19:08:13.780 [main] INFO  o.s.c.s.PostProcessorRegistrationDelegate$BeanPostProcessorChecker:330 - Bean 'redisConfig' of type [org.jeecg.config.RedisConfig$$EnhancerBySpringCGLIB$$48e1c8db] is not eligible for getting processed by all BeanPostProcessors (for example: not eligible for auto-proxying)
2019-11-20 19:08:13.817 [main] INFO  o.s.c.s.PostProcessorRegistrationDelegate$BeanPostProcessorChecker:330 - Bean 'org.apache.shiro.spring.boot.autoconfigure.ShiroBeanAutoConfiguration' of type [org.apache.shiro.spring.boot.autoconfigure.ShiroBeanAutoConfiguration$$EnhancerBySpringCGLIB$$f126b5ab] is not eligible for getting processed by all BeanPostProcessors (for example: not eligible for auto-proxying)
2019-11-20 19:08:13.823 [main] INFO  o.s.c.s.PostProcessorRegistrationDelegate$BeanPostProcessorChecker:330 - Bean 'eventBus' of type [org.apache.shiro.event.support.DefaultEventBus] is not eligible for getting processed by all BeanPostProcessors (for example: not eligible for auto-proxying)
2019-11-20 19:08:15.161 [main] INFO  o.s.boot.web.embedded.tomcat.TomcatWebServer:90 - Tomcat initialized with port(s): 8889 (http)
2019-11-20 19:08:15.180 [main] INFO  org.apache.coyote.http11.Http11NioProtocol:173 - Initializing ProtocolHandler ["http-nio-8889"]
2019-11-20 19:08:15.195 [main] INFO  org.apache.catalina.core.StandardService:173 - Starting service [Tomcat]
2019-11-20 19:08:15.195 [main] INFO  org.apache.catalina.core.StandardEngine:173 - Starting Servlet engine: [Apache Tomcat/9.0.16]
2019-11-20 19:08:15.205 [main] INFO  org.apache.catalina.core.AprLifecycleListener:173 - An older version [1.2.19] of the APR based Apache Tomcat Native library is installed, while Tomcat recommends a minimum version of [1.2.21]
2019-11-20 19:08:15.205 [main] INFO  org.apache.catalina.core.AprLifecycleListener:173 - Loaded APR based Apache Tomcat Native library [1.2.19] using APR version [1.6.5].
2019-11-20 19:08:15.206 [main] INFO  org.apache.catalina.core.AprLifecycleListener:173 - APR capabilities: IPv6 [true], sendfile [true], accept filters [false], random [true].
2019-11-20 19:08:15.206 [main] INFO  org.apache.catalina.core.AprLifecycleListener:173 - APR/OpenSSL configuration: useAprConnector [false], useOpenSSL [true]
2019-11-20 19:08:15.210 [main] INFO  org.apache.catalina.core.AprLifecycleListener:173 - OpenSSL successfully initialized [OpenSSL 1.1.1a  20 Nov 2018]
2019-11-20 19:08:15.330 [main] INFO  o.a.c.c.C.[Tomcat].[localhost].[/jeecg-boot]:173 - Initializing Spring embedded WebApplicationContext
2019-11-20 19:08:15.330 [main] INFO  org.springframework.web.context.ContextLoader:296 - Root WebApplicationContext: initialization completed in 6138 ms
2019-11-20 19:08:15.755 [main] INFO  c.b.dynamic.datasource.DynamicDataSourceCreator:113 - 动态数据源-检测到druid存在,如配置中未指定type,druid会默认配置
2019-11-20 19:08:16.264 [main] INFO  com.alibaba.druid.pool.DruidDataSource:1003 - {dataSource-1,master} inited
2019-11-20 19:08:16.264 [main] INFO  c.b.dynamic.datasource.DynamicRoutingDataSource:203 - 初始共加载 1 个数据源
2019-11-20 19:08:16.264 [main] INFO  c.b.dynamic.datasource.DynamicRoutingDataSource:142 - 动态数据源-加载 master 成功
2019-11-20 19:08:16.265 [main] INFO  c.b.dynamic.datasource.DynamicRoutingDataSource:212 - 当前的默认数据源是单数据源，数据源名为 master
2019-11-20 19:08:19.083 [main] INFO  org.quartz.impl.StdSchedulerFactory:1208 - Using default implementation for ThreadExecutor
2019-11-20 19:08:19.099 [main] INFO  org.quartz.core.SchedulerSignalerImpl:61 - Initialized Scheduler Signaller of type: class org.quartz.core.SchedulerSignalerImpl
2019-11-20 19:08:19.099 [main] INFO  org.quartz.core.QuartzScheduler:229 - Quartz Scheduler v.2.3.0 created.
2019-11-20 19:08:19.103 [main] INFO  o.s.scheduling.quartz.LocalDataSourceJobStore:672 - Using db table-based data access locking (synchronization).
2019-11-20 19:08:19.105 [main] INFO  o.s.scheduling.quartz.LocalDataSourceJobStore:145 - JobStoreCMT initialized.
2019-11-20 19:08:19.106 [main] INFO  org.quartz.core.QuartzScheduler:294 - Scheduler meta-data: Quartz Scheduler (v2.3.0) 'quartzScheduler' with instanceId 'NON_CLUSTERED'
  Scheduler class: 'org.quartz.core.QuartzScheduler' - running locally.
  NOT STARTED.
  Currently in standby mode.
  Number of jobs executed: 0
  Using thread pool 'org.quartz.simpl.SimpleThreadPool' - with 10 threads.
  Using job-store 'org.springframework.scheduling.quartz.LocalDataSourceJobStore' - which supports persistence. and is not clustered.

2019-11-20 19:08:19.106 [main] INFO  org.quartz.impl.StdSchedulerFactory:1362 - Quartz scheduler 'quartzScheduler' initialized from an externally provided properties instance.
2019-11-20 19:08:19.106 [main] INFO  org.quartz.impl.StdSchedulerFactory:1366 - Quartz scheduler version: 2.3.0
2019-11-20 19:08:19.106 [main] INFO  org.quartz.core.QuartzScheduler:2287 - JobFactory set to: org.springframework.scheduling.quartz.SpringBeanJobFactory@1677f98b
2019-11-20 19:08:20.728 [main] INFO  o.s.b.actuate.endpoint.web.EndpointLinksResolver:59 - Exposing 2 endpoint(s) beneath base path '/actuator'
2019-11-20 19:08:20.882 [main] INFO  s.d.s.w.PropertySourcedRequestMappingHandlerMapping:69 - Mapped URL path [/v2/api-docs] onto method [public org.springframework.http.ResponseEntity<springfox.documentation.spring.web.json.Json> springfox.documentation.swagger2.web.Swagger2Controller.getDocumentation(java.lang.String,javax.servlet.http.HttpServletRequest)]
2019-11-20 19:08:21.216 [main] INFO  o.s.scheduling.concurrent.ThreadPoolTaskExecutor:171 - Initializing ExecutorService 'applicationTaskExecutor'
2019-11-20 19:08:22.075 [main] INFO  s.d.s.web.plugins.DocumentationPluginsBootstrapper:160 - Context refreshed
2019-11-20 19:08:22.106 [main] INFO  s.d.s.web.plugins.DocumentationPluginsBootstrapper:163 - Found 1 custom documentation plugin(s)
2019-11-20 19:08:22.158 [main] INFO  s.d.spring.web.scanners.ApiListingReferenceScanner:41 - Scanning for api listing references
2019-11-20 19:08:22.362 [main] INFO  o.s.scheduling.quartz.SchedulerFactoryBean:726 - Starting Quartz Scheduler now
2019-11-20 19:08:22.673 [main] INFO  o.s.scheduling.quartz.LocalDataSourceJobStore:866 - Freed 0 triggers from 'acquired' / 'blocked' state.
2019-11-20 19:08:22.695 [main] INFO  o.s.scheduling.quartz.LocalDataSourceJobStore:876 - Recovering 0 jobs that were in-progress at the time of the last shut-down.
2019-11-20 19:08:22.695 [main] INFO  o.s.scheduling.quartz.LocalDataSourceJobStore:889 - Recovery complete.
2019-11-20 19:08:22.696 [main] INFO  o.s.scheduling.quartz.LocalDataSourceJobStore:896 - Removed 0 'complete' triggers.
2019-11-20 19:08:22.698 [main] INFO  o.s.scheduling.quartz.LocalDataSourceJobStore:901 - Removed 0 stale fired job entries.
2019-11-20 19:08:22.699 [main] INFO  org.quartz.core.QuartzScheduler:547 - Scheduler quartzScheduler_$_NON_CLUSTERED started.
2019-11-20 19:08:22.717 [main] INFO  org.apache.coyote.http11.Http11NioProtocol:173 - Starting ProtocolHandler ["http-nio-8889"]
2019-11-20 19:08:22.749 [main] INFO  o.s.boot.web.embedded.tomcat.TomcatWebServer:204 - Tomcat started on port(s): 8889 (http) with context path '/jeecg-boot'
2019-11-20 19:08:22.751 [main] INFO  org.jeecg.JeecgApplication:59 - Started JeecgApplication in 14.394 seconds (JVM running for 15.245)
2019-11-20 19:08:22.761 [main] INFO  org.jeecg.JeecgApplication:26 - 
----------------------------------------------------------
	Application Jeecg-Boot is running! Access URLs:
	Local: 		http://localhost:8889/jeecg-boot/
	External: 	http://10.0.75.1:8889/jeecg-boot/
	swagger-ui: 	http://10.0.75.1:8889/jeecg-boot/swagger-ui.html
	Doc: 		http://10.0.75.1:8889/jeecg-boot/doc.html
----------------------------------------------------------
2019-11-20 19:08:40.245 [http-nio-8889-exec-1] INFO  o.a.c.c.C.[Tomcat].[localhost].[/jeecg-boot]:173 - Initializing Spring DispatcherServlet 'dispatcherServlet'
2019-11-20 19:08:40.246 [http-nio-8889-exec-1] INFO  org.springframework.web.servlet.DispatcherServlet:524 - Initializing Servlet 'dispatcherServlet'
2019-11-20 19:08:40.260 [http-nio-8889-exec-1] INFO  org.springframework.web.servlet.DispatcherServlet:546 - Completed initialization in 14 ms
2019-11-20 19:08:40.553 [http-nio-8889-exec-1] INFO  io.lettuce.core.EpollProvider:68 - Starting without optional epoll library
2019-11-20 19:08:40.555 [http-nio-8889-exec-1] INFO  io.lettuce.core.KqueueProvider:70 - Starting without optional kqueue library
2019-11-20 19:08:42.920 [http-nio-8889-exec-1] WARN  org.apache.shiro.authc.AbstractAuthenticator:216 - Authentication failed for token submission [org.jeecg.modules.shiro.authc.JwtToken@f64f0d9].  Possible unexpected error? (Typical or expected login exceptions should extend from AuthenticationException).
org.springframework.data.redis.connection.PoolException: Could not get a resource from the pool; nested exception is io.lettuce.core.RedisConnectionException: Unable to connect to 127.0.0.1:6379
	at org.springframework.data.redis.connection.lettuce.LettucePoolingConnectionProvider.getConnection(LettucePoolingConnectionProvider.java:86)
	at org.springframework.data.redis.connection.lettuce.LettuceConnectionFactory$SharedConnection.getNativeConnection(LettuceConnectionFactory.java:1085)
	at org.springframework.data.redis.connection.lettuce.LettuceConnectionFactory$SharedConnection.getConnection(LettuceConnectionFactory.java:1065)
	at org.springframework.data.redis.connection.lettuce.LettuceConnectionFactory.getSharedConnection(LettuceConnectionFactory.java:865)
	at org.springframework.data.redis.connection.lettuce.LettuceConnectionFactory.getConnection(LettuceConnectionFactory.java:340)
	at org.springframework.data.redis.core.RedisConnectionUtils.doGetConnection(RedisConnectionUtils.java:132)
	at org.springframework.data.redis.core.RedisConnectionUtils.getConnection(RedisConnectionUtils.java:95)
	at org.springframework.data.redis.core.RedisConnectionUtils.getConnection(RedisConnectionUtils.java:82)
	at org.springframework.data.redis.core.RedisTemplate.execute(RedisTemplate.java:211)
	at org.springframework.data.redis.core.RedisTemplate.execute(RedisTemplate.java:184)
	at org.springframework.data.redis.core.AbstractOperations.execute(AbstractOperations.java:95)
	at org.springframework.data.redis.core.DefaultValueOperations.get(DefaultValueOperations.java:53)
	at org.jeecg.common.util.RedisUtil.get(RedisUtil.java:95)
	at org.jeecg.common.util.RedisUtil$$FastClassBySpringCGLIB$$da69ea.invoke(<generated>)
	at org.springframework.cglib.proxy.MethodProxy.invoke(MethodProxy.java:218)
	at org.springframework.aop.framework.CglibAopProxy$DynamicAdvisedInterceptor.intercept(CglibAopProxy.java:684)
	at org.jeecg.common.util.RedisUtil$$EnhancerBySpringCGLIB$$167375af.get(<generated>)
	at org.jeecg.modules.shiro.authc.ShiroRealm.jwtTokenRefresh(ShiroRealm.java:146)
	at org.jeecg.modules.shiro.authc.ShiroRealm.checkUserTokenIsEffect(ShiroRealm.java:118)
	at org.jeecg.modules.shiro.authc.ShiroRealm.doGetAuthenticationInfo(ShiroRealm.java:94)
	at org.apache.shiro.realm.AuthenticatingRealm.getAuthenticationInfo(AuthenticatingRealm.java:571)
	at org.apache.shiro.authc.pam.ModularRealmAuthenticator.doSingleRealmAuthentication(ModularRealmAuthenticator.java:180)
	at org.apache.shiro.authc.pam.ModularRealmAuthenticator.doAuthenticate(ModularRealmAuthenticator.java:267)
	at org.apache.shiro.authc.AbstractAuthenticator.authenticate(AbstractAuthenticator.java:198)
	at org.apache.shiro.mgt.AuthenticatingSecurityManager.authenticate(AuthenticatingSecurityManager.java:106)
	at org.apache.shiro.mgt.DefaultSecurityManager.login(DefaultSecurityManager.java:274)
	at org.apache.shiro.subject.support.DelegatingSubject.login(DelegatingSubject.java:260)
	at org.jeecg.modules.shiro.authc.aop.JwtFilter.executeLogin(JwtFilter.java:51)
	at org.jeecg.modules.shiro.authc.aop.JwtFilter.isAccessAllowed(JwtFilter.java:34)
	at org.apache.shiro.web.filter.AccessControlFilter.onPreHandle(AccessControlFilter.java:162)
	at org.apache.shiro.web.filter.PathMatchingFilter.isFilterChainContinued(PathMatchingFilter.java:203)
	at org.apache.shiro.web.filter.PathMatchingFilter.preHandle(PathMatchingFilter.java:178)
	at org.jeecg.modules.shiro.authc.aop.JwtFilter.preHandle(JwtFilter.java:71)
	at org.apache.shiro.web.servlet.AdviceFilter.doFilterInternal(AdviceFilter.java:131)
	at org.apache.shiro.web.servlet.OncePerRequestFilter.doFilter(OncePerRequestFilter.java:125)
	at org.apache.shiro.web.servlet.ProxiedFilterChain.doFilter(ProxiedFilterChain.java:66)
	at org.apache.shiro.web.servlet.AbstractShiroFilter.executeChain(AbstractShiroFilter.java:449)
	at org.apache.shiro.web.servlet.AbstractShiroFilter$1.call(AbstractShiroFilter.java:365)
	at org.apache.shiro.subject.support.SubjectCallable.doCall(SubjectCallable.java:90)
	at org.apache.shiro.subject.support.SubjectCallable.call(SubjectCallable.java:83)
	at org.apache.shiro.subject.support.DelegatingSubject.execute(DelegatingSubject.java:387)
	at org.apache.shiro.web.servlet.AbstractShiroFilter.doFilterInternal(AbstractShiroFilter.java:362)
	at org.apache.shiro.web.servlet.OncePerRequestFilter.doFilter(OncePerRequestFilter.java:125)
	at org.apache.catalina.core.ApplicationFilterChain.internalDoFilter(ApplicationFilterChain.java:193)
	at org.apache.catalina.core.ApplicationFilterChain.doFilter(ApplicationFilterChain.java:166)
	at com.alibaba.druid.support.http.WebStatFilter.doFilter(WebStatFilter.java:124)
	at org.apache.catalina.core.ApplicationFilterChain.internalDoFilter(ApplicationFilterChain.java:193)
	at org.apache.catalina.core.ApplicationFilterChain.doFilter(ApplicationFilterChain.java:166)
	at org.springframework.boot.actuate.web.trace.servlet.HttpTraceFilter.doFilterInternal(HttpTraceFilter.java:90)
	at org.springframework.web.filter.OncePerRequestFilter.doFilter(OncePerRequestFilter.java:107)
	at org.apache.catalina.core.ApplicationFilterChain.internalDoFilter(ApplicationFilterChain.java:193)
	at org.apache.catalina.core.ApplicationFilterChain.doFilter(ApplicationFilterChain.java:166)
	at org.springframework.web.filter.RequestContextFilter.doFilterInternal(RequestContextFilter.java:99)
	at org.springframework.web.filter.OncePerRequestFilter.doFilter(OncePerRequestFilter.java:107)
	at org.apache.catalina.core.ApplicationFilterChain.internalDoFilter(ApplicationFilterChain.java:193)
	at org.apache.catalina.core.ApplicationFilterChain.doFilter(ApplicationFilterChain.java:166)
	at org.springframework.web.filter.FormContentFilter.doFilterInternal(FormContentFilter.java:92)
	at org.springframework.web.filter.OncePerRequestFilter.doFilter(OncePerRequestFilter.java:107)
	at org.apache.catalina.core.ApplicationFilterChain.internalDoFilter(ApplicationFilterChain.java:193)
	at org.apache.catalina.core.ApplicationFilterChain.doFilter(ApplicationFilterChain.java:166)
	at org.springframework.web.filter.HiddenHttpMethodFilter.doFilterInternal(HiddenHttpMethodFilter.java:93)
	at org.springframework.web.filter.OncePerRequestFilter.doFilter(OncePerRequestFilter.java:107)
	at org.apache.catalina.core.ApplicationFilterChain.internalDoFilter(ApplicationFilterChain.java:193)
	at org.apache.catalina.core.ApplicationFilterChain.doFilter(ApplicationFilterChain.java:166)
	at org.springframework.boot.actuate.metrics.web.servlet.WebMvcMetricsFilter.filterAndRecordMetrics(WebMvcMetricsFilter.java:117)
	at org.springframework.boot.actuate.metrics.web.servlet.WebMvcMetricsFilter.doFilterInternal(WebMvcMetricsFilter.java:106)
	at org.springframework.web.filter.OncePerRequestFilter.doFilter(OncePerRequestFilter.java:107)
	at org.apache.catalina.core.ApplicationFilterChain.internalDoFilter(ApplicationFilterChain.java:193)
	at org.apache.catalina.core.ApplicationFilterChain.doFilter(ApplicationFilterChain.java:166)
	at org.springframework.web.filter.CharacterEncodingFilter.doFilterInternal(CharacterEncodingFilter.java:200)
	at org.springframework.web.filter.OncePerRequestFilter.doFilter(OncePerRequestFilter.java:107)
	at org.apache.catalina.core.ApplicationFilterChain.internalDoFilter(ApplicationFilterChain.java:193)
	at org.apache.catalina.core.ApplicationFilterChain.doFilter(ApplicationFilterChain.java:166)
	at org.apache.catalina.core.StandardWrapperValve.invoke(StandardWrapperValve.java:200)
	at org.apache.catalina.core.StandardContextValve.invoke(StandardContextValve.java:96)
	at org.apache.catalina.authenticator.AuthenticatorBase.invoke(AuthenticatorBase.java:490)
	at org.apache.catalina.core.StandardHostValve.invoke(StandardHostValve.java:139)
	at org.apache.catalina.valves.ErrorReportValve.invoke(ErrorReportValve.java:92)
	at org.apache.catalina.core.StandardEngineValve.invoke(StandardEngineValve.java:74)
	at org.apache.catalina.connector.CoyoteAdapter.service(CoyoteAdapter.java:343)
	at org.apache.coyote.http11.Http11Processor.service(Http11Processor.java:408)
	at org.apache.coyote.AbstractProcessorLight.process(AbstractProcessorLight.java:66)
	at org.apache.coyote.AbstractProtocol$ConnectionHandler.process(AbstractProtocol.java:834)
	at org.apache.tomcat.util.net.NioEndpoint$SocketProcessor.doRun(NioEndpoint.java:1415)
	at org.apache.tomcat.util.net.SocketProcessorBase.run(SocketProcessorBase.java:49)
	at java.util.concurrent.ThreadPoolExecutor.runWorker(Unknown Source)
	at java.util.concurrent.ThreadPoolExecutor$Worker.run(Unknown Source)
	at org.apache.tomcat.util.threads.TaskThread$WrappingRunnable.run(TaskThread.java:61)
	at java.lang.Thread.run(Unknown Source)
Caused by: io.lettuce.core.RedisConnectionException: Unable to connect to 127.0.0.1:6379
	at io.lettuce.core.RedisConnectionException.create(RedisConnectionException.java:78)
	at io.lettuce.core.RedisConnectionException.create(RedisConnectionException.java:56)
	at io.lettuce.core.AbstractRedisClient.getConnection(AbstractRedisClient.java:234)
	at io.lettuce.core.RedisClient.connect(RedisClient.java:204)
	at org.springframework.data.redis.connection.lettuce.StandaloneConnectionProvider.lambda$getConnection$1(StandaloneConnectionProvider.java:113)
	at java.util.Optional.orElseGet(Unknown Source)
	at org.springframework.data.redis.connection.lettuce.StandaloneConnectionProvider.getConnection(StandaloneConnectionProvider.java:113)
	at org.springframework.data.redis.connection.lettuce.LettucePoolingConnectionProvider.lambda$null$0(LettucePoolingConnectionProvider.java:74)
	at io.lettuce.core.support.ConnectionPoolSupport$RedisPooledObjectFactory.create(ConnectionPoolSupport.java:209)
	at io.lettuce.core.support.ConnectionPoolSupport$RedisPooledObjectFactory.create(ConnectionPoolSupport.java:199)
	at org.apache.commons.pool2.BasePooledObjectFactory.makeObject(BasePooledObjectFactory.java:58)
	at org.apache.commons.pool2.impl.GenericObjectPool.create(GenericObjectPool.java:874)
	at org.apache.commons.pool2.impl.GenericObjectPool.borrowObject(GenericObjectPool.java:417)
	at org.apache.commons.pool2.impl.GenericObjectPool.borrowObject(GenericObjectPool.java:346)
	at io.lettuce.core.support.ConnectionPoolSupport$1.borrowObject(ConnectionPoolSupport.java:122)
	at io.lettuce.core.support.ConnectionPoolSupport$1.borrowObject(ConnectionPoolSupport.java:117)
	at org.springframework.data.redis.connection.lettuce.LettucePoolingConnectionProvider.getConnection(LettucePoolingConnectionProvider.java:80)
	... 88 common frames omitted
Caused by: io.netty.channel.AbstractChannel$AnnotatedConnectException: Connection refused: no further information: /127.0.0.1:6379
	at sun.nio.ch.SocketChannelImpl.checkConnect(Native Method)
	at sun.nio.ch.SocketChannelImpl.finishConnect(Unknown Source)
	at io.netty.channel.socket.nio.NioSocketChannel.doFinishConnect(NioSocketChannel.java:327)
	at io.netty.channel.nio.AbstractNioChannel$AbstractNioUnsafe.finishConnect(AbstractNioChannel.java:340)
	at io.netty.channel.nio.NioEventLoop.processSelectedKey(NioEventLoop.java:665)
	at io.netty.channel.nio.NioEventLoop.processSelectedKeysOptimized(NioEventLoop.java:612)
	at io.netty.channel.nio.NioEventLoop.processSelectedKeys(NioEventLoop.java:529)
	at io.netty.channel.nio.NioEventLoop.run(NioEventLoop.java:491)
	at io.netty.util.concurrent.SingleThreadEventExecutor$5.run(SingleThreadEventExecutor.java:905)
	at io.netty.util.concurrent.FastThreadLocalRunnable.run(FastThreadLocalRunnable.java:30)
	... 1 common frames omitted
Caused by: java.net.ConnectException: Connection refused: no further information
	... 11 common frames omitted
2019-11-20 19:08:42.938 [http-nio-8889-exec-1] ERROR o.a.c.c.C.[.[.[/jeecg-boot].[dispatcherServlet]:175 - Servlet.service() for servlet [dispatcherServlet] in context with path [/jeecg-boot] threw exception [org.apache.shiro.authc.AuthenticationException: Token失效，请重新登录] with root cause
java.net.ConnectException: Connection refused: no further information
	at sun.nio.ch.SocketChannelImpl.checkConnect(Native Method)
	at sun.nio.ch.SocketChannelImpl.finishConnect(Unknown Source)
	at io.netty.channel.socket.nio.NioSocketChannel.doFinishConnect(NioSocketChannel.java:327)
	at io.netty.channel.nio.AbstractNioChannel$AbstractNioUnsafe.finishConnect(AbstractNioChannel.java:340)
	at io.netty.channel.nio.NioEventLoop.processSelectedKey(NioEventLoop.java:665)
	at io.netty.channel.nio.NioEventLoop.processSelectedKeysOptimized(NioEventLoop.java:612)
	at io.netty.channel.nio.NioEventLoop.processSelectedKeys(NioEventLoop.java:529)
	at io.netty.channel.nio.NioEventLoop.run(NioEventLoop.java:491)
	at io.netty.util.concurrent.SingleThreadEventExecutor$5.run(SingleThreadEventExecutor.java:905)
	at io.netty.util.concurrent.FastThreadLocalRunnable.run(FastThreadLocalRunnable.java:30)
	at java.lang.Thread.run(Unknown Source)
2019-11-20 19:08:43.789 [http-nio-8889-exec-2] INFO  o.jeecg.modules.system.controller.LoginController:118 -  用户名:  管理员,退出成功！ 
2019-11-20 19:08:44.801 [http-nio-8889-exec-2] ERROR o.jeecg.common.exception.JeecgBootExceptionHandler:54 - Could not get a resource from the pool; nested exception is io.lettuce.core.RedisConnectionException: Unable to connect to 127.0.0.1:6379
org.springframework.data.redis.connection.PoolException: Could not get a resource from the pool; nested exception is io.lettuce.core.RedisConnectionException: Unable to connect to 127.0.0.1:6379
	at org.springframework.data.redis.connection.lettuce.LettucePoolingConnectionProvider.getConnection(LettucePoolingConnectionProvider.java:86)
	at org.springframework.data.redis.connection.lettuce.LettuceConnectionFactory$SharedConnection.getNativeConnection(LettuceConnectionFactory.java:1085)
	at org.springframework.data.redis.connection.lettuce.LettuceConnectionFactory$SharedConnection.getConnection(LettuceConnectionFactory.java:1065)
	at org.springframework.data.redis.connection.lettuce.LettuceConnectionFactory.getSharedConnection(LettuceConnectionFactory.java:865)
	at org.springframework.data.redis.connection.lettuce.LettuceConnectionFactory.getConnection(LettuceConnectionFactory.java:340)
	at org.springframework.data.redis.core.RedisConnectionUtils.doGetConnection(RedisConnectionUtils.java:132)
	at org.springframework.data.redis.core.RedisConnectionUtils.getConnection(RedisConnectionUtils.java:95)
	at org.springframework.data.redis.core.RedisConnectionUtils.getConnection(RedisConnectionUtils.java:82)
	at org.springframework.data.redis.core.RedisTemplate.execute(RedisTemplate.java:211)
	at org.springframework.data.redis.core.RedisTemplate.execute(RedisTemplate.java:184)
	at org.springframework.data.redis.core.RedisTemplate.delete(RedisTemplate.java:709)
	at org.jeecg.common.util.RedisUtil.del(RedisUtil.java:80)
	at org.jeecg.modules.system.controller.LoginController.logout(LoginController.java:120)
	at org.jeecg.modules.system.controller.LoginController$$FastClassBySpringCGLIB$$b307ab61.invoke(<generated>)
	at org.springframework.cglib.proxy.MethodProxy.invoke(MethodProxy.java:218)
	at org.springframework.aop.framework.CglibAopProxy$CglibMethodInvocation.invokeJoinpoint(CglibAopProxy.java:749)
	at org.springframework.aop.framework.ReflectiveMethodInvocation.proceed(ReflectiveMethodInvocation.java:163)
	at org.springframework.aop.aspectj.MethodInvocationProceedingJoinPoint.proceed(MethodInvocationProceedingJoinPoint.java:88)
	at org.jeecg.modules.system.aspect.DictAspect.doAround(DictAspect.java:50)
	at sun.reflect.NativeMethodAccessorImpl.invoke0(Native Method)
	at sun.reflect.NativeMethodAccessorImpl.invoke(Unknown Source)
	at sun.reflect.DelegatingMethodAccessorImpl.invoke(Unknown Source)
	at java.lang.reflect.Method.invoke(Unknown Source)
	at org.springframework.aop.aspectj.AbstractAspectJAdvice.invokeAdviceMethodWithGivenArgs(AbstractAspectJAdvice.java:644)
	at org.springframework.aop.aspectj.AbstractAspectJAdvice.invokeAdviceMethod(AbstractAspectJAdvice.java:633)
	at org.springframework.aop.aspectj.AspectJAroundAdvice.invoke(AspectJAroundAdvice.java:70)
	at org.springframework.aop.framework.ReflectiveMethodInvocation.proceed(ReflectiveMethodInvocation.java:186)
	at org.springframework.aop.interceptor.ExposeInvocationInterceptor.invoke(ExposeInvocationInterceptor.java:93)
	at org.springframework.aop.framework.ReflectiveMethodInvocation.proceed(ReflectiveMethodInvocation.java:186)
	at org.springframework.aop.framework.CglibAopProxy$DynamicAdvisedInterceptor.intercept(CglibAopProxy.java:688)
	at org.jeecg.modules.system.controller.LoginController$$EnhancerBySpringCGLIB$$1b9519.logout(<generated>)
	at sun.reflect.NativeMethodAccessorImpl.invoke0(Native Method)
	at sun.reflect.NativeMethodAccessorImpl.invoke(Unknown Source)
	at sun.reflect.DelegatingMethodAccessorImpl.invoke(Unknown Source)
	at java.lang.reflect.Method.invoke(Unknown Source)
	at org.springframework.web.method.support.InvocableHandlerMethod.doInvoke(InvocableHandlerMethod.java:189)
	at org.springframework.web.method.support.InvocableHandlerMethod.invokeForRequest(InvocableHandlerMethod.java:138)
	at org.springframework.web.servlet.mvc.method.annotation.ServletInvocableHandlerMethod.invokeAndHandle(ServletInvocableHandlerMethod.java:102)
	at org.springframework.web.servlet.mvc.method.annotation.RequestMappingHandlerAdapter.invokeHandlerMethod(RequestMappingHandlerAdapter.java:895)
	at org.springframework.web.servlet.mvc.method.annotation.RequestMappingHandlerAdapter.handleInternal(RequestMappingHandlerAdapter.java:800)
	at org.springframework.web.servlet.mvc.method.AbstractHandlerMethodAdapter.handle(AbstractHandlerMethodAdapter.java:87)
	at org.springframework.web.servlet.DispatcherServlet.doDispatch(DispatcherServlet.java:1038)
	at org.springframework.web.servlet.DispatcherServlet.doService(DispatcherServlet.java:942)
	at org.springframework.web.servlet.FrameworkServlet.processRequest(FrameworkServlet.java:1005)
	at org.springframework.web.servlet.FrameworkServlet.doPost(FrameworkServlet.java:908)
	at javax.servlet.http.HttpServlet.service(HttpServlet.java:660)
	at org.springframework.web.servlet.FrameworkServlet.service(FrameworkServlet.java:882)
	at javax.servlet.http.HttpServlet.service(HttpServlet.java:741)
	at org.apache.catalina.core.ApplicationFilterChain.internalDoFilter(ApplicationFilterChain.java:231)
	at org.apache.catalina.core.ApplicationFilterChain.doFilter(ApplicationFilterChain.java:166)
	at org.apache.tomcat.websocket.server.WsFilter.doFilter(WsFilter.java:53)
	at org.apache.catalina.core.ApplicationFilterChain.internalDoFilter(ApplicationFilterChain.java:193)
	at org.apache.catalina.core.ApplicationFilterChain.doFilter(ApplicationFilterChain.java:166)
	at org.springframework.web.filter.CorsFilter.doFilterInternal(CorsFilter.java:96)
	at org.springframework.web.filter.OncePerRequestFilter.doFilter(OncePerRequestFilter.java:107)
	at org.apache.catalina.core.ApplicationFilterChain.internalDoFilter(ApplicationFilterChain.java:193)
	at org.apache.catalina.core.ApplicationFilterChain.doFilter(ApplicationFilterChain.java:166)
	at com.github.xiaoymin.swaggerbootstrapui.filter.SecurityBasicAuthFilter.doFilter(SecurityBasicAuthFilter.java:84)
	at org.apache.catalina.core.ApplicationFilterChain.internalDoFilter(ApplicationFilterChain.java:193)
	at org.apache.catalina.core.ApplicationFilterChain.doFilter(ApplicationFilterChain.java:166)
	at com.github.xiaoymin.swaggerbootstrapui.filter.ProductionSecurityFilter.doFilter(ProductionSecurityFilter.java:53)
	at org.apache.catalina.core.ApplicationFilterChain.internalDoFilter(ApplicationFilterChain.java:193)
	at org.apache.catalina.core.ApplicationFilterChain.doFilter(ApplicationFilterChain.java:166)
	at org.apache.shiro.web.servlet.ProxiedFilterChain.doFilter(ProxiedFilterChain.java:61)
	at org.apache.shiro.web.servlet.AdviceFilter.executeChain(AdviceFilter.java:108)
	at org.apache.shiro.web.servlet.AdviceFilter.doFilterInternal(AdviceFilter.java:137)
	at org.apache.shiro.web.servlet.OncePerRequestFilter.doFilter(OncePerRequestFilter.java:125)
	at org.apache.shiro.web.servlet.ProxiedFilterChain.doFilter(ProxiedFilterChain.java:66)
	at org.apache.shiro.web.servlet.AbstractShiroFilter.executeChain(AbstractShiroFilter.java:449)
	at org.apache.shiro.web.servlet.AbstractShiroFilter$1.call(AbstractShiroFilter.java:365)
	at org.apache.shiro.subject.support.SubjectCallable.doCall(SubjectCallable.java:90)
	at org.apache.shiro.subject.support.SubjectCallable.call(SubjectCallable.java:83)
	at org.apache.shiro.subject.support.DelegatingSubject.execute(DelegatingSubject.java:387)
	at org.apache.shiro.web.servlet.AbstractShiroFilter.doFilterInternal(AbstractShiroFilter.java:362)
	at org.apache.shiro.web.servlet.OncePerRequestFilter.doFilter(OncePerRequestFilter.java:125)
	at org.apache.catalina.core.ApplicationFilterChain.internalDoFilter(ApplicationFilterChain.java:193)
	at org.apache.catalina.core.ApplicationFilterChain.doFilter(ApplicationFilterChain.java:166)
	at com.alibaba.druid.support.http.WebStatFilter.doFilter(WebStatFilter.java:124)
	at org.apache.catalina.core.ApplicationFilterChain.internalDoFilter(ApplicationFilterChain.java:193)
	at org.apache.catalina.core.ApplicationFilterChain.doFilter(ApplicationFilterChain.java:166)
	at org.springframework.boot.actuate.web.trace.servlet.HttpTraceFilter.doFilterInternal(HttpTraceFilter.java:90)
	at org.springframework.web.filter.OncePerRequestFilter.doFilter(OncePerRequestFilter.java:107)
	at org.apache.catalina.core.ApplicationFilterChain.internalDoFilter(ApplicationFilterChain.java:193)
	at org.apache.catalina.core.ApplicationFilterChain.doFilter(ApplicationFilterChain.java:166)
	at org.springframework.web.filter.RequestContextFilter.doFilterInternal(RequestContextFilter.java:99)
	at org.springframework.web.filter.OncePerRequestFilter.doFilter(OncePerRequestFilter.java:107)
	at org.apache.catalina.core.ApplicationFilterChain.internalDoFilter(ApplicationFilterChain.java:193)
	at org.apache.catalina.core.ApplicationFilterChain.doFilter(ApplicationFilterChain.java:166)
	at org.springframework.web.filter.FormContentFilter.doFilterInternal(FormContentFilter.java:92)
	at org.springframework.web.filter.OncePerRequestFilter.doFilter(OncePerRequestFilter.java:107)
	at org.apache.catalina.core.ApplicationFilterChain.internalDoFilter(ApplicationFilterChain.java:193)
	at org.apache.catalina.core.ApplicationFilterChain.doFilter(ApplicationFilterChain.java:166)
	at org.springframework.web.filter.HiddenHttpMethodFilter.doFilterInternal(HiddenHttpMethodFilter.java:93)
	at org.springframework.web.filter.OncePerRequestFilter.doFilter(OncePerRequestFilter.java:107)
	at org.apache.catalina.core.ApplicationFilterChain.internalDoFilter(ApplicationFilterChain.java:193)
	at org.apache.catalina.core.ApplicationFilterChain.doFilter(ApplicationFilterChain.java:166)
	at org.springframework.boot.actuate.metrics.web.servlet.WebMvcMetricsFilter.filterAndRecordMetrics(WebMvcMetricsFilter.java:117)
	at org.springframework.boot.actuate.metrics.web.servlet.WebMvcMetricsFilter.doFilterInternal(WebMvcMetricsFilter.java:106)
	at org.springframework.web.filter.OncePerRequestFilter.doFilter(OncePerRequestFilter.java:107)
	at org.apache.catalina.core.ApplicationFilterChain.internalDoFilter(ApplicationFilterChain.java:193)
	at org.apache.catalina.core.ApplicationFilterChain.doFilter(ApplicationFilterChain.java:166)
	at org.springframework.web.filter.CharacterEncodingFilter.doFilterInternal(CharacterEncodingFilter.java:200)
	at org.springframework.web.filter.OncePerRequestFilter.doFilter(OncePerRequestFilter.java:107)
	at org.apache.catalina.core.ApplicationFilterChain.internalDoFilter(ApplicationFilterChain.java:193)
	at org.apache.catalina.core.ApplicationFilterChain.doFilter(ApplicationFilterChain.java:166)
	at org.apache.catalina.core.StandardWrapperValve.invoke(StandardWrapperValve.java:200)
	at org.apache.catalina.core.StandardContextValve.invoke(StandardContextValve.java:96)
	at org.apache.catalina.authenticator.AuthenticatorBase.invoke(AuthenticatorBase.java:490)
	at org.apache.catalina.core.StandardHostValve.invoke(StandardHostValve.java:139)
	at org.apache.catalina.valves.ErrorReportValve.invoke(ErrorReportValve.java:92)
	at org.apache.catalina.core.StandardEngineValve.invoke(StandardEngineValve.java:74)
	at org.apache.catalina.connector.CoyoteAdapter.service(CoyoteAdapter.java:343)
	at org.apache.coyote.http11.Http11Processor.service(Http11Processor.java:408)
	at org.apache.coyote.AbstractProcessorLight.process(AbstractProcessorLight.java:66)
	at org.apache.coyote.AbstractProtocol$ConnectionHandler.process(AbstractProtocol.java:834)
	at org.apache.tomcat.util.net.NioEndpoint$SocketProcessor.doRun(NioEndpoint.java:1415)
	at org.apache.tomcat.util.net.SocketProcessorBase.run(SocketProcessorBase.java:49)
	at java.util.concurrent.ThreadPoolExecutor.runWorker(Unknown Source)
	at java.util.concurrent.ThreadPoolExecutor$Worker.run(Unknown Source)
	at org.apache.tomcat.util.threads.TaskThread$WrappingRunnable.run(TaskThread.java:61)
	at java.lang.Thread.run(Unknown Source)
Caused by: io.lettuce.core.RedisConnectionException: Unable to connect to 127.0.0.1:6379
	at io.lettuce.core.RedisConnectionException.create(RedisConnectionException.java:78)
	at io.lettuce.core.RedisConnectionException.create(RedisConnectionException.java:56)
	at io.lettuce.core.AbstractRedisClient.getConnection(AbstractRedisClient.java:234)
	at io.lettuce.core.RedisClient.connect(RedisClient.java:204)
	at org.springframework.data.redis.connection.lettuce.StandaloneConnectionProvider.lambda$getConnection$1(StandaloneConnectionProvider.java:113)
	at java.util.Optional.orElseGet(Unknown Source)
	at org.springframework.data.redis.connection.lettuce.StandaloneConnectionProvider.getConnection(StandaloneConnectionProvider.java:113)
	at org.springframework.data.redis.connection.lettuce.LettucePoolingConnectionProvider.lambda$null$0(LettucePoolingConnectionProvider.java:74)
	at io.lettuce.core.support.ConnectionPoolSupport$RedisPooledObjectFactory.create(ConnectionPoolSupport.java:209)
	at io.lettuce.core.support.ConnectionPoolSupport$RedisPooledObjectFactory.create(ConnectionPoolSupport.java:199)
	at org.apache.commons.pool2.BasePooledObjectFactory.makeObject(BasePooledObjectFactory.java:58)
	at org.apache.commons.pool2.impl.GenericObjectPool.create(GenericObjectPool.java:874)
	at org.apache.commons.pool2.impl.GenericObjectPool.borrowObject(GenericObjectPool.java:417)
	at org.apache.commons.pool2.impl.GenericObjectPool.borrowObject(GenericObjectPool.java:346)
	at io.lettuce.core.support.ConnectionPoolSupport$1.borrowObject(ConnectionPoolSupport.java:122)
	at io.lettuce.core.support.ConnectionPoolSupport$1.borrowObject(ConnectionPoolSupport.java:117)
	at org.springframework.data.redis.connection.lettuce.LettucePoolingConnectionProvider.getConnection(LettucePoolingConnectionProvider.java:80)
	... 120 common frames omitted
Caused by: io.netty.channel.AbstractChannel$AnnotatedConnectException: Connection refused: no further information: /127.0.0.1:6379
	at sun.nio.ch.SocketChannelImpl.checkConnect(Native Method)
	at sun.nio.ch.SocketChannelImpl.finishConnect(Unknown Source)
	at io.netty.channel.socket.nio.NioSocketChannel.doFinishConnect(NioSocketChannel.java:327)
	at io.netty.channel.nio.AbstractNioChannel$AbstractNioUnsafe.finishConnect(AbstractNioChannel.java:340)
	at io.netty.channel.nio.NioEventLoop.processSelectedKey(NioEventLoop.java:665)
	at io.netty.channel.nio.NioEventLoop.processSelectedKeysOptimized(NioEventLoop.java:612)
	at io.netty.channel.nio.NioEventLoop.processSelectedKeys(NioEventLoop.java:529)
	at io.netty.channel.nio.NioEventLoop.run(NioEventLoop.java:491)
	at io.netty.util.concurrent.SingleThreadEventExecutor$5.run(SingleThreadEventExecutor.java:905)
	at io.netty.util.concurrent.FastThreadLocalRunnable.run(FastThreadLocalRunnable.java:30)
	... 1 common frames omitted
Caused by: java.net.ConnectException: Connection refused: no further information
	... 11 common frames omitted
2019-11-20 19:09:21.484 [http-nio-8889-exec-5] INFO  o.j.m.system.controller.SysPermissionController:120 -  ------ 通过令牌获取用户拥有的访问菜单 ---- TOKEN ------ eyJ0eXAiOiJKV1QiLCJhbGciOiJIUzI1NiJ9.eyJleHAiOjE1NzQyNDk5NjEsInVzZXJuYW1lIjoiYWRtaW4ifQ.J-ggAYMMP9y-LKSCd9A5sTZ4RSz9J3BE6vYTnnfcSQw
2019-11-20 19:09:56.170 [http-nio-8889-exec-1] INFO  o.j.modules.system.service.impl.SysDictServiceImpl:62 - 无缓存dictText的时候调用这里！
2019-11-20 19:09:56.194 [http-nio-8889-exec-1] INFO  o.j.modules.system.service.impl.SysDictServiceImpl:62 - 无缓存dictText的时候调用这里！
2019-11-20 19:09:56.209 [http-nio-8889-exec-1] INFO  o.j.modules.system.service.impl.SysDictServiceImpl:62 - 无缓存dictText的时候调用这里！
2019-11-20 19:10:02.337 [http-nio-8889-exec-5] INFO  o.j.modules.system.controller.SysDictController:127 -  dictCode : activiti_sync
2019-11-20 19:10:02.345 [http-nio-8889-exec-5] INFO  o.j.modules.system.service.impl.SysDictServiceImpl:48 - 无缓存dictCache的时候调用这里！
2019-11-20 19:10:02.357 [http-nio-8889-exec-5] INFO  o.j.modules.system.controller.SysDictController:160 - Result(success=true, message=操作成功！, code=0, result=[DictModel(value=1, text=同步), DictModel(value=0, text=不同步)], timestamp=1574248202338)
2019-11-20 19:13:21.450 [http-nio-8889-exec-10] INFO  o.j.modules.system.controller.SysDictController:127 -  dictCode : activiti_sync
2019-11-20 19:13:21.453 [http-nio-8889-exec-10] INFO  o.j.modules.system.controller.SysDictController:160 - Result(success=true, message=操作成功！, code=0, result=[DictModel(value=1, text=同步), DictModel(value=0, text=不同步)], timestamp=1574248401451)
2019-11-20 19:15:22.893 [http-nio-8889-exec-10] INFO  org.jeecg.common.system.query.QueryGenerator:387 - --查询规则-->pid = 1d4fd1864e90c66ac1de76e68695a808
2019-11-20 19:15:25.791 [http-nio-8889-exec-8] INFO  o.j.m.system.controller.SysAnnouncementController:96 - 查询当前页：1
2019-11-20 19:15:25.791 [http-nio-8889-exec-8] INFO  o.j.m.system.controller.SysAnnouncementController:97 - 查询当前页数量：10
2019-11-20 19:15:25.792 [http-nio-8889-exec-8] INFO  o.j.m.system.controller.SysAnnouncementController:98 - 查询结果数量：2
2019-11-20 19:15:25.792 [http-nio-8889-exec-8] INFO  o.j.m.system.controller.SysAnnouncementController:99 - 数据总数：2
2019-11-20 19:15:25.796 [http-nio-8889-exec-8] INFO  o.j.modules.system.service.impl.SysDictServiceImpl:62 - 无缓存dictText的时候调用这里！
2019-11-20 19:15:25.801 [http-nio-8889-exec-8] INFO  o.j.modules.system.service.impl.SysDictServiceImpl:62 - 无缓存dictText的时候调用这里！
2019-11-20 19:15:25.808 [http-nio-8889-exec-8] INFO  o.j.modules.system.service.impl.SysDictServiceImpl:62 - 无缓存dictText的时候调用这里！
2019-11-20 19:15:25.814 [http-nio-8889-exec-8] INFO  o.j.modules.system.service.impl.SysDictServiceImpl:62 - 无缓存dictText的时候调用这里！
2019-11-20 19:15:35.228 [http-nio-8889-exec-9] INFO  o.j.modules.monitor.service.impl.RedisServiceImpl:56 - --getKeysSize--: {create_time=1574248535228, dbSize=51}
2019-11-20 19:15:35.513 [http-nio-8889-exec-1] INFO  o.j.modules.monitor.service.impl.RedisServiceImpl:72 - --getMemoryInfo--: {create_time=1574248535513, used_memory=801320}
2019-11-20 19:15:35.515 [http-nio-8889-exec-3] INFO  o.j.m.monitor.controller.ActuatorRedisController:39 - [RedisInfo{key='aof_rewrite_scheduled', value='0', desctiption='rewrite任务计划，当客户端发送bgrewriteaof指令，如果当前rewrite子进程正在执行，那么将客户端请求的bgrewriteaof变为计划任务，待aof子进程结束后执行rewrite '}, RedisInfo{key='keyspace_misses', value='20', desctiption='没命中次数'}, RedisInfo{key='mem_allocator', value='jemalloc-3.6.0', desctiption='在编译时指定的， Redis 所使用的内存分配器。可以是 libc 、 jemalloc 或者 tcmalloc'}, RedisInfo{key='multiplexing_api', value='WinSock_IOCP', desctiption='Redis 所使用的事件处理机制'}, RedisInfo{key='aof_last_write_status', value='ok', desctiption='上次aof写入状态'}, RedisInfo{key='run_id', value='25b1a3c32b4e0144f914b8c0a72a0a4a32fb37d4', desctiption='Redis 服务器的随机标识符（用于 Sentinel 和集群）'}, RedisInfo{key='uptime_in_seconds', value='389', desctiption='自 Redis 服务器启动以来，经过的秒数'}, RedisInfo{key='arch_bits', value='64', desctiption=' 架构（32 或 64 位）'}, RedisInfo{key='master_repl_offset', value='0', desctiption='主从同步偏移量,此值如果和上面的offset相同说明主从一致没延迟'}, RedisInfo{key='instantaneous_output_kbps', value='0.00', desctiption='redis网络出口kps'}, RedisInfo{key='total_commands_processed', value='230', desctiption='redis处理的命令数'}, RedisInfo{key='repl_backlog_size', value='1048576', desctiption='复制积压缓冲大小'}, RedisInfo{key='sync_full', value='0', desctiption='主从完全同步成功次数'}, RedisInfo{key='sync_partial_err', value='0', desctiption='主从部分同步失败次数'}, RedisInfo{key='used_cpu_user', value='0.05', desctiption='将所有redis主进程在用户态所占用的CPU时求和累计起来'}, RedisInfo{key='aof_enabled', value='0', desctiption='是否开启了aof'}, RedisInfo{key='redis_mode', value='standalone', desctiption='运行模式，单机（standalone）或者集群（cluster）'}, RedisInfo{key='rdb_changes_since_last_save', value='92', desctiption='离最近一次成功生成rdb文件，写入命令的个数，即有多少个写入命令没有持久化'}, RedisInfo{key='used_memory_lua', value='36864', desctiption='Lua 引擎所使用的内存大小（以字节为单位）'}, RedisInfo{key='redis_build_id', value='ba05b51e58eb9205', desctiption='redis_build_id'}, RedisInfo{key='connected_slaves', value='0', desctiption='连接的slave实例个数'}, RedisInfo{key='expired_keys', value='0', desctiption='运行以来过期的key的数量'}, RedisInfo{key='used_memory', value='801320', desctiption='由 Redis 分配器分配的内存总量，以字节（byte）为单位'}, RedisInfo{key='used_memory_rss', value='763672', desctiption='从操作系统的角度，返回 Redis 已分配的内存总量（俗称常驻集大小）。这个值和 top 、 ps 等命令的输出一致'}, RedisInfo{key='rdb_last_bgsave_status', value='ok', desctiption='最近一次rdb持久化是否成功'}, RedisInfo{key='process_id', value='2664', desctiption='服务器进程的 PID'}, RedisInfo{key='rejected_connections', value='0', desctiption='拒绝的连接个数，redis连接个数达到maxclients限制，拒绝新连接的个数'}, RedisInfo{key='rdb_bgsave_in_progress', value='0', desctiption='服务器是否正在创建rdb文件'}, RedisInfo{key='cluster_enabled', value='0', desctiption='实例是否启用集群模式'}, RedisInfo{key='tcp_port', value='6379', desctiption='TCP/IP 监听端口'}, RedisInfo{key='os', value='Windows', desctiption='Redis 服务器的宿主操作系统'}, RedisInfo{key='aof_current_rewrite_time_sec', value='-1', desctiption='如果rewrite操作正在进行，则记录所使用的时间，单位秒'}, RedisInfo{key='repl_backlog_histlen', value='0', desctiption='此值等于 master_repl_offset - repl_backlog_first_byte_offset,该值不会超过repl_backlog_size的大小'}, RedisInfo{key='role', value='master', desctiption='实例的角色，是master or slave'}, RedisInfo{key='used_cpu_sys', value='0.11', desctiption='将所有redis主进程在核心态所占用的CPU时求和累计起来'}, RedisInfo{key='aof_last_bgrewrite_status', value='ok', desctiption='上次bgrewrite aof操作的状态'}, RedisInfo{key='used_memory_peak_human', value='782.54K', desctiption='以人类可读的格式返回 Redis 的内存消耗峰值'}, RedisInfo{key='hz', value='10', desctiption='redis内部调度（进行关闭timeout的客户端，删除过期key等等）频率，程序规定serverCron每秒运行10次。'}, RedisInfo{key='used_memory_human', value='782.54K', desctiption='以人类可读的格式返回 Redis 分配的内存总量'}, RedisInfo{key='mem_fragmentation_ratio', value='0.95', desctiption='sed_memory_rss 和 used_memory 之间的比率'}, RedisInfo{key='rdb_last_bgsave_time_sec', value='-1', desctiption='最近一次成功生成rdb文件耗时秒数'}, RedisInfo{key='blocked_clients', value='0', desctiption='正在等待阻塞命令（BLPOP、BRPOP、BRPOPLPUSH）的客户端的数量'}, RedisInfo{key='used_cpu_sys_children', value='0.00', desctiption='将后台进程在核心态所占用的CPU时求和累计起来'}, RedisInfo{key='repl_backlog_active', value='0', desctiption='复制积压缓冲区是否开启'}, RedisInfo{key='used_cpu_user_children', value='0.00', desctiption='将后台进程在用户态所占用的CPU时求和累计起来'}, RedisInfo{key='sync_partial_ok', value='0', desctiption='主从部分同步成功次数'}, RedisInfo{key='aof_rewrite_in_progress', value='0', desctiption='标识aof的rewrite操作是否在进行中'}, RedisInfo{key='redis_git_sha1', value='00000000', desctiption='Git SHA1'}, RedisInfo{key='client_longest_output_list', value='0', desctiption='当前连接的客户端当中，最长的输出列表'}, RedisInfo{key='rdb_current_bgsave_time_sec', value='-1', desctiption='如果服务器正在创建rdb文件，那么这个域记录的就是当前的创建操作已经耗费的秒数'}, RedisInfo{key='aof_last_rewrite_time_sec', value='-1', desctiption='最近一次aof rewrite耗费的时长'}, RedisInfo{key='config_file', value='', desctiption='配置文件目录'}, RedisInfo{key='loading', value='0', desctiption='服务器是否正在载入持久化文件'}, RedisInfo{key='pubsub_channels', value='0', desctiption='当前使用中的频道数量'}, RedisInfo{key='db0', value='keys=51,expires=20,avg_ttl=3424052', desctiption='db0的key的数量,以及带有生存期的key的数,平均存活时间'}, RedisInfo{key='migrate_cached_sockets', value='0', desctiption='null'}, RedisInfo{key='redis_git_dirty', value='0', desctiption='Git dirty flag'}, RedisInfo{key='connected_clients', value='1', desctiption='已连接客户端的数量（不包括通过从属服务器连接的客户端）'}, RedisInfo{key='lru_clock', value='13967447', desctiption=' 以分钟为单位进行自增的时钟，用于 LRU 管理'}, RedisInfo{key='pubsub_patterns', value='0', desctiption='当前使用的模式的数量'}, RedisInfo{key='repl_backlog_first_byte_offset', value='0', desctiption='复制缓冲区里偏移量的大小'}, RedisInfo{key='total_net_output_bytes', value='10636', desctiption='redis网络出口流量字节数'}, RedisInfo{key='client_biggest_input_buf', value='0', desctiption='当前连接的客户端当中，最大输入缓存，用client list命令观察qbuf和qbuf-free两个字段最大值'}, RedisInfo{key='evicted_keys', value='0', desctiption='运行以来剔除(超过了maxmemory后)的key的数量'}, RedisInfo{key='total_connections_received', value='1', desctiption='新创建连接个数,如果新创建连接过多，过度地创建和销毁连接对性能有影响，说明短连接严重或连接池使用有问题，需调研代码的连接设置'}, RedisInfo{key='redis_version', value='3.0.501', desctiption='Redis 服务器版本'}, RedisInfo{key='total_net_input_bytes', value='49197', desctiption='redis网络入口流量字节数'}, RedisInfo{key='latest_fork_usec', value='0', desctiption='最近一次fork操作阻塞redis进程的耗时数，单位微秒'}, RedisInfo{key='used_memory_peak', value='801320', desctiption=' Redis 的内存消耗峰值(以字节为单位)'}, RedisInfo{key='keyspace_hits', value='92', desctiption='命中次数'}, RedisInfo{key='uptime_in_days', value='0', desctiption='自 Redis 服务器启动以来，经过的天数'}, RedisInfo{key='instantaneous_input_kbps', value='0.01', desctiption='redis网络入口kps'}, RedisInfo{key='rdb_last_save_time', value='1574248146', desctiption='离最近一次成功创建rdb文件的时间戳。当前时间戳 - rdb_last_save_time=多少秒未成功生成rdb文件'}, RedisInfo{key='instantaneous_ops_per_sec', value='0', desctiption='redis当前的qps，redis内部较实时的每秒执行的命令数'}]
2019-11-20 19:15:36.463 [http-nio-8889-exec-2] INFO  o.j.modules.monitor.service.impl.RedisServiceImpl:56 - --getKeysSize--: {create_time=1574248536463, dbSize=51}
2019-11-20 19:15:36.463 [http-nio-8889-exec-5] INFO  o.j.modules.monitor.service.impl.RedisServiceImpl:72 - --getMemoryInfo--: {create_time=1574248536463, used_memory=801320}
2019-11-20 19:15:38.160 [http-nio-8889-exec-4] INFO  o.j.modules.monitor.service.impl.RedisServiceImpl:56 - --getKeysSize--: {create_time=1574248538160, dbSize=51}
2019-11-20 19:15:38.461 [http-nio-8889-exec-7] INFO  o.j.modules.monitor.service.impl.RedisServiceImpl:72 - --getMemoryInfo--: {create_time=1574248538461, used_memory=801320}
2019-11-20 19:15:41.472 [http-nio-8889-exec-6] INFO  o.j.modules.monitor.service.impl.RedisServiceImpl:56 - --getKeysSize--: {create_time=1574248541472, dbSize=51}
2019-11-20 19:15:41.472 [http-nio-8889-exec-10] INFO  o.j.modules.monitor.service.impl.RedisServiceImpl:72 - --getMemoryInfo--: {create_time=1574248541472, used_memory=801320}
2019-11-20 19:16:06.308 [http-nio-8889-exec-8] INFO  o.j.m.monitor.controller.ActuatorRedisController:68 - 查询磁盘信息:4个
2019-11-20 19:16:06.844 [http-nio-8889-exec-8] INFO  o.j.m.monitor.controller.ActuatorRedisController:81 - {rest=69004460032, max=127390445568, name=本地磁盘 (C:), restPPT=45}
2019-11-20 19:16:07.016 [http-nio-8889-exec-8] INFO  o.j.m.monitor.controller.ActuatorRedisController:81 - {rest=491358846976, max=500084764672, name=本地磁盘 (D:), restPPT=1}
2019-11-20 19:16:07.192 [http-nio-8889-exec-8] INFO  o.j.m.monitor.controller.ActuatorRedisController:81 - {rest=487887376384, max=500101541888, name=本地磁盘 (E:), restPPT=2}
2019-11-20 19:16:07.304 [http-nio-8889-exec-5] INFO  org.jeecg.common.system.query.QueryGenerator:387 - --查询规则-->log_type = 1
2019-11-20 19:16:07.312 [http-nio-8889-exec-5] INFO  o.jeecg.modules.system.controller.SysLogController:66 - 查询当前页：1
2019-11-20 19:16:07.313 [http-nio-8889-exec-5] INFO  o.jeecg.modules.system.controller.SysLogController:67 - 查询当前页数量：10
2019-11-20 19:16:07.313 [http-nio-8889-exec-5] INFO  o.jeecg.modules.system.controller.SysLogController:68 - 查询结果数量：10
2019-11-20 19:16:07.313 [http-nio-8889-exec-5] INFO  o.jeecg.modules.system.controller.SysLogController:69 - 数据总数：798
2019-11-20 19:16:07.317 [http-nio-8889-exec-5] INFO  o.j.modules.system.service.impl.SysDictServiceImpl:62 - 无缓存dictText的时候调用这里！
2019-11-20 19:16:18.062 [http-nio-8889-exec-1] INFO  o.j.modules.system.controller.SysDataLogController:39 - 查询当前页：1
2019-11-20 19:16:18.063 [http-nio-8889-exec-1] INFO  o.j.modules.system.controller.SysDataLogController:40 - 查询当前页数量：10
2019-11-20 19:16:18.063 [http-nio-8889-exec-1] INFO  o.j.modules.system.controller.SysDataLogController:41 - 查询结果数量：10
2019-11-20 19:16:18.064 [http-nio-8889-exec-1] INFO  o.j.modules.system.controller.SysDataLogController:42 - 数据总数：17
2019-11-20 19:17:01.918 [http-nio-8889-exec-9] INFO  o.j.modules.system.service.impl.SysDictServiceImpl:62 - 无缓存dictText的时候调用这里！
2019-11-20 19:17:01.923 [http-nio-8889-exec-9] INFO  o.j.modules.system.service.impl.SysDictServiceImpl:62 - 无缓存dictText的时候调用这里！
2019-11-20 19:17:01.930 [http-nio-8889-exec-9] INFO  o.j.modules.system.service.impl.SysDictServiceImpl:62 - 无缓存dictText的时候调用这里！
2019-11-20 19:17:01.934 [http-nio-8889-exec-9] INFO  o.j.modules.system.service.impl.SysDictServiceImpl:62 - 无缓存dictText的时候调用这里！
2019-11-20 19:17:12.380 [http-nio-8889-exec-10] INFO  o.j.modules.system.controller.SysDictController:127 -  dictCode : msgType
2019-11-20 19:17:12.382 [http-nio-8889-exec-10] INFO  o.j.modules.system.service.impl.SysDictServiceImpl:48 - 无缓存dictCache的时候调用这里！
2019-11-20 19:17:12.386 [http-nio-8889-exec-10] INFO  o.j.modules.system.controller.SysDictController:160 - Result(success=true, message=操作成功！, code=0, result=[DictModel(value=1, text=短信), DictModel(value=2, text=邮件), DictModel(value=3, text=微信)], timestamp=1574248632380)
2019-11-20 19:17:27.006 [http-nio-8889-exec-4] INFO  o.j.modules.system.controller.SysDictController:127 -  dictCode : sex
2019-11-20 19:17:27.009 [http-nio-8889-exec-4] INFO  o.j.modules.system.service.impl.SysDictServiceImpl:48 - 无缓存dictCache的时候调用这里！
2019-11-20 19:17:27.014 [http-nio-8889-exec-4] INFO  o.j.modules.system.controller.SysDictController:160 - Result(success=true, message=操作成功！, code=0, result=[DictModel(value=1, text=男), DictModel(value=2, text=女)], timestamp=1574248647007)
2019-11-20 19:17:55.515 [http-nio-8889-exec-5] INFO  o.j.modules.system.controller.SysDictController:127 -  dictCode : sex
2019-11-20 19:17:55.517 [http-nio-8889-exec-5] INFO  o.j.modules.system.controller.SysDictController:160 - Result(success=true, message=操作成功！, code=0, result=[DictModel(value=1, text=男), DictModel(value=2, text=女)], timestamp=1574248675515)
2019-11-20 19:18:28.006 [http-nio-8889-exec-3] INFO  o.j.modules.system.controller.SysDictController:127 -  dictCode : sex
2019-11-20 19:18:28.006 [http-nio-8889-exec-9] INFO  o.j.modules.system.controller.SysDictController:127 -  dictCode : sys_user,realname,id
2019-11-20 19:18:28.006 [http-nio-8889-exec-9] INFO  o.j.modules.system.service.impl.SysDictServiceImpl:77 - 无缓存dictTableList的时候调用这里！
2019-11-20 19:18:28.008 [http-nio-8889-exec-3] INFO  o.j.modules.system.controller.SysDictController:160 - Result(success=true, message=操作成功！, code=0, result=[DictModel(value=1, text=男), DictModel(value=2, text=女)], timestamp=1574248708006)
2019-11-20 19:18:28.011 [http-nio-8889-exec-9] INFO  o.j.modules.system.controller.SysDictController:160 - Result(success=true, message=操作成功！, code=0, result=[DictModel(value=42d153bffeea74f72a9c1697874fa4a7, text=23232), DictModel(value=a75d45a015c44384a04449ee80dc3503, text=jeecg), DictModel(value=e9ca23d68d884d4ebb19d07889727dae, text=管理员), DictModel(value=f0019fdebedb443c98dcb17d88222c38, text=张小红)], timestamp=1574248708006)
2019-11-20 19:18:28.118 [http-nio-8889-exec-2] INFO  o.j.modules.system.controller.SysDictController:127 -  dictCode : sys_user,realname,id,username!='admin' order by create_time
2019-11-20 19:18:28.120 [http-nio-8889-exec-2] INFO  o.j.modules.system.service.impl.SysDictServiceImpl:83 - 无缓存dictTableList的时候调用这里！
2019-11-20 19:18:28.124 [http-nio-8889-exec-2] INFO  o.j.modules.system.controller.SysDictController:160 - Result(success=true, message=操作成功！, code=0, result=[DictModel(value=42d153bffeea74f72a9c1697874fa4a7, text=23232), DictModel(value=a75d45a015c44384a04449ee80dc3503, text=jeecg), DictModel(value=f0019fdebedb443c98dcb17d88222c38, text=张小红)], timestamp=1574248708119)
2019-11-20 19:22:19.510 [http-nio-8889-exec-4] INFO  o.j.modules.system.controller.SysDictController:127 -  dictCode : sex
2019-11-20 19:22:19.512 [http-nio-8889-exec-4] INFO  o.j.modules.system.controller.SysDictController:160 - Result(success=true, message=操作成功！, code=0, result=[DictModel(value=1, text=男), DictModel(value=2, text=女)], timestamp=1574248939511)
2019-11-20 19:22:48.714 [http-nio-8889-exec-2] INFO  o.j.m.system.controller.SysPermissionController:120 -  ------ 通过令牌获取用户拥有的访问菜单 ---- TOKEN ------ eyJ0eXAiOiJKV1QiLCJhbGciOiJIUzI1NiJ9.eyJleHAiOjE1NzQyNDk5NjEsInVzZXJuYW1lIjoiYWRtaW4ifQ.J-ggAYMMP9y-LKSCd9A5sTZ4RSz9J3BE6vYTnnfcSQw
2019-11-20 19:26:59.319 [http-nio-8889-exec-8] INFO  o.j.modules.system.controller.SysDictController:127 -  dictCode : sex
2019-11-20 19:26:59.321 [http-nio-8889-exec-8] INFO  o.j.modules.system.controller.SysDictController:160 - Result(success=true, message=操作成功！, code=0, result=[DictModel(value=1, text=男), DictModel(value=2, text=女)], timestamp=1574249219320)
