2019-11-02 17:36:46.738 [main] INFO  org.jeecg.JeecgApplication:50 - Starting JeecgApplication on DESKTOP-89SVNT6 with PID 17260 (D:\CSM\jeecg-boot-master\jeecg-boot\jeecg-boot-module-system\target\classes started by dell in D:\CSM\jeecg-boot-master\jeecg-boot\jeecg-boot-module-system)
2019-11-02 17:36:46.745 [main] INFO  org.jeecg.JeecgApplication:679 - The following profiles are active: dev
2019-11-02 17:36:50.397 [main] INFO  o.s.d.r.config.RepositoryConfigurationDelegate:244 - Multiple Spring Data modules found, entering strict repository configuration mode!
2019-11-02 17:36:50.399 [main] INFO  o.s.d.r.config.RepositoryConfigurationDelegate:126 - Bootstrapping Spring Data repositories in DEFAULT mode.
2019-11-02 17:36:50.551 [main] INFO  o.s.d.r.config.RepositoryConfigurationDelegate:182 - Finished Spring Data repository scanning in 120ms. Found 0 repository interfaces.
2019-11-02 17:36:51.090 [main] INFO  o.s.c.s.PostProcessorRegistrationDelegate$BeanPostProcessorChecker:330 - Bean 'shiroConfig' of type [org.jeecg.config.ShiroConfig$$EnhancerBySpringCGLIB$$33158dcc] is not eligible for getting processed by all BeanPostProcessors (for example: not eligible for auto-proxying)
2019-11-02 17:36:51.231 [main] INFO  o.s.c.s.PostProcessorRegistrationDelegate$BeanPostProcessorChecker:330 - Bean 'shiroRealm' of type [org.jeecg.modules.shiro.authc.ShiroRealm] is not eligible for getting processed by all BeanPostProcessors (for example: not eligible for auto-proxying)
2019-11-02 17:36:52.433 [main] INFO  o.s.c.s.PostProcessorRegistrationDelegate$BeanPostProcessorChecker:330 - Bean 'securityManager' of type [org.apache.shiro.web.mgt.DefaultWebSecurityManager] is not eligible for getting processed by all BeanPostProcessors (for example: not eligible for auto-proxying)
2019-11-02 17:36:52.468 [main] INFO  o.s.c.s.PostProcessorRegistrationDelegate$BeanPostProcessorChecker:330 - Bean 'authorizationAttributeSourceAdvisor' of type [org.apache.shiro.spring.security.interceptor.AuthorizationAttributeSourceAdvisor] is not eligible for getting processed by all BeanPostProcessors (for example: not eligible for auto-proxying)
2019-11-02 17:36:52.531 [main] INFO  o.s.c.s.PostProcessorRegistrationDelegate$BeanPostProcessorChecker:330 - Bean 'org.springframework.transaction.annotation.ProxyTransactionManagementConfiguration' of type [org.springframework.transaction.annotation.ProxyTransactionManagementConfiguration$$EnhancerBySpringCGLIB$$13102436] is not eligible for getting processed by all BeanPostProcessors (for example: not eligible for auto-proxying)
2019-11-02 17:36:52.790 [main] INFO  o.s.c.s.PostProcessorRegistrationDelegate$BeanPostProcessorChecker:330 - Bean 'spring.datasource.dynamic-com.baomidou.dynamic.datasource.spring.boot.autoconfigure.DynamicDataSourceProperties' of type [com.baomidou.dynamic.datasource.spring.boot.autoconfigure.DynamicDataSourceProperties] is not eligible for getting processed by all BeanPostProcessors (for example: not eligible for auto-proxying)
2019-11-02 17:36:52.790 [main] INFO  o.s.c.s.PostProcessorRegistrationDelegate$BeanPostProcessorChecker:330 - Bean 'com.baomidou.dynamic.datasource.spring.boot.autoconfigure.DynamicDataSourceAutoConfiguration' of type [com.baomidou.dynamic.datasource.spring.boot.autoconfigure.DynamicDataSourceAutoConfiguration$$EnhancerBySpringCGLIB$$7c9e9507] is not eligible for getting processed by all BeanPostProcessors (for example: not eligible for auto-proxying)
2019-11-02 17:36:52.806 [main] INFO  o.s.c.s.PostProcessorRegistrationDelegate$BeanPostProcessorChecker:330 - Bean 'dsProcessor' of type [com.baomidou.dynamic.datasource.processor.DsHeaderProcessor] is not eligible for getting processed by all BeanPostProcessors (for example: not eligible for auto-proxying)
2019-11-02 17:36:52.806 [main] INFO  o.s.c.s.PostProcessorRegistrationDelegate$BeanPostProcessorChecker:330 - Bean 'dynamicDatasourceAnnotationAdvisor' of type [com.baomidou.dynamic.datasource.aop.DynamicDataSourceAnnotationAdvisor] is not eligible for getting processed by all BeanPostProcessors (for example: not eligible for auto-proxying)
2019-11-02 17:36:52.837 [main] INFO  o.s.c.s.PostProcessorRegistrationDelegate$BeanPostProcessorChecker:330 - Bean 'spring.redis-org.springframework.boot.autoconfigure.data.redis.RedisProperties' of type [org.springframework.boot.autoconfigure.data.redis.RedisProperties] is not eligible for getting processed by all BeanPostProcessors (for example: not eligible for auto-proxying)
2019-11-02 17:36:52.837 [main] INFO  o.s.c.s.PostProcessorRegistrationDelegate$BeanPostProcessorChecker:330 - Bean 'org.springframework.boot.autoconfigure.data.redis.LettuceConnectionConfiguration' of type [org.springframework.boot.autoconfigure.data.redis.LettuceConnectionConfiguration$$EnhancerBySpringCGLIB$$2829e280] is not eligible for getting processed by all BeanPostProcessors (for example: not eligible for auto-proxying)
2019-11-02 17:36:53.151 [main] INFO  o.s.c.s.PostProcessorRegistrationDelegate$BeanPostProcessorChecker:330 - Bean 'lettuceClientResources' of type [io.lettuce.core.resource.DefaultClientResources] is not eligible for getting processed by all BeanPostProcessors (for example: not eligible for auto-proxying)
2019-11-02 17:36:53.363 [main] INFO  o.s.c.s.PostProcessorRegistrationDelegate$BeanPostProcessorChecker:330 - Bean 'redisConnectionFactory' of type [org.springframework.data.redis.connection.lettuce.LettuceConnectionFactory] is not eligible for getting processed by all BeanPostProcessors (for example: not eligible for auto-proxying)
2019-11-02 17:36:53.377 [main] INFO  o.s.c.s.PostProcessorRegistrationDelegate$BeanPostProcessorChecker:330 - Bean 'redisConfig' of type [org.jeecg.config.RedisConfig$$EnhancerBySpringCGLIB$$7de41516] is not eligible for getting processed by all BeanPostProcessors (for example: not eligible for auto-proxying)
2019-11-02 17:36:53.422 [main] INFO  o.s.c.s.PostProcessorRegistrationDelegate$BeanPostProcessorChecker:330 - Bean 'org.apache.shiro.spring.boot.autoconfigure.ShiroBeanAutoConfiguration' of type [org.apache.shiro.spring.boot.autoconfigure.ShiroBeanAutoConfiguration$$EnhancerBySpringCGLIB$$262901e6] is not eligible for getting processed by all BeanPostProcessors (for example: not eligible for auto-proxying)
2019-11-02 17:36:53.429 [main] INFO  o.s.c.s.PostProcessorRegistrationDelegate$BeanPostProcessorChecker:330 - Bean 'eventBus' of type [org.apache.shiro.event.support.DefaultEventBus] is not eligible for getting processed by all BeanPostProcessors (for example: not eligible for auto-proxying)
2019-11-02 17:36:54.045 [main] INFO  o.s.boot.web.embedded.tomcat.TomcatWebServer:90 - Tomcat initialized with port(s): 8889 (http)
2019-11-02 17:36:54.062 [main] INFO  org.apache.coyote.http11.Http11NioProtocol:173 - Initializing ProtocolHandler ["http-nio-8889"]
2019-11-02 17:36:54.089 [main] INFO  org.apache.catalina.core.StandardService:173 - Starting service [Tomcat]
2019-11-02 17:36:54.089 [main] INFO  org.apache.catalina.core.StandardEngine:173 - Starting Servlet engine: [Apache Tomcat/9.0.16]
2019-11-02 17:36:54.089 [main] INFO  org.apache.catalina.core.AprLifecycleListener:173 - The APR based Apache Tomcat Native library which allows optimal performance in production environments was not found on the java.library.path: [C:\Program Files\Java\jre1.8.0_191\bin;C:\WINDOWS\Sun\Java\bin;C:\WINDOWS\system32;C:\WINDOWS;C:/Program Files/Java/jre1.8.0_191/bin/server;C:/Program Files/Java/jre1.8.0_191/bin;C:/Program Files/Java/jre1.8.0_191/lib/amd64;C:\Program Files (x86)\NetSarang\Xftp 6\;C:\Program Files (x86)\Common Files\Oracle\Java\javapath;C:\WINDOWS\system32;C:\WINDOWS;C:\WINDOWS\System32\Wbem;C:\WINDOWS\System32\WindowsPowerShell\v1.0\;C:\Program Files\Java\jdk1.8.0_191\bin;C:\Program Files\Java\jdk1.8.0_191\jre\bin;D:\MYSQL\mysql-5.7.24-winx64\bin;C:\WINDOWS\System32\OpenSSH\;C:\Program Files\dotnet\;C:\Program Files\Git\cmd;C:\Program Files (x86)\Yarn\bin\;C:\Program Files\nodejs\;C:\Program Files\TortoiseSVN\bin;C:\Users\dell\AppData\Local\Microsoft\WindowsApps;C:\Program Files\nodejs\node_global;C:\Users\dell\AppData\Local\Programs\Microsoft VS Code\bin;C:\Users\dell\AppData\Local\Yarn\bin;C:\Users\dell\AppData\Roaming\npm;C:\Users\dell\Desktop;;.]
2019-11-02 17:36:54.293 [main] INFO  o.a.c.c.C.[Tomcat].[localhost].[/jeecg-boot]:173 - Initializing Spring embedded WebApplicationContext
2019-11-02 17:36:54.293 [main] INFO  org.springframework.web.context.ContextLoader:296 - Root WebApplicationContext: initialization completed in 7465 ms
2019-11-02 17:36:54.746 [main] INFO  c.b.dynamic.datasource.DynamicDataSourceCreator:113 - 动态数据源-检测到druid存在,如配置中未指定type,druid会默认配置
2019-11-02 17:36:55.401 [main] INFO  com.alibaba.druid.pool.DruidDataSource:1003 - {dataSource-1,master} inited
2019-11-02 17:36:55.416 [main] INFO  c.b.dynamic.datasource.DynamicRoutingDataSource:203 - 初始共加载 1 个数据源
2019-11-02 17:36:55.416 [main] INFO  c.b.dynamic.datasource.DynamicRoutingDataSource:142 - 动态数据源-加载 master 成功
2019-11-02 17:36:55.417 [main] INFO  c.b.dynamic.datasource.DynamicRoutingDataSource:212 - 当前的默认数据源是单数据源，数据源名为 master
2019-11-02 17:36:58.809 [main] INFO  org.quartz.impl.StdSchedulerFactory:1208 - Using default implementation for ThreadExecutor
2019-11-02 17:36:58.838 [main] INFO  org.quartz.core.SchedulerSignalerImpl:61 - Initialized Scheduler Signaller of type: class org.quartz.core.SchedulerSignalerImpl
2019-11-02 17:36:58.838 [main] INFO  org.quartz.core.QuartzScheduler:229 - Quartz Scheduler v.2.3.0 created.
2019-11-02 17:36:58.838 [main] INFO  o.s.scheduling.quartz.LocalDataSourceJobStore:672 - Using db table-based data access locking (synchronization).
2019-11-02 17:36:58.838 [main] INFO  o.s.scheduling.quartz.LocalDataSourceJobStore:145 - JobStoreCMT initialized.
2019-11-02 17:36:58.838 [main] INFO  org.quartz.core.QuartzScheduler:294 - Scheduler meta-data: Quartz Scheduler (v2.3.0) 'quartzScheduler' with instanceId 'NON_CLUSTERED'
  Scheduler class: 'org.quartz.core.QuartzScheduler' - running locally.
  NOT STARTED.
  Currently in standby mode.
  Number of jobs executed: 0
  Using thread pool 'org.quartz.simpl.SimpleThreadPool' - with 10 threads.
  Using job-store 'org.springframework.scheduling.quartz.LocalDataSourceJobStore' - which supports persistence. and is not clustered.

2019-11-02 17:36:58.838 [main] INFO  org.quartz.impl.StdSchedulerFactory:1362 - Quartz scheduler 'quartzScheduler' initialized from an externally provided properties instance.
2019-11-02 17:36:58.838 [main] INFO  org.quartz.impl.StdSchedulerFactory:1366 - Quartz scheduler version: 2.3.0
2019-11-02 17:36:58.838 [main] INFO  org.quartz.core.QuartzScheduler:2287 - JobFactory set to: org.springframework.scheduling.quartz.SpringBeanJobFactory@6c399d4
2019-11-02 17:37:00.751 [main] INFO  o.s.b.actuate.endpoint.web.EndpointLinksResolver:59 - Exposing 2 endpoint(s) beneath base path '/actuator'
2019-11-02 17:37:00.990 [main] INFO  s.d.s.w.PropertySourcedRequestMappingHandlerMapping:69 - Mapped URL path [/v2/api-docs] onto method [public org.springframework.http.ResponseEntity<springfox.documentation.spring.web.json.Json> springfox.documentation.swagger2.web.Swagger2Controller.getDocumentation(java.lang.String,javax.servlet.http.HttpServletRequest)]
2019-11-02 17:37:01.402 [main] INFO  o.s.scheduling.concurrent.ThreadPoolTaskExecutor:171 - Initializing ExecutorService 'applicationTaskExecutor'
2019-11-02 17:37:02.573 [main] INFO  s.d.s.web.plugins.DocumentationPluginsBootstrapper:160 - Context refreshed
2019-11-02 17:37:02.620 [main] INFO  s.d.s.web.plugins.DocumentationPluginsBootstrapper:163 - Found 1 custom documentation plugin(s)
2019-11-02 17:37:02.667 [main] INFO  s.d.spring.web.scanners.ApiListingReferenceScanner:41 - Scanning for api listing references
2019-11-02 17:37:02.943 [main] INFO  o.s.scheduling.quartz.SchedulerFactoryBean:726 - Starting Quartz Scheduler now
2019-11-02 17:37:03.199 [main] INFO  o.s.scheduling.quartz.LocalDataSourceJobStore:866 - Freed 0 triggers from 'acquired' / 'blocked' state.
2019-11-02 17:37:03.214 [main] INFO  o.s.scheduling.quartz.LocalDataSourceJobStore:876 - Recovering 0 jobs that were in-progress at the time of the last shut-down.
2019-11-02 17:37:03.214 [main] INFO  o.s.scheduling.quartz.LocalDataSourceJobStore:889 - Recovery complete.
2019-11-02 17:37:03.214 [main] INFO  o.s.scheduling.quartz.LocalDataSourceJobStore:896 - Removed 0 'complete' triggers.
2019-11-02 17:37:03.214 [main] INFO  o.s.scheduling.quartz.LocalDataSourceJobStore:901 - Removed 0 stale fired job entries.
2019-11-02 17:37:03.233 [main] INFO  org.quartz.core.QuartzScheduler:547 - Scheduler quartzScheduler_$_NON_CLUSTERED started.
2019-11-02 17:37:03.255 [main] INFO  org.apache.coyote.http11.Http11NioProtocol:173 - Starting ProtocolHandler ["http-nio-8889"]
2019-11-02 17:37:03.312 [main] INFO  o.s.boot.web.embedded.tomcat.TomcatWebServer:204 - Tomcat started on port(s): 8889 (http) with context path '/jeecg-boot'
2019-11-02 17:37:03.315 [main] INFO  org.jeecg.JeecgApplication:59 - Started JeecgApplication in 17.259 seconds (JVM running for 18.53)
2019-11-02 17:37:03.332 [main] INFO  org.jeecg.JeecgApplication:26 - 
----------------------------------------------------------
	Application Jeecg-Boot is running! Access URLs:
	Local: 		http://localhost:8889/jeecg-boot/
	External: 	http://192.168.60.115:8889/jeecg-boot/
	swagger-ui: 	http://192.168.60.115:8889/jeecg-boot/swagger-ui.html
	Doc: 		http://192.168.60.115:8889/jeecg-boot/doc.html
----------------------------------------------------------
2019-11-02 17:40:47.956 [http-nio-8889-exec-1] INFO  o.a.c.c.C.[Tomcat].[localhost].[/jeecg-boot]:173 - Initializing Spring DispatcherServlet 'dispatcherServlet'
2019-11-02 17:40:47.967 [http-nio-8889-exec-1] INFO  org.springframework.web.servlet.DispatcherServlet:524 - Initializing Servlet 'dispatcherServlet'
2019-11-02 17:40:47.996 [http-nio-8889-exec-1] INFO  org.springframework.web.servlet.DispatcherServlet:546 - Completed initialization in 28 ms
2019-11-02 17:40:48.726 [http-nio-8889-exec-1] INFO  io.lettuce.core.EpollProvider:68 - Starting without optional epoll library
2019-11-02 17:40:48.730 [http-nio-8889-exec-1] INFO  io.lettuce.core.KqueueProvider:70 - Starting without optional kqueue library
2019-11-02 17:40:52.361 [http-nio-8889-exec-2] INFO  o.j.m.system.controller.SysPermissionController:120 -  ------ 通过令牌获取用户拥有的访问菜单 ---- TOKEN ------ eyJ0eXAiOiJKV1QiLCJhbGciOiJIUzI1NiJ9.eyJleHAiOjE1NzI2ODk0NDgsInVzZXJuYW1lIjoiYWRtaW4ifQ.DK5uzcBYPCyw8Nv8Skt_fbe-dX-IvP66XdulKErH4xw
2019-11-02 17:40:53.503 [http-nio-8889-exec-4] INFO  o.j.modules.system.controller.SysDictController:127 -  dictCode : cgform_table_type
2019-11-02 17:40:53.585 [http-nio-8889-exec-4] INFO  o.j.modules.system.service.impl.SysDictServiceImpl:48 - 无缓存dictCache的时候调用这里！
2019-11-02 17:40:53.630 [http-nio-8889-exec-4] INFO  o.j.modules.system.controller.SysDictController:160 - Result(success=true, message=操作成功！, code=0, result=[DictModel(value=1, text=单表), DictModel(value=2, text=主表), DictModel(value=3, text=附表)], timestamp=1572687653504)
2019-11-02 17:40:53.959 [http-nio-8889-exec-6] INFO  o.j.modules.system.controller.SysDictController:127 -  dictCode : cgform_table_type
2019-11-02 17:40:53.980 [http-nio-8889-exec-6] INFO  o.j.modules.system.controller.SysDictController:160 - Result(success=true, message=操作成功！, code=0, result=[DictModel(value=1, text=单表), DictModel(value=2, text=主表), DictModel(value=3, text=附表)], timestamp=1572687653960)
2019-11-02 17:41:12.937 [http-nio-8889-exec-1] INFO  o.j.modules.system.controller.SysDictController:127 -  dictCode : global_perms_type
2019-11-02 17:41:12.937 [http-nio-8889-exec-2] INFO  o.j.modules.system.controller.SysDictController:127 -  dictCode : valid_status
2019-11-02 17:41:12.943 [http-nio-8889-exec-1] INFO  o.j.modules.system.service.impl.SysDictServiceImpl:48 - 无缓存dictCache的时候调用这里！
2019-11-02 17:41:12.944 [http-nio-8889-exec-2] INFO  o.j.modules.system.service.impl.SysDictServiceImpl:48 - 无缓存dictCache的时候调用这里！
2019-11-02 17:41:12.965 [http-nio-8889-exec-1] INFO  o.j.modules.system.controller.SysDictController:160 - Result(success=true, message=操作成功！, code=0, result=[DictModel(value=1, text=显示/访问(授权后显示/可访问)), DictModel(value=2, text=可编辑(未授权时禁用))], timestamp=1572687672939)
2019-11-02 17:41:12.966 [http-nio-8889-exec-2] INFO  o.j.modules.system.controller.SysDictController:160 - Result(success=true, message=操作成功！, code=0, result=[DictModel(value=0, text=无效), DictModel(value=1, text=有效)], timestamp=1572687672939)
2019-11-02 17:43:05.531 [http-nio-8889-exec-5] INFO  o.j.modules.system.controller.SysDictController:127 -  dictCode : orderStatus
2019-11-02 17:43:05.541 [http-nio-8889-exec-5] INFO  o.j.modules.system.service.impl.SysDictServiceImpl:48 - 无缓存dictCache的时候调用这里！
2019-11-02 17:43:05.550 [http-nio-8889-exec-5] INFO  o.j.modules.system.controller.SysDictController:160 - Result(success=true, message=操作成功！, code=0, result=[DictModel(value=1, text=待处理), DictModel(value=4, text=已销售), DictModel(value=5, text=已开票), DictModel(value=3, text=工具取回), DictModel(value=2, text=已送货)], timestamp=1572687785537)
2019-11-02 17:51:57.008 [http-nio-8889-exec-6] INFO  org.jeecg.modules.shiro.authc.ShiroRealm:61 - ————权限认证 [ roles、permissions]————
2019-11-02 17:51:57.040 [http-nio-8889-exec-6] INFO  o.j.modules.system.service.impl.SysUserServiceImpl:107 - -------通过数据库读取用户拥有的角色Rules------username： admin,Roles size: 1
2019-11-02 17:51:57.097 [http-nio-8889-exec-6] INFO  o.j.modules.system.service.impl.SysUserServiceImpl:131 - -------通过数据库读取用户拥有的权限Perms------username： admin,Perms size: 9
2019-11-02 17:51:57.105 [http-nio-8889-exec-6] INFO  org.jeecg.modules.shiro.authc.ShiroRealm:61 - ————权限认证 [ roles、permissions]————
2019-11-02 17:53:30.053 [http-nio-8889-exec-5] INFO  o.j.modules.system.service.impl.SysDictServiceImpl:62 - 无缓存dictText的时候调用这里！
2019-11-02 17:53:30.065 [http-nio-8889-exec-5] INFO  o.j.modules.system.service.impl.SysDictServiceImpl:62 - 无缓存dictText的时候调用这里！
2019-11-02 17:53:30.080 [http-nio-8889-exec-5] INFO  o.j.modules.system.service.impl.SysDictServiceImpl:62 - 无缓存dictText的时候调用这里！
2019-11-02 17:54:16.082 [http-nio-8889-exec-9] INFO  o.j.modules.system.controller.SysDictController:127 -  dictCode : activiti_sync
2019-11-02 17:54:16.088 [http-nio-8889-exec-9] INFO  o.j.modules.system.service.impl.SysDictServiceImpl:48 - 无缓存dictCache的时候调用这里！
2019-11-02 17:54:16.102 [http-nio-8889-exec-9] INFO  o.j.modules.system.controller.SysDictController:160 - Result(success=true, message=操作成功！, code=0, result=[DictModel(value=1, text=同步), DictModel(value=0, text=不同步)], timestamp=1572688456085)
