2019-12-04 15:31:51.521 [main] INFO  org.jeecg.JeecgApplication:50 - Starting JeecgApplication on DESKTOP-89SVNT6 with PID 13176 (D:\CSM\jeecg-boot-master\jeecg-boot\jeecg-boot-module-system\target\classes started by dell in D:\CSM\jeecg-boot-master\jeecg-boot\jeecg-boot-module-system)
2019-12-04 15:31:51.531 [main] INFO  org.jeecg.JeecgApplication:679 - The following profiles are active: dev
2019-12-04 15:31:55.907 [main] INFO  o.s.d.r.config.RepositoryConfigurationDelegate:244 - Multiple Spring Data modules found, entering strict repository configuration mode!
2019-12-04 15:31:55.914 [main] INFO  o.s.d.r.config.RepositoryConfigurationDelegate:126 - Bootstrapping Spring Data repositories in DEFAULT mode.
2019-12-04 15:31:56.119 [main] INFO  o.s.d.r.config.RepositoryConfigurationDelegate:182 - Finished Spring Data repository scanning in 158ms. Found 0 repository interfaces.
2019-12-04 15:31:57.122 [main] INFO  o.s.c.s.PostProcessorRegistrationDelegate$BeanPostProcessorChecker:330 - Bean 'shiroConfig' of type [org.jeecg.config.ShiroConfig$$EnhancerBySpringCGLIB$$399731ed] is not eligible for getting processed by all BeanPostProcessors (for example: not eligible for auto-proxying)
2019-12-04 15:31:57.378 [main] INFO  o.s.c.s.PostProcessorRegistrationDelegate$BeanPostProcessorChecker:330 - Bean 'shiroRealm' of type [org.jeecg.modules.shiro.authc.ShiroRealm] is not eligible for getting processed by all BeanPostProcessors (for example: not eligible for auto-proxying)
2019-12-04 15:31:58.978 [main] INFO  o.s.c.s.PostProcessorRegistrationDelegate$BeanPostProcessorChecker:330 - Bean 'securityManager' of type [org.apache.shiro.web.mgt.DefaultWebSecurityManager] is not eligible for getting processed by all BeanPostProcessors (for example: not eligible for auto-proxying)
2019-12-04 15:31:59.079 [main] INFO  o.s.c.s.PostProcessorRegistrationDelegate$BeanPostProcessorChecker:330 - Bean 'authorizationAttributeSourceAdvisor' of type [org.apache.shiro.spring.security.interceptor.AuthorizationAttributeSourceAdvisor] is not eligible for getting processed by all BeanPostProcessors (for example: not eligible for auto-proxying)
2019-12-04 15:31:59.172 [main] INFO  o.s.c.s.PostProcessorRegistrationDelegate$BeanPostProcessorChecker:330 - Bean 'org.springframework.transaction.annotation.ProxyTransactionManagementConfiguration' of type [org.springframework.transaction.annotation.ProxyTransactionManagementConfiguration$$EnhancerBySpringCGLIB$$1991c857] is not eligible for getting processed by all BeanPostProcessors (for example: not eligible for auto-proxying)
2019-12-04 15:31:59.440 [main] INFO  o.s.c.s.PostProcessorRegistrationDelegate$BeanPostProcessorChecker:330 - Bean 'spring.datasource.dynamic-com.baomidou.dynamic.datasource.spring.boot.autoconfigure.DynamicDataSourceProperties' of type [com.baomidou.dynamic.datasource.spring.boot.autoconfigure.DynamicDataSourceProperties] is not eligible for getting processed by all BeanPostProcessors (for example: not eligible for auto-proxying)
2019-12-04 15:31:59.447 [main] INFO  o.s.c.s.PostProcessorRegistrationDelegate$BeanPostProcessorChecker:330 - Bean 'com.baomidou.dynamic.datasource.spring.boot.autoconfigure.DynamicDataSourceAutoConfiguration' of type [com.baomidou.dynamic.datasource.spring.boot.autoconfigure.DynamicDataSourceAutoConfiguration$$EnhancerBySpringCGLIB$$83203928] is not eligible for getting processed by all BeanPostProcessors (for example: not eligible for auto-proxying)
2019-12-04 15:31:59.458 [main] INFO  o.s.c.s.PostProcessorRegistrationDelegate$BeanPostProcessorChecker:330 - Bean 'dsProcessor' of type [com.baomidou.dynamic.datasource.processor.DsHeaderProcessor] is not eligible for getting processed by all BeanPostProcessors (for example: not eligible for auto-proxying)
2019-12-04 15:31:59.468 [main] INFO  o.s.c.s.PostProcessorRegistrationDelegate$BeanPostProcessorChecker:330 - Bean 'dynamicDatasourceAnnotationAdvisor' of type [com.baomidou.dynamic.datasource.aop.DynamicDataSourceAnnotationAdvisor] is not eligible for getting processed by all BeanPostProcessors (for example: not eligible for auto-proxying)
2019-12-04 15:31:59.492 [main] INFO  o.s.c.s.PostProcessorRegistrationDelegate$BeanPostProcessorChecker:330 - Bean 'spring.redis-org.springframework.boot.autoconfigure.data.redis.RedisProperties' of type [org.springframework.boot.autoconfigure.data.redis.RedisProperties] is not eligible for getting processed by all BeanPostProcessors (for example: not eligible for auto-proxying)
2019-12-04 15:31:59.504 [main] INFO  o.s.c.s.PostProcessorRegistrationDelegate$BeanPostProcessorChecker:330 - Bean 'org.springframework.boot.autoconfigure.data.redis.LettuceConnectionConfiguration' of type [org.springframework.boot.autoconfigure.data.redis.LettuceConnectionConfiguration$$EnhancerBySpringCGLIB$$2eab86a1] is not eligible for getting processed by all BeanPostProcessors (for example: not eligible for auto-proxying)
2019-12-04 15:31:59.783 [main] INFO  o.s.c.s.PostProcessorRegistrationDelegate$BeanPostProcessorChecker:330 - Bean 'lettuceClientResources' of type [io.lettuce.core.resource.DefaultClientResources] is not eligible for getting processed by all BeanPostProcessors (for example: not eligible for auto-proxying)
2019-12-04 15:32:00.104 [main] INFO  o.s.c.s.PostProcessorRegistrationDelegate$BeanPostProcessorChecker:330 - Bean 'redisConnectionFactory' of type [org.springframework.data.redis.connection.lettuce.LettuceConnectionFactory] is not eligible for getting processed by all BeanPostProcessors (for example: not eligible for auto-proxying)
2019-12-04 15:32:00.147 [main] INFO  o.s.c.s.PostProcessorRegistrationDelegate$BeanPostProcessorChecker:330 - Bean 'redisConfig' of type [org.jeecg.config.RedisConfig$$EnhancerBySpringCGLIB$$8465b937] is not eligible for getting processed by all BeanPostProcessors (for example: not eligible for auto-proxying)
2019-12-04 15:32:00.234 [main] INFO  o.s.c.s.PostProcessorRegistrationDelegate$BeanPostProcessorChecker:330 - Bean 'org.apache.shiro.spring.boot.autoconfigure.ShiroBeanAutoConfiguration' of type [org.apache.shiro.spring.boot.autoconfigure.ShiroBeanAutoConfiguration$$EnhancerBySpringCGLIB$$2caaa607] is not eligible for getting processed by all BeanPostProcessors (for example: not eligible for auto-proxying)
2019-12-04 15:32:00.248 [main] INFO  o.s.c.s.PostProcessorRegistrationDelegate$BeanPostProcessorChecker:330 - Bean 'eventBus' of type [org.apache.shiro.event.support.DefaultEventBus] is not eligible for getting processed by all BeanPostProcessors (for example: not eligible for auto-proxying)
2019-12-04 15:32:01.153 [main] INFO  o.s.boot.web.embedded.tomcat.TomcatWebServer:90 - Tomcat initialized with port(s): 8889 (http)
2019-12-04 15:32:01.174 [main] INFO  org.apache.coyote.http11.Http11NioProtocol:173 - Initializing ProtocolHandler ["http-nio-8889"]
2019-12-04 15:32:01.199 [main] INFO  org.apache.catalina.core.StandardService:173 - Starting service [Tomcat]
2019-12-04 15:32:01.200 [main] INFO  org.apache.catalina.core.StandardEngine:173 - Starting Servlet engine: [Apache Tomcat/9.0.16]
2019-12-04 15:32:01.218 [main] INFO  org.apache.catalina.core.AprLifecycleListener:173 - The APR based Apache Tomcat Native library which allows optimal performance in production environments was not found on the java.library.path: [C:\Program Files\Java\jre1.8.0_191\bin;C:\WINDOWS\Sun\Java\bin;C:\WINDOWS\system32;C:\WINDOWS;C:/Program Files/Java/jre1.8.0_191/bin/server;C:/Program Files/Java/jre1.8.0_191/bin;C:/Program Files/Java/jre1.8.0_191/lib/amd64;C:\Program Files (x86)\NetSarang\Xftp 6\;C:\Program Files (x86)\Common Files\Oracle\Java\javapath;C:\WINDOWS\system32;C:\WINDOWS;C:\WINDOWS\System32\Wbem;C:\WINDOWS\System32\WindowsPowerShell\v1.0\;C:\Program Files\Java\jdk1.8.0_191\bin;C:\Program Files\Java\jdk1.8.0_191\jre\bin;D:\MYSQL\mysql-5.7.24-winx64\bin;C:\WINDOWS\System32\OpenSSH\;C:\Program Files\dotnet\;C:\Program Files\Git\cmd;C:\Program Files (x86)\Yarn\bin\;C:\Program Files\nodejs\;C:\Program Files\TortoiseSVN\bin;C:\Users\dell\AppData\Local\Microsoft\WindowsApps;C:\Program Files\nodejs\node_global;C:\Users\dell\AppData\Local\Programs\Microsoft VS Code\bin;C:\Users\dell\AppData\Local\Yarn\bin;C:\Users\dell\AppData\Roaming\npm;C:\Users\dell\Desktop;;.]
2019-12-04 15:32:01.394 [main] INFO  o.a.c.c.C.[Tomcat].[localhost].[/jeecg-boot]:173 - Initializing Spring embedded WebApplicationContext
2019-12-04 15:32:01.395 [main] INFO  org.springframework.web.context.ContextLoader:296 - Root WebApplicationContext: initialization completed in 9711 ms
2019-12-04 15:32:01.900 [main] INFO  c.b.dynamic.datasource.DynamicDataSourceCreator:113 - 动态数据源-检测到druid存在,如配置中未指定type,druid会默认配置
2019-12-04 15:32:07.384 [main] INFO  com.alibaba.druid.pool.DruidDataSource:1003 - {dataSource-1,master} inited
2019-12-04 15:32:07.387 [main] INFO  c.b.dynamic.datasource.DynamicRoutingDataSource:203 - 初始共加载 1 个数据源
2019-12-04 15:32:07.388 [main] INFO  c.b.dynamic.datasource.DynamicRoutingDataSource:142 - 动态数据源-加载 master 成功
2019-12-04 15:32:07.388 [main] INFO  c.b.dynamic.datasource.DynamicRoutingDataSource:212 - 当前的默认数据源是单数据源，数据源名为 master
2019-12-04 15:32:11.770 [main] INFO  org.quartz.impl.StdSchedulerFactory:1208 - Using default implementation for ThreadExecutor
2019-12-04 15:32:11.794 [main] INFO  org.quartz.core.SchedulerSignalerImpl:61 - Initialized Scheduler Signaller of type: class org.quartz.core.SchedulerSignalerImpl
2019-12-04 15:32:11.795 [main] INFO  org.quartz.core.QuartzScheduler:229 - Quartz Scheduler v.2.3.0 created.
2019-12-04 15:32:11.799 [main] INFO  o.s.scheduling.quartz.LocalDataSourceJobStore:672 - Using db table-based data access locking (synchronization).
2019-12-04 15:32:11.802 [main] INFO  o.s.scheduling.quartz.LocalDataSourceJobStore:145 - JobStoreCMT initialized.
2019-12-04 15:32:11.803 [main] INFO  org.quartz.core.QuartzScheduler:294 - Scheduler meta-data: Quartz Scheduler (v2.3.0) 'quartzScheduler' with instanceId 'NON_CLUSTERED'
  Scheduler class: 'org.quartz.core.QuartzScheduler' - running locally.
  NOT STARTED.
  Currently in standby mode.
  Number of jobs executed: 0
  Using thread pool 'org.quartz.simpl.SimpleThreadPool' - with 10 threads.
  Using job-store 'org.springframework.scheduling.quartz.LocalDataSourceJobStore' - which supports persistence. and is not clustered.

2019-12-04 15:32:11.804 [main] INFO  org.quartz.impl.StdSchedulerFactory:1362 - Quartz scheduler 'quartzScheduler' initialized from an externally provided properties instance.
2019-12-04 15:32:11.804 [main] INFO  org.quartz.impl.StdSchedulerFactory:1366 - Quartz scheduler version: 2.3.0
2019-12-04 15:32:11.805 [main] INFO  org.quartz.core.QuartzScheduler:2287 - JobFactory set to: org.springframework.scheduling.quartz.SpringBeanJobFactory@5cfa9e8a
2019-12-04 15:32:14.335 [main] INFO  o.s.b.actuate.endpoint.web.EndpointLinksResolver:59 - Exposing 2 endpoint(s) beneath base path '/actuator'
2019-12-04 15:32:14.602 [main] INFO  s.d.s.w.PropertySourcedRequestMappingHandlerMapping:69 - Mapped URL path [/v2/api-docs] onto method [public org.springframework.http.ResponseEntity<springfox.documentation.spring.web.json.Json> springfox.documentation.swagger2.web.Swagger2Controller.getDocumentation(java.lang.String,javax.servlet.http.HttpServletRequest)]
2019-12-04 15:32:14.991 [main] INFO  o.s.scheduling.concurrent.ThreadPoolTaskExecutor:171 - Initializing ExecutorService 'applicationTaskExecutor'
2019-12-04 15:32:16.514 [main] INFO  s.d.s.web.plugins.DocumentationPluginsBootstrapper:160 - Context refreshed
2019-12-04 15:32:16.556 [main] INFO  s.d.s.web.plugins.DocumentationPluginsBootstrapper:163 - Found 1 custom documentation plugin(s)
2019-12-04 15:32:16.621 [main] INFO  s.d.spring.web.scanners.ApiListingReferenceScanner:41 - Scanning for api listing references
2019-12-04 15:32:16.923 [main] INFO  o.s.scheduling.quartz.SchedulerFactoryBean:726 - Starting Quartz Scheduler now
2019-12-04 15:32:17.911 [main] INFO  o.s.scheduling.quartz.LocalDataSourceJobStore:866 - Freed 0 triggers from 'acquired' / 'blocked' state.
2019-12-04 15:32:18.093 [main] INFO  o.s.scheduling.quartz.LocalDataSourceJobStore:876 - Recovering 0 jobs that were in-progress at the time of the last shut-down.
2019-12-04 15:32:18.093 [main] INFO  o.s.scheduling.quartz.LocalDataSourceJobStore:889 - Recovery complete.
2019-12-04 15:32:18.105 [main] INFO  o.s.scheduling.quartz.LocalDataSourceJobStore:896 - Removed 0 'complete' triggers.
2019-12-04 15:32:18.115 [main] INFO  o.s.scheduling.quartz.LocalDataSourceJobStore:901 - Removed 0 stale fired job entries.
2019-12-04 15:32:18.123 [main] INFO  org.quartz.core.QuartzScheduler:547 - Scheduler quartzScheduler_$_NON_CLUSTERED started.
2019-12-04 15:32:18.136 [main] INFO  org.apache.coyote.http11.Http11NioProtocol:173 - Starting ProtocolHandler ["http-nio-8889"]
2019-12-04 15:32:18.195 [main] INFO  o.s.boot.web.embedded.tomcat.TomcatWebServer:204 - Tomcat started on port(s): 8889 (http) with context path '/jeecg-boot'
2019-12-04 15:32:18.198 [main] INFO  org.jeecg.JeecgApplication:59 - Started JeecgApplication in 27.28 seconds (JVM running for 31.022)
2019-12-04 15:32:18.257 [main] INFO  org.jeecg.JeecgApplication:26 - 
----------------------------------------------------------
	Application Jeecg-Boot is running! Access URLs:
	Local: 		http://localhost:8889/jeecg-boot/
	External: 	http://192.168.61.117:8889/jeecg-boot/
	swagger-ui: 	http://192.168.61.117:8889/jeecg-boot/swagger-ui.html
	Doc: 		http://192.168.61.117:8889/jeecg-boot/doc.html
----------------------------------------------------------
2019-12-04 15:39:25.728 [http-nio-8889-exec-2] INFO  o.a.c.c.C.[Tomcat].[localhost].[/jeecg-boot]:173 - Initializing Spring DispatcherServlet 'dispatcherServlet'
2019-12-04 15:39:26.348 [http-nio-8889-exec-2] INFO  org.springframework.web.servlet.DispatcherServlet:524 - Initializing Servlet 'dispatcherServlet'
2019-12-04 15:39:33.324 [http-nio-8889-exec-2] INFO  org.springframework.web.servlet.DispatcherServlet:546 - Completed initialization in 6921 ms
2019-12-04 15:39:41.899 [http-nio-8889-exec-2] ERROR o.a.c.c.C.[.[.[/jeecg-boot].[dispatcherServlet]:175 - Servlet.service() for servlet [dispatcherServlet] in context with path [/jeecg-boot] threw exception [org.apache.shiro.authc.AuthenticationException: Token失效，请重新登录] with root cause
org.apache.shiro.authc.AuthenticationException: 用户不存在!
	at org.jeecg.modules.shiro.authc.ShiroRealm.checkUserTokenIsEffect(ShiroRealm.java:114)
	at org.jeecg.modules.shiro.authc.ShiroRealm.doGetAuthenticationInfo(ShiroRealm.java:94)
	at org.apache.shiro.realm.AuthenticatingRealm.getAuthenticationInfo(AuthenticatingRealm.java:571)
	at org.apache.shiro.authc.pam.ModularRealmAuthenticator.doSingleRealmAuthentication(ModularRealmAuthenticator.java:180)
	at org.apache.shiro.authc.pam.ModularRealmAuthenticator.doAuthenticate(ModularRealmAuthenticator.java:267)
	at org.apache.shiro.authc.AbstractAuthenticator.authenticate(AbstractAuthenticator.java:198)
	at org.apache.shiro.mgt.AuthenticatingSecurityManager.authenticate(AuthenticatingSecurityManager.java:106)
	at org.apache.shiro.mgt.DefaultSecurityManager.login(DefaultSecurityManager.java:274)
	at org.apache.shiro.subject.support.DelegatingSubject.login(DelegatingSubject.java:260)
	at org.jeecg.modules.shiro.authc.aop.JwtFilter.executeLogin(JwtFilter.java:51)
	at org.jeecg.modules.shiro.authc.aop.JwtFilter.isAccessAllowed(JwtFilter.java:34)
	at org.apache.shiro.web.filter.AccessControlFilter.onPreHandle(AccessControlFilter.java:162)
	at org.apache.shiro.web.filter.PathMatchingFilter.isFilterChainContinued(PathMatchingFilter.java:203)
	at org.apache.shiro.web.filter.PathMatchingFilter.preHandle(PathMatchingFilter.java:178)
	at org.jeecg.modules.shiro.authc.aop.JwtFilter.preHandle(JwtFilter.java:71)
	at org.apache.shiro.web.servlet.AdviceFilter.doFilterInternal(AdviceFilter.java:131)
	at org.apache.shiro.web.servlet.OncePerRequestFilter.doFilter(OncePerRequestFilter.java:125)
	at org.apache.shiro.web.servlet.ProxiedFilterChain.doFilter(ProxiedFilterChain.java:66)
	at org.apache.shiro.web.servlet.AbstractShiroFilter.executeChain(AbstractShiroFilter.java:449)
	at org.apache.shiro.web.servlet.AbstractShiroFilter$1.call(AbstractShiroFilter.java:365)
	at org.apache.shiro.subject.support.SubjectCallable.doCall(SubjectCallable.java:90)
	at org.apache.shiro.subject.support.SubjectCallable.call(SubjectCallable.java:83)
	at org.apache.shiro.subject.support.DelegatingSubject.execute(DelegatingSubject.java:387)
	at org.apache.shiro.web.servlet.AbstractShiroFilter.doFilterInternal(AbstractShiroFilter.java:362)
	at org.apache.shiro.web.servlet.OncePerRequestFilter.doFilter(OncePerRequestFilter.java:125)
	at org.apache.catalina.core.ApplicationFilterChain.internalDoFilter(ApplicationFilterChain.java:193)
	at org.apache.catalina.core.ApplicationFilterChain.doFilter(ApplicationFilterChain.java:166)
	at com.alibaba.druid.support.http.WebStatFilter.doFilter(WebStatFilter.java:124)
	at org.apache.catalina.core.ApplicationFilterChain.internalDoFilter(ApplicationFilterChain.java:193)
	at org.apache.catalina.core.ApplicationFilterChain.doFilter(ApplicationFilterChain.java:166)
	at org.springframework.boot.actuate.web.trace.servlet.HttpTraceFilter.doFilterInternal(HttpTraceFilter.java:90)
	at org.springframework.web.filter.OncePerRequestFilter.doFilter(OncePerRequestFilter.java:107)
	at org.apache.catalina.core.ApplicationFilterChain.internalDoFilter(ApplicationFilterChain.java:193)
	at org.apache.catalina.core.ApplicationFilterChain.doFilter(ApplicationFilterChain.java:166)
	at org.springframework.web.filter.RequestContextFilter.doFilterInternal(RequestContextFilter.java:99)
	at org.springframework.web.filter.OncePerRequestFilter.doFilter(OncePerRequestFilter.java:107)
	at org.apache.catalina.core.ApplicationFilterChain.internalDoFilter(ApplicationFilterChain.java:193)
	at org.apache.catalina.core.ApplicationFilterChain.doFilter(ApplicationFilterChain.java:166)
	at org.springframework.web.filter.FormContentFilter.doFilterInternal(FormContentFilter.java:92)
	at org.springframework.web.filter.OncePerRequestFilter.doFilter(OncePerRequestFilter.java:107)
	at org.apache.catalina.core.ApplicationFilterChain.internalDoFilter(ApplicationFilterChain.java:193)
	at org.apache.catalina.core.ApplicationFilterChain.doFilter(ApplicationFilterChain.java:166)
	at org.springframework.web.filter.HiddenHttpMethodFilter.doFilterInternal(HiddenHttpMethodFilter.java:93)
	at org.springframework.web.filter.OncePerRequestFilter.doFilter(OncePerRequestFilter.java:107)
	at org.apache.catalina.core.ApplicationFilterChain.internalDoFilter(ApplicationFilterChain.java:193)
	at org.apache.catalina.core.ApplicationFilterChain.doFilter(ApplicationFilterChain.java:166)
	at org.springframework.boot.actuate.metrics.web.servlet.WebMvcMetricsFilter.filterAndRecordMetrics(WebMvcMetricsFilter.java:117)
	at org.springframework.boot.actuate.metrics.web.servlet.WebMvcMetricsFilter.doFilterInternal(WebMvcMetricsFilter.java:106)
	at org.springframework.web.filter.OncePerRequestFilter.doFilter(OncePerRequestFilter.java:107)
	at org.apache.catalina.core.ApplicationFilterChain.internalDoFilter(ApplicationFilterChain.java:193)
	at org.apache.catalina.core.ApplicationFilterChain.doFilter(ApplicationFilterChain.java:166)
	at org.springframework.web.filter.CharacterEncodingFilter.doFilterInternal(CharacterEncodingFilter.java:200)
	at org.springframework.web.filter.OncePerRequestFilter.doFilter(OncePerRequestFilter.java:107)
	at org.apache.catalina.core.ApplicationFilterChain.internalDoFilter(ApplicationFilterChain.java:193)
	at org.apache.catalina.core.ApplicationFilterChain.doFilter(ApplicationFilterChain.java:166)
	at org.apache.catalina.core.StandardWrapperValve.invoke(StandardWrapperValve.java:200)
	at org.apache.catalina.core.StandardContextValve.invoke(StandardContextValve.java:96)
	at org.apache.catalina.authenticator.AuthenticatorBase.invoke(AuthenticatorBase.java:490)
	at org.apache.catalina.core.StandardHostValve.invoke(StandardHostValve.java:139)
	at org.apache.catalina.valves.ErrorReportValve.invoke(ErrorReportValve.java:92)
	at org.apache.catalina.core.StandardEngineValve.invoke(StandardEngineValve.java:74)
	at org.apache.catalina.connector.CoyoteAdapter.service(CoyoteAdapter.java:343)
	at org.apache.coyote.http11.Http11Processor.service(Http11Processor.java:408)
	at org.apache.coyote.AbstractProcessorLight.process(AbstractProcessorLight.java:66)
	at org.apache.coyote.AbstractProtocol$ConnectionHandler.process(AbstractProtocol.java:834)
	at org.apache.tomcat.util.net.NioEndpoint$SocketProcessor.doRun(NioEndpoint.java:1415)
	at org.apache.tomcat.util.net.SocketProcessorBase.run(SocketProcessorBase.java:49)
	at java.util.concurrent.ThreadPoolExecutor.runWorker(Unknown Source)
	at java.util.concurrent.ThreadPoolExecutor$Worker.run(Unknown Source)
	at org.apache.tomcat.util.threads.TaskThread$WrappingRunnable.run(TaskThread.java:61)
	at java.lang.Thread.run(Unknown Source)
2019-12-04 15:39:45.486 [http-nio-8889-exec-4] INFO  io.lettuce.core.EpollProvider:68 - Starting without optional epoll library
2019-12-04 15:39:45.536 [http-nio-8889-exec-4] INFO  io.lettuce.core.KqueueProvider:70 - Starting without optional kqueue library
2019-12-04 15:40:15.509 [http-nio-8889-exec-6] INFO  o.j.m.system.controller.SysPermissionController:120 -  ------ 通过令牌获取用户拥有的访问菜单 ---- TOKEN ------ eyJ0eXAiOiJKV1QiLCJhbGciOiJIUzI1NiJ9.eyJleHAiOjE1NzU0NDcwMTQsInVzZXJuYW1lIjoiYWRtaW4ifQ.GU6wBkXsAls_vBLxupszZ1F-etvDG8gObs-LfHcrzwc
2019-12-04 15:40:52.582 [http-nio-8889-exec-4] INFO  o.j.modules.system.controller.SysDictController:127 -  dictCode : purchaseStatus
2019-12-04 15:40:57.248 [http-nio-8889-exec-1] INFO  o.j.m.demo.system.controller.CsmSysdictController:73 - Result(success=true, message=操作成功！, code=0, result=[CsmBom(id=1199141056379756545, name=桌子, species=4*4, code=12636, model=45/69, regnum=1233, supplierId=1198906387692503041, createBy=admin, createTime=Tue Nov 26 00:00:00 CST 2019, updateBy=admin, updateTime=Tue Nov 26 00:00:00 CST 2019, sysOrgCode=A01)], timestamp=1575445251208)
2019-12-04 15:40:58.175 [http-nio-8889-exec-4] INFO  o.j.modules.system.service.impl.SysDictServiceImpl:48 - 无缓存dictCache的时候调用这里！
2019-12-04 15:41:00.175 [http-nio-8889-exec-4] INFO  o.j.modules.system.controller.SysDictController:160 - Result(success=true, message=操作成功！, code=0, result=[DictModel(value=4, text=采购完成), DictModel(value=3, text=采购退货), DictModel(value=2, text=采购中), DictModel(value=1, text=待采购)], timestamp=1575445252583)
2019-12-04 15:44:28.250 [http-nio-8889-exec-1] INFO  o.j.modules.system.controller.SysDictController:127 -  dictCode : orderStatus
2019-12-04 15:44:28.251 [http-nio-8889-exec-9] INFO  o.j.m.demo.system.controller.CsmSysdictController:36 -  dictCode : csm_company
2019-12-04 15:44:28.255 [http-nio-8889-exec-1] INFO  o.j.modules.system.service.impl.SysDictServiceImpl:48 - 无缓存dictCache的时候调用这里！
2019-12-04 15:44:28.401 [http-nio-8889-exec-1] INFO  o.j.modules.system.controller.SysDictController:160 - Result(success=true, message=操作成功！, code=0, result=[DictModel(value=1, text=待处理), DictModel(value=4, text=已销售), DictModel(value=5, text=已开票), DictModel(value=3, text=工具取回), DictModel(value=2, text=已送货)], timestamp=1575445468251)
2019-12-04 15:44:28.442 [http-nio-8889-exec-9] INFO  o.j.m.demo.system.controller.CsmSysdictController:45 - Result(success=true, message=操作成功！, code=0, result=[DictModel(value=1199578235035893761, text=华为), DictModel(value=1199578306305507330, text=小米), DictModel(value=1199579264813023233, text=中兴)], timestamp=1575445468251)
2019-12-04 15:44:40.028 [http-nio-8889-exec-10] INFO  o.j.m.demo.system.controller.CsmSysdictController:36 -  dictCode : csm_suppiler
2019-12-04 15:44:40.134 [http-nio-8889-exec-10] INFO  o.j.m.demo.system.controller.CsmSysdictController:45 - Result(success=true, message=操作成功！, code=0, result=[DictModel(value=1198906387692503041, text=京东), DictModel(value=1198906626524561410, text=腾讯)], timestamp=1575445480029)
2019-12-04 15:49:32.815 [http-nio-8889-exec-5] INFO  o.j.modules.system.controller.SysDictController:127 -  dictCode : cgform_table_type
2019-12-04 15:49:32.818 [http-nio-8889-exec-5] INFO  o.j.modules.system.service.impl.SysDictServiceImpl:48 - 无缓存dictCache的时候调用这里！
2019-12-04 15:49:32.911 [http-nio-8889-exec-5] INFO  o.j.modules.system.controller.SysDictController:160 - Result(success=true, message=操作成功！, code=0, result=[DictModel(value=1, text=单表), DictModel(value=2, text=主表), DictModel(value=3, text=附表)], timestamp=1575445772816)
2019-12-04 15:49:33.061 [http-nio-8889-exec-1] INFO  o.j.modules.system.controller.SysDictController:127 -  dictCode : cgform_table_type
2019-12-04 15:49:33.068 [http-nio-8889-exec-1] INFO  o.j.modules.system.controller.SysDictController:160 - Result(success=true, message=操作成功！, code=0, result=[DictModel(value=1, text=单表), DictModel(value=2, text=主表), DictModel(value=3, text=附表)], timestamp=1575445773062)
2019-12-04 15:49:59.053 [http-nio-8889-exec-2] INFO  org.jeecg.modules.shiro.authc.ShiroRealm:61 - ————权限认证 [ roles、permissions]————
2019-12-04 15:49:59.070 [http-nio-8889-exec-2] INFO  o.j.modules.system.service.impl.SysUserServiceImpl:107 - -------通过数据库读取用户拥有的角色Rules------username： admin,Roles size: 1
2019-12-04 15:49:59.115 [http-nio-8889-exec-2] INFO  o.j.modules.system.service.impl.SysUserServiceImpl:131 - -------通过数据库读取用户拥有的权限Perms------username： admin,Perms size: 9
2019-12-04 15:49:59.119 [http-nio-8889-exec-2] INFO  org.jeecg.modules.shiro.authc.ShiroRealm:61 - ————权限认证 [ roles、permissions]————
2019-12-04 15:49:59.128 [http-nio-8889-exec-2] INFO  org.jeecg.modules.online.cgform.a.d:440 - [IP] [online数据库导入表]   --表名：csm_stock
2019-12-04 15:49:59.509 [http-nio-8889-exec-2] INFO  org.jeecg.modules.online.cgform.service.a.c:464 -   columnt : {"fieldDbName":"ID","fieldName":"id","filedComment":"id","fieldType":"java.lang.String","fieldDbType":"varchar","classType":"inputxt","classType_row":"","optionType":"*","charmaxLength":"64","precision":"","scale":"","nullable":"N","fieldLength":"null","fieldHref":"null","fieldValidType":"null","fieldDefault":"null","fieldShowType":"null","fieldOrderNum":"null","isKey":"null","isShow":"null","isShowList":"null","isQuery":"null","queryMode":"null","dictField":"null","dictTable":"null","dictText":"null"}
2019-12-04 15:49:59.510 [http-nio-8889-exec-2] INFO  org.jeecg.modules.online.cgform.service.a.c:464 -   columnt : {"fieldDbName":"SERIALNUM","fieldName":"serialnum","filedComment":"序列号","fieldType":"java.lang.String","fieldDbType":"varchar","classType":"inputxt","classType_row":"","optionType":"","charmaxLength":"64","precision":"","scale":"","nullable":"Y","fieldLength":"null","fieldHref":"null","fieldValidType":"null","fieldDefault":"null","fieldShowType":"null","fieldOrderNum":"null","isKey":"null","isShow":"null","isShowList":"null","isQuery":"null","queryMode":"null","dictField":"null","dictTable":"null","dictText":"null"}
2019-12-04 15:49:59.511 [http-nio-8889-exec-2] INFO  org.jeecg.modules.online.cgform.service.a.c:464 -   columnt : {"fieldDbName":"DATE","fieldName":"date","filedComment":"日期","fieldType":"java.util.Date","fieldDbType":"date","classType":"inputxt","classType_row":"","optionType":"","charmaxLength":"","precision":"","scale":"","nullable":"Y","fieldLength":"null","fieldHref":"null","fieldValidType":"null","fieldDefault":"null","fieldShowType":"null","fieldOrderNum":"null","isKey":"null","isShow":"null","isShowList":"null","isQuery":"null","queryMode":"null","dictField":"null","dictTable":"null","dictText":"null"}
2019-12-04 15:49:59.511 [http-nio-8889-exec-2] INFO  org.jeecg.modules.online.cgform.service.a.c:464 -   columnt : {"fieldDbName":"QUANTITY","fieldName":"quantity","filedComment":"数量","fieldType":"java.lang.Integer","fieldDbType":"int","classType":"inputxt","classType_row":"","optionType":"","charmaxLength":"","precision":"10","scale":"0","nullable":"Y","fieldLength":"null","fieldHref":"null","fieldValidType":"null","fieldDefault":"null","fieldShowType":"null","fieldOrderNum":"null","isKey":"null","isShow":"null","isShowList":"null","isQuery":"null","queryMode":"null","dictField":"null","dictTable":"null","dictText":"null"}
2019-12-04 15:49:59.512 [http-nio-8889-exec-2] INFO  org.jeecg.modules.online.cgform.service.a.c:464 -   columnt : {"fieldDbName":"LOTNUM","fieldName":"lotnum","filedComment":"批号","fieldType":"java.lang.String","fieldDbType":"varchar","classType":"inputxt","classType_row":"","optionType":"","charmaxLength":"64","precision":"","scale":"","nullable":"Y","fieldLength":"null","fieldHref":"null","fieldValidType":"null","fieldDefault":"null","fieldShowType":"null","fieldOrderNum":"null","isKey":"null","isShow":"null","isShowList":"null","isQuery":"null","queryMode":"null","dictField":"null","dictTable":"null","dictText":"null"}
2019-12-04 15:49:59.512 [http-nio-8889-exec-2] INFO  org.jeecg.modules.online.cgform.service.a.c:464 -   columnt : {"fieldDbName":"VALUEDATE","fieldName":"valuedate","filedComment":"有效日期","fieldType":"java.util.Date","fieldDbType":"date","classType":"inputxt","classType_row":"","optionType":"","charmaxLength":"","precision":"","scale":"","nullable":"Y","fieldLength":"null","fieldHref":"null","fieldValidType":"null","fieldDefault":"null","fieldShowType":"null","fieldOrderNum":"null","isKey":"null","isShow":"null","isShowList":"null","isQuery":"null","queryMode":"null","dictField":"null","dictTable":"null","dictText":"null"}
2019-12-04 15:49:59.513 [http-nio-8889-exec-2] INFO  org.jeecg.modules.online.cgform.service.a.c:464 -   columnt : {"fieldDbName":"PD","fieldName":"pd","filedComment":"生产日期","fieldType":"java.util.Date","fieldDbType":"date","classType":"inputxt","classType_row":"","optionType":"","charmaxLength":"","precision":"","scale":"","nullable":"Y","fieldLength":"null","fieldHref":"null","fieldValidType":"null","fieldDefault":"null","fieldShowType":"null","fieldOrderNum":"null","isKey":"null","isShow":"null","isShowList":"null","isQuery":"null","queryMode":"null","dictField":"null","dictTable":"null","dictText":"null"}
2019-12-04 15:49:59.513 [http-nio-8889-exec-2] INFO  org.jeecg.modules.online.cgform.service.a.c:464 -   columnt : {"fieldDbName":"MJN","fieldName":"mjn","filedComment":"灭菌号","fieldType":"java.lang.String","fieldDbType":"varchar","classType":"inputxt","classType_row":"","optionType":"","charmaxLength":"64","precision":"","scale":"","nullable":"Y","fieldLength":"null","fieldHref":"null","fieldValidType":"null","fieldDefault":"null","fieldShowType":"null","fieldOrderNum":"null","isKey":"null","isShow":"null","isShowList":"null","isQuery":"null","queryMode":"null","dictField":"null","dictTable":"null","dictText":"null"}
2019-12-04 15:49:59.513 [http-nio-8889-exec-2] INFO  org.jeecg.modules.online.cgform.service.a.c:464 -   columnt : {"fieldDbName":"STOCKNAME","fieldName":"stockname","filedComment":"仓库名称","fieldType":"java.lang.String","fieldDbType":"varchar","classType":"inputxt","classType_row":"","optionType":"","charmaxLength":"64","precision":"","scale":"","nullable":"Y","fieldLength":"null","fieldHref":"null","fieldValidType":"null","fieldDefault":"null","fieldShowType":"null","fieldOrderNum":"null","isKey":"null","isShow":"null","isShowList":"null","isQuery":"null","queryMode":"null","dictField":"null","dictTable":"null","dictText":"null"}
2019-12-04 15:49:59.514 [http-nio-8889-exec-2] INFO  org.jeecg.modules.online.cgform.service.a.c:464 -   columnt : {"fieldDbName":"LOCATED","fieldName":"located","filedComment":"库位","fieldType":"java.lang.String","fieldDbType":"varchar","classType":"inputxt","classType_row":"","optionType":"","charmaxLength":"64","precision":"","scale":"","nullable":"Y","fieldLength":"null","fieldHref":"null","fieldValidType":"null","fieldDefault":"null","fieldShowType":"null","fieldOrderNum":"null","isKey":"null","isShow":"null","isShowList":"null","isQuery":"null","queryMode":"null","dictField":"null","dictTable":"null","dictText":"null"}
2019-12-04 15:49:59.514 [http-nio-8889-exec-2] INFO  org.jeecg.modules.online.cgform.service.a.c:464 -   columnt : {"fieldDbName":"SAFEQUANTITY","fieldName":"safequantity","filedComment":"安全库存","fieldType":"java.lang.Integer","fieldDbType":"int","classType":"inputxt","classType_row":"","optionType":"","charmaxLength":"","precision":"10","scale":"0","nullable":"Y","fieldLength":"null","fieldHref":"null","fieldValidType":"null","fieldDefault":"null","fieldShowType":"null","fieldOrderNum":"null","isKey":"null","isShow":"null","isShowList":"null","isQuery":"null","queryMode":"null","dictField":"null","dictTable":"null","dictText":"null"}
2019-12-04 15:49:59.515 [http-nio-8889-exec-2] INFO  org.jeecg.modules.online.cgform.service.a.c:464 -   columnt : {"fieldDbName":"STATUS","fieldName":"status","filedComment":"状态","fieldType":"java.lang.String","fieldDbType":"varchar","classType":"inputxt","classType_row":"","optionType":"","charmaxLength":"64","precision":"","scale":"","nullable":"Y","fieldLength":"null","fieldHref":"null","fieldValidType":"null","fieldDefault":"null","fieldShowType":"null","fieldOrderNum":"null","isKey":"null","isShow":"null","isShowList":"null","isQuery":"null","queryMode":"null","dictField":"null","dictTable":"null","dictText":"null"}
2019-12-04 15:49:59.515 [http-nio-8889-exec-2] INFO  org.jeecg.modules.online.cgform.service.a.c:464 -   columnt : {"fieldDbName":"PURCHASE_ID","fieldName":"purchaseId","filedComment":"采购id","fieldType":"java.lang.String","fieldDbType":"varchar","classType":"inputxt","classType_row":"","optionType":"","charmaxLength":"64","precision":"","scale":"","nullable":"Y","fieldLength":"null","fieldHref":"null","fieldValidType":"null","fieldDefault":"null","fieldShowType":"null","fieldOrderNum":"null","isKey":"null","isShow":"null","isShowList":"null","isQuery":"null","queryMode":"null","dictField":"null","dictTable":"null","dictText":"null"}
2019-12-04 15:49:59.515 [http-nio-8889-exec-2] INFO  org.jeecg.modules.online.cgform.service.a.c:464 -   columnt : {"fieldDbName":"BOM_ID","fieldName":"bomId","filedComment":"bomId","fieldType":"java.lang.String","fieldDbType":"varchar","classType":"inputxt","classType_row":"","optionType":"","charmaxLength":"64","precision":"","scale":"","nullable":"Y","fieldLength":"null","fieldHref":"null","fieldValidType":"null","fieldDefault":"null","fieldShowType":"null","fieldOrderNum":"null","isKey":"null","isShow":"null","isShowList":"null","isQuery":"null","queryMode":"null","dictField":"null","dictTable":"null","dictText":"null"}
2019-12-04 15:49:59.516 [http-nio-8889-exec-2] INFO  org.jeecg.modules.online.cgform.service.a.c:464 -   columnt : {"fieldDbName":"READY_ID","fieldName":"readyId","filedComment":"备货id","fieldType":"java.lang.String","fieldDbType":"varchar","classType":"inputxt","classType_row":"","optionType":"","charmaxLength":"64","precision":"","scale":"","nullable":"Y","fieldLength":"null","fieldHref":"null","fieldValidType":"null","fieldDefault":"null","fieldShowType":"null","fieldOrderNum":"null","isKey":"null","isShow":"null","isShowList":"null","isQuery":"null","queryMode":"null","dictField":"null","dictTable":"null","dictText":"null"}
2019-12-04 15:49:59.516 [http-nio-8889-exec-2] INFO  org.jeecg.modules.online.cgform.service.a.c:464 -   columnt : {"fieldDbName":"SALE_ID","fieldName":"saleId","filedComment":"销售id","fieldType":"java.lang.String","fieldDbType":"varchar","classType":"inputxt","classType_row":"","optionType":"","charmaxLength":"64","precision":"","scale":"","nullable":"Y","fieldLength":"null","fieldHref":"null","fieldValidType":"null","fieldDefault":"null","fieldShowType":"null","fieldOrderNum":"null","isKey":"null","isShow":"null","isShowList":"null","isQuery":"null","queryMode":"null","dictField":"null","dictTable":"null","dictText":"null"}
2019-12-04 15:49:59.517 [http-nio-8889-exec-2] INFO  org.jeecg.modules.online.cgform.service.a.c:464 -   columnt : {"fieldDbName":"DELIVERY_ID","fieldName":"deliveryId","filedComment":"送货id","fieldType":"java.lang.String","fieldDbType":"varchar","classType":"inputxt","classType_row":"","optionType":"","charmaxLength":"64","precision":"","scale":"","nullable":"Y","fieldLength":"null","fieldHref":"null","fieldValidType":"null","fieldDefault":"null","fieldShowType":"null","fieldOrderNum":"null","isKey":"null","isShow":"null","isShowList":"null","isQuery":"null","queryMode":"null","dictField":"null","dictTable":"null","dictText":"null"}
2019-12-04 15:49:59.517 [http-nio-8889-exec-2] INFO  org.jeecg.modules.online.cgform.service.a.c:464 -   columnt : {"fieldDbName":"TRANSFER_ID","fieldName":"transferId","filedComment":"调出库id","fieldType":"java.lang.String","fieldDbType":"varchar","classType":"inputxt","classType_row":"","optionType":"","charmaxLength":"64","precision":"","scale":"","nullable":"Y","fieldLength":"null","fieldHref":"null","fieldValidType":"null","fieldDefault":"null","fieldShowType":"null","fieldOrderNum":"null","isKey":"null","isShow":"null","isShowList":"null","isQuery":"null","queryMode":"null","dictField":"null","dictTable":"null","dictText":"null"}
2019-12-04 15:49:59.517 [http-nio-8889-exec-2] INFO  org.jeecg.modules.online.cgform.service.a.c:464 -   columnt : {"fieldDbName":"CREATE_BY","fieldName":"createBy","filedComment":"创建人","fieldType":"java.lang.String","fieldDbType":"varchar","classType":"inputxt","classType_row":"","optionType":"","charmaxLength":"50","precision":"","scale":"","nullable":"Y","fieldLength":"null","fieldHref":"null","fieldValidType":"null","fieldDefault":"null","fieldShowType":"null","fieldOrderNum":"null","isKey":"null","isShow":"null","isShowList":"null","isQuery":"null","queryMode":"null","dictField":"null","dictTable":"null","dictText":"null"}
2019-12-04 15:49:59.518 [http-nio-8889-exec-2] INFO  org.jeecg.modules.online.cgform.service.a.c:464 -   columnt : {"fieldDbName":"CREATE_TIME","fieldName":"createTime","filedComment":"创建日期","fieldType":"java.util.Date","fieldDbType":"datetime","classType":"inputxt","classType_row":"","optionType":"","charmaxLength":"","precision":"","scale":"","nullable":"Y","fieldLength":"null","fieldHref":"null","fieldValidType":"null","fieldDefault":"null","fieldShowType":"null","fieldOrderNum":"null","isKey":"null","isShow":"null","isShowList":"null","isQuery":"null","queryMode":"null","dictField":"null","dictTable":"null","dictText":"null"}
2019-12-04 15:49:59.518 [http-nio-8889-exec-2] INFO  org.jeecg.modules.online.cgform.service.a.c:464 -   columnt : {"fieldDbName":"UPDATE_BY","fieldName":"updateBy","filedComment":"更新人","fieldType":"java.lang.String","fieldDbType":"varchar","classType":"inputxt","classType_row":"","optionType":"","charmaxLength":"50","precision":"","scale":"","nullable":"Y","fieldLength":"null","fieldHref":"null","fieldValidType":"null","fieldDefault":"null","fieldShowType":"null","fieldOrderNum":"null","isKey":"null","isShow":"null","isShowList":"null","isQuery":"null","queryMode":"null","dictField":"null","dictTable":"null","dictText":"null"}
2019-12-04 15:49:59.519 [http-nio-8889-exec-2] INFO  org.jeecg.modules.online.cgform.service.a.c:464 -   columnt : {"fieldDbName":"UPDATE_TIME","fieldName":"updateTime","filedComment":"更新日期","fieldType":"java.util.Date","fieldDbType":"datetime","classType":"inputxt","classType_row":"","optionType":"","charmaxLength":"","precision":"","scale":"","nullable":"Y","fieldLength":"null","fieldHref":"null","fieldValidType":"null","fieldDefault":"null","fieldShowType":"null","fieldOrderNum":"null","isKey":"null","isShow":"null","isShowList":"null","isQuery":"null","queryMode":"null","dictField":"null","dictTable":"null","dictText":"null"}
2019-12-04 15:49:59.519 [http-nio-8889-exec-2] INFO  org.jeecg.modules.online.cgform.service.a.c:464 -   columnt : {"fieldDbName":"SYS_ORG_CODE","fieldName":"sysOrgCode","filedComment":"所属部门","fieldType":"java.lang.String","fieldDbType":"varchar","classType":"inputxt","classType_row":"","optionType":"","charmaxLength":"64","precision":"","scale":"","nullable":"Y","fieldLength":"null","fieldHref":"null","fieldValidType":"null","fieldDefault":"null","fieldShowType":"null","fieldOrderNum":"null","isKey":"null","isShow":"null","isShowList":"null","isQuery":"null","queryMode":"null","dictField":"null","dictTable":"null","dictText":"null"}
2019-12-04 15:55:18.553 [http-nio-8889-exec-1] INFO  o.j.codegenerate.generate.impl.CodeGenerateOne:122 - ----jeecg---Code----Generation----[单表模型:csm_stock]------- 生成中。。。
2019-12-04 15:55:18.555 [http-nio-8889-exec-1] INFO  o.j.codegenerate.generate.impl.CodeGenerateOne:117 - code template data: {primaryKeyPolicy=java.lang.String, serialVersionUID=-7791443089744828414, entityPackage=stock, entityName=CsmStock, primaryKeyField=id, columns=[{"fieldDbName":"serialnum","fieldName":"serialnum","filedComment":"序列号","fieldType":"java.lang.String","fieldDbType":"string","classType":"text","classType_row":"text","optionType":"","charmaxLength":"","precision":"null","scale":"null","nullable":"Y","fieldLength":"120","fieldHref":"","fieldValidType":"null","fieldDefault":"","fieldShowType":"text","fieldOrderNum":"2","isKey":"N","isShow":"Y","isShowList":"Y","isQuery":"Y","queryMode":"single","dictField":"","dictTable":"","dictText":""}, {"fieldDbName":"date","fieldName":"date","filedComment":"日期","fieldType":"java.util.Date","fieldDbType":"Date","classType":"date","classType_row":"date","optionType":"","charmaxLength":"","precision":"null","scale":"null","nullable":"Y","fieldLength":"120","fieldHref":"","fieldValidType":"null","fieldDefault":"","fieldShowType":"date","fieldOrderNum":"3","isKey":"N","isShow":"Y","isShowList":"Y","isQuery":"Y","queryMode":"group","dictField":"","dictTable":"","dictText":""}, {"fieldDbName":"quantity","fieldName":"quantity","filedComment":"数量","fieldType":"java.lang.Integer","fieldDbType":"int","classType":"text","classType_row":"text","optionType":"","charmaxLength":"","precision":"null","scale":"null","nullable":"Y","fieldLength":"120","fieldHref":"","fieldValidType":"null","fieldDefault":"","fieldShowType":"text","fieldOrderNum":"4","isKey":"N","isShow":"Y","isShowList":"Y","isQuery":"Y","queryMode":"single","dictField":"","dictTable":"","dictText":""}, {"fieldDbName":"lotnum","fieldName":"lotnum","filedComment":"批号","fieldType":"java.lang.String","fieldDbType":"string","classType":"text","classType_row":"text","optionType":"","charmaxLength":"","precision":"null","scale":"null","nullable":"Y","fieldLength":"120","fieldHref":"","fieldValidType":"null","fieldDefault":"","fieldShowType":"text","fieldOrderNum":"5","isKey":"N","isShow":"Y","isShowList":"Y","isQuery":"Y","queryMode":"single","dictField":"","dictTable":"","dictText":""}, {"fieldDbName":"valuedate","fieldName":"valuedate","filedComment":"有效日期","fieldType":"java.util.Date","fieldDbType":"Date","classType":"date","classType_row":"date","optionType":"","charmaxLength":"","precision":"null","scale":"null","nullable":"Y","fieldLength":"120","fieldHref":"","fieldValidType":"null","fieldDefault":"","fieldShowType":"date","fieldOrderNum":"6","isKey":"N","isShow":"Y","isShowList":"Y","isQuery":"Y","queryMode":"group","dictField":"","dictTable":"","dictText":""}, {"fieldDbName":"pd","fieldName":"pd","filedComment":"生产日期","fieldType":"java.util.Date","fieldDbType":"Date","classType":"date","classType_row":"date","optionType":"","charmaxLength":"","precision":"null","scale":"null","nullable":"Y","fieldLength":"120","fieldHref":"","fieldValidType":"null","fieldDefault":"","fieldShowType":"date","fieldOrderNum":"7","isKey":"N","isShow":"Y","isShowList":"Y","isQuery":"Y","queryMode":"group","dictField":"","dictTable":"","dictText":""}, {"fieldDbName":"mjn","fieldName":"mjn","filedComment":"灭菌号","fieldType":"java.lang.String","fieldDbType":"string","classType":"text","classType_row":"text","optionType":"","charmaxLength":"","precision":"null","scale":"null","nullable":"Y","fieldLength":"120","fieldHref":"","fieldValidType":"null","fieldDefault":"","fieldShowType":"text","fieldOrderNum":"8","isKey":"N","isShow":"Y","isShowList":"Y","isQuery":"Y","queryMode":"single","dictField":"","dictTable":"","dictText":""}, {"fieldDbName":"stockname","fieldName":"stockname","filedComment":"仓库名称","fieldType":"java.lang.String","fieldDbType":"string","classType":"text","classType_row":"text","optionType":"","charmaxLength":"","precision":"null","scale":"null","nullable":"Y","fieldLength":"120","fieldHref":"","fieldValidType":"null","fieldDefault":"","fieldShowType":"text","fieldOrderNum":"9","isKey":"N","isShow":"Y","isShowList":"Y","isQuery":"Y","queryMode":"single","dictField":"","dictTable":"","dictText":""}, {"fieldDbName":"located","fieldName":"located","filedComment":"库位","fieldType":"java.lang.String","fieldDbType":"string","classType":"text","classType_row":"text","optionType":"","charmaxLength":"","precision":"null","scale":"null","nullable":"Y","fieldLength":"120","fieldHref":"","fieldValidType":"null","fieldDefault":"","fieldShowType":"text","fieldOrderNum":"10","isKey":"N","isShow":"Y","isShowList":"Y","isQuery":"Y","queryMode":"single","dictField":"","dictTable":"","dictText":""}, {"fieldDbName":"safequantity","fieldName":"safequantity","filedComment":"安全库存","fieldType":"java.lang.Integer","fieldDbType":"int","classType":"text","classType_row":"text","optionType":"","charmaxLength":"","precision":"null","scale":"null","nullable":"Y","fieldLength":"120","fieldHref":"","fieldValidType":"null","fieldDefault":"","fieldShowType":"text","fieldOrderNum":"11","isKey":"N","isShow":"Y","isShowList":"Y","isQuery":"Y","queryMode":"single","dictField":"","dictTable":"","dictText":""}, {"fieldDbName":"status","fieldName":"status","filedComment":"状态","fieldType":"java.lang.String","fieldDbType":"string","classType":"list","classType_row":"list","optionType":"","charmaxLength":"","precision":"null","scale":"null","nullable":"Y","fieldLength":"120","fieldHref":"","fieldValidType":"null","fieldDefault":"","fieldShowType":"list","fieldOrderNum":"12","isKey":"N","isShow":"Y","isShowList":"Y","isQuery":"Y","queryMode":"single","dictField":"stockStatus","dictTable":"","dictText":""}], tableVo={"tableName":"csm_stock","ftlDescription":"csm_stock","primaryKeyPolicy":"null","sequenceCode":"null","entityPackage":"stock","entityName":"CsmStock","fieldRowNum":"1","searchFieldNum":"-1","fieldRequiredNum":"4"}, originalColumns=[{"fieldDbName":"id","fieldName":"id","filedComment":"id","fieldType":"java.lang.String","fieldDbType":"string","classType":"text","classType_row":"text","optionType":"","charmaxLength":"","precision":"null","scale":"null","nullable":"N","fieldLength":"120","fieldHref":"","fieldValidType":"null","fieldDefault":"","fieldShowType":"text","fieldOrderNum":"1","isKey":"Y","isShow":"N","isShowList":"N","isQuery":"N","queryMode":"group","dictField":"","dictTable":"","dictText":""}, {"fieldDbName":"serialnum","fieldName":"serialnum","filedComment":"序列号","fieldType":"java.lang.String","fieldDbType":"string","classType":"text","classType_row":"text","optionType":"","charmaxLength":"","precision":"null","scale":"null","nullable":"Y","fieldLength":"120","fieldHref":"","fieldValidType":"null","fieldDefault":"","fieldShowType":"text","fieldOrderNum":"2","isKey":"N","isShow":"Y","isShowList":"Y","isQuery":"Y","queryMode":"single","dictField":"","dictTable":"","dictText":""}, {"fieldDbName":"date","fieldName":"date","filedComment":"日期","fieldType":"java.util.Date","fieldDbType":"Date","classType":"date","classType_row":"date","optionType":"","charmaxLength":"","precision":"null","scale":"null","nullable":"Y","fieldLength":"120","fieldHref":"","fieldValidType":"null","fieldDefault":"","fieldShowType":"date","fieldOrderNum":"3","isKey":"N","isShow":"Y","isShowList":"Y","isQuery":"Y","queryMode":"group","dictField":"","dictTable":"","dictText":""}, {"fieldDbName":"quantity","fieldName":"quantity","filedComment":"数量","fieldType":"java.lang.Integer","fieldDbType":"int","classType":"text","classType_row":"text","optionType":"","charmaxLength":"","precision":"null","scale":"null","nullable":"Y","fieldLength":"120","fieldHref":"","fieldValidType":"null","fieldDefault":"","fieldShowType":"text","fieldOrderNum":"4","isKey":"N","isShow":"Y","isShowList":"Y","isQuery":"Y","queryMode":"single","dictField":"","dictTable":"","dictText":""}, {"fieldDbName":"lotnum","fieldName":"lotnum","filedComment":"批号","fieldType":"java.lang.String","fieldDbType":"string","classType":"text","classType_row":"text","optionType":"","charmaxLength":"","precision":"null","scale":"null","nullable":"Y","fieldLength":"120","fieldHref":"","fieldValidType":"null","fieldDefault":"","fieldShowType":"text","fieldOrderNum":"5","isKey":"N","isShow":"Y","isShowList":"Y","isQuery":"Y","queryMode":"single","dictField":"","dictTable":"","dictText":""}, {"fieldDbName":"valuedate","fieldName":"valuedate","filedComment":"有效日期","fieldType":"java.util.Date","fieldDbType":"Date","classType":"date","classType_row":"date","optionType":"","charmaxLength":"","precision":"null","scale":"null","nullable":"Y","fieldLength":"120","fieldHref":"","fieldValidType":"null","fieldDefault":"","fieldShowType":"date","fieldOrderNum":"6","isKey":"N","isShow":"Y","isShowList":"Y","isQuery":"Y","queryMode":"group","dictField":"","dictTable":"","dictText":""}, {"fieldDbName":"pd","fieldName":"pd","filedComment":"生产日期","fieldType":"java.util.Date","fieldDbType":"Date","classType":"date","classType_row":"date","optionType":"","charmaxLength":"","precision":"null","scale":"null","nullable":"Y","fieldLength":"120","fieldHref":"","fieldValidType":"null","fieldDefault":"","fieldShowType":"date","fieldOrderNum":"7","isKey":"N","isShow":"Y","isShowList":"Y","isQuery":"Y","queryMode":"group","dictField":"","dictTable":"","dictText":""}, {"fieldDbName":"mjn","fieldName":"mjn","filedComment":"灭菌号","fieldType":"java.lang.String","fieldDbType":"string","classType":"text","classType_row":"text","optionType":"","charmaxLength":"","precision":"null","scale":"null","nullable":"Y","fieldLength":"120","fieldHref":"","fieldValidType":"null","fieldDefault":"","fieldShowType":"text","fieldOrderNum":"8","isKey":"N","isShow":"Y","isShowList":"Y","isQuery":"Y","queryMode":"single","dictField":"","dictTable":"","dictText":""}, {"fieldDbName":"stockname","fieldName":"stockname","filedComment":"仓库名称","fieldType":"java.lang.String","fieldDbType":"string","classType":"text","classType_row":"text","optionType":"","charmaxLength":"","precision":"null","scale":"null","nullable":"Y","fieldLength":"120","fieldHref":"","fieldValidType":"null","fieldDefault":"","fieldShowType":"text","fieldOrderNum":"9","isKey":"N","isShow":"Y","isShowList":"Y","isQuery":"Y","queryMode":"single","dictField":"","dictTable":"","dictText":""}, {"fieldDbName":"located","fieldName":"located","filedComment":"库位","fieldType":"java.lang.String","fieldDbType":"string","classType":"text","classType_row":"text","optionType":"","charmaxLength":"","precision":"null","scale":"null","nullable":"Y","fieldLength":"120","fieldHref":"","fieldValidType":"null","fieldDefault":"","fieldShowType":"text","fieldOrderNum":"10","isKey":"N","isShow":"Y","isShowList":"Y","isQuery":"Y","queryMode":"single","dictField":"","dictTable":"","dictText":""}, {"fieldDbName":"safequantity","fieldName":"safequantity","filedComment":"安全库存","fieldType":"java.lang.Integer","fieldDbType":"int","classType":"text","classType_row":"text","optionType":"","charmaxLength":"","precision":"null","scale":"null","nullable":"Y","fieldLength":"120","fieldHref":"","fieldValidType":"null","fieldDefault":"","fieldShowType":"text","fieldOrderNum":"11","isKey":"N","isShow":"Y","isShowList":"Y","isQuery":"Y","queryMode":"single","dictField":"","dictTable":"","dictText":""}, {"fieldDbName":"status","fieldName":"status","filedComment":"状态","fieldType":"java.lang.String","fieldDbType":"string","classType":"list","classType_row":"list","optionType":"","charmaxLength":"","precision":"null","scale":"null","nullable":"Y","fieldLength":"120","fieldHref":"","fieldValidType":"null","fieldDefault":"","fieldShowType":"list","fieldOrderNum":"12","isKey":"N","isShow":"Y","isShowList":"Y","isQuery":"Y","queryMode":"single","dictField":"stockStatus","dictTable":"","dictText":""}, {"fieldDbName":"purchase_id","fieldName":"purchaseId","filedComment":"采购id","fieldType":"java.lang.String","fieldDbType":"string","classType":"text","classType_row":"text","optionType":"","charmaxLength":"","precision":"null","scale":"null","nullable":"Y","fieldLength":"120","fieldHref":"","fieldValidType":"null","fieldDefault":"","fieldShowType":"text","fieldOrderNum":"13","isKey":"N","isShow":"N","isShowList":"N","isQuery":"N","queryMode":"group","dictField":"","dictTable":"","dictText":""}, {"fieldDbName":"bom_id","fieldName":"bomId","filedComment":"bomId","fieldType":"java.lang.String","fieldDbType":"string","classType":"text","classType_row":"text","optionType":"","charmaxLength":"","precision":"null","scale":"null","nullable":"Y","fieldLength":"120","fieldHref":"","fieldValidType":"null","fieldDefault":"","fieldShowType":"text","fieldOrderNum":"14","isKey":"N","isShow":"N","isShowList":"N","isQuery":"N","queryMode":"group","dictField":"","dictTable":"","dictText":""}, {"fieldDbName":"ready_id","fieldName":"readyId","filedComment":"备货id","fieldType":"java.lang.String","fieldDbType":"string","classType":"text","classType_row":"text","optionType":"","charmaxLength":"","precision":"null","scale":"null","nullable":"Y","fieldLength":"120","fieldHref":"","fieldValidType":"null","fieldDefault":"","fieldShowType":"text","fieldOrderNum":"15","isKey":"N","isShow":"N","isShowList":"N","isQuery":"N","queryMode":"group","dictField":"","dictTable":"","dictText":""}, {"fieldDbName":"sale_id","fieldName":"saleId","filedComment":"销售id","fieldType":"java.lang.String","fieldDbType":"string","classType":"text","classType_row":"text","optionType":"","charmaxLength":"","precision":"null","scale":"null","nullable":"Y","fieldLength":"120","fieldHref":"","fieldValidType":"null","fieldDefault":"","fieldShowType":"text","fieldOrderNum":"16","isKey":"N","isShow":"N","isShowList":"N","isQuery":"N","queryMode":"group","dictField":"","dictTable":"","dictText":""}, {"fieldDbName":"delivery_id","fieldName":"deliveryId","filedComment":"送货id","fieldType":"java.lang.String","fieldDbType":"string","classType":"text","classType_row":"text","optionType":"","charmaxLength":"","precision":"null","scale":"null","nullable":"Y","fieldLength":"120","fieldHref":"","fieldValidType":"null","fieldDefault":"","fieldShowType":"text","fieldOrderNum":"17","isKey":"N","isShow":"N","isShowList":"N","isQuery":"N","queryMode":"group","dictField":"","dictTable":"","dictText":""}, {"fieldDbName":"transfer_id","fieldName":"transferId","filedComment":"调出库id","fieldType":"java.lang.String","fieldDbType":"string","classType":"text","classType_row":"text","optionType":"","charmaxLength":"","precision":"null","scale":"null","nullable":"Y","fieldLength":"120","fieldHref":"","fieldValidType":"null","fieldDefault":"","fieldShowType":"text","fieldOrderNum":"18","isKey":"N","isShow":"N","isShowList":"N","isQuery":"N","queryMode":"group","dictField":"","dictTable":"","dictText":""}, {"fieldDbName":"create_by","fieldName":"createBy","filedComment":"创建人","fieldType":"java.lang.String","fieldDbType":"string","classType":"text","classType_row":"text","optionType":"","charmaxLength":"","precision":"null","scale":"null","nullable":"Y","fieldLength":"120","fieldHref":"","fieldValidType":"null","fieldDefault":"","fieldShowType":"text","fieldOrderNum":"19","isKey":"N","isShow":"N","isShowList":"N","isQuery":"N","queryMode":"group","dictField":"","dictTable":"","dictText":""}, {"fieldDbName":"create_time","fieldName":"createTime","filedComment":"创建日期","fieldType":"java.util.Date","fieldDbType":"Date","classType":"date","classType_row":"date","optionType":"","charmaxLength":"","precision":"null","scale":"null","nullable":"Y","fieldLength":"120","fieldHref":"","fieldValidType":"null","fieldDefault":"","fieldShowType":"date","fieldOrderNum":"20","isKey":"N","isShow":"N","isShowList":"N","isQuery":"N","queryMode":"group","dictField":"","dictTable":"","dictText":""}, {"fieldDbName":"update_by","fieldName":"updateBy","filedComment":"更新人","fieldType":"java.lang.String","fieldDbType":"string","classType":"text","classType_row":"text","optionType":"","charmaxLength":"","precision":"null","scale":"null","nullable":"Y","fieldLength":"120","fieldHref":"","fieldValidType":"null","fieldDefault":"","fieldShowType":"text","fieldOrderNum":"21","isKey":"N","isShow":"N","isShowList":"N","isQuery":"N","queryMode":"group","dictField":"","dictTable":"","dictText":""}, {"fieldDbName":"update_time","fieldName":"updateTime","filedComment":"更新日期","fieldType":"java.util.Date","fieldDbType":"Date","classType":"date","classType_row":"date","optionType":"","charmaxLength":"","precision":"null","scale":"null","nullable":"Y","fieldLength":"120","fieldHref":"","fieldValidType":"null","fieldDefault":"","fieldShowType":"date","fieldOrderNum":"22","isKey":"N","isShow":"N","isShowList":"N","isQuery":"N","queryMode":"group","dictField":"","dictTable":"","dictText":""}, {"fieldDbName":"sys_org_code","fieldName":"sysOrgCode","filedComment":"所属部门","fieldType":"java.lang.String","fieldDbType":"string","classType":"text","classType_row":"text","optionType":"","charmaxLength":"","precision":"null","scale":"null","nullable":"Y","fieldLength":"120","fieldHref":"","fieldValidType":"null","fieldDefault":"","fieldShowType":"text","fieldOrderNum":"23","isKey":"N","isShow":"N","isShowList":"N","isQuery":"N","queryMode":"group","dictField":"","dictTable":"","dictText":""}], bussiPackage=org.jeecg.modules.demo, tableName=csm_stock}
2019-12-04 15:55:18.560 [http-nio-8889-exec-1] INFO  org.jeecgframework.codegenerate.generate.a.a:34 - ----templatePath-----------------/jeecg/code-template-online/one
2019-12-04 15:55:19.204 [http-nio-8889-exec-1] INFO  o.j.codegenerate.generate.impl.CodeGenerateOne:136 - ----jeecg----Code----Generation-----[单表模型：csm_stock]------ 生成完成。。。
2019-12-04 15:56:25.969 [http-nio-8889-exec-7] INFO  o.j.m.system.controller.SysPermissionController:120 -  ------ 通过令牌获取用户拥有的访问菜单 ---- TOKEN ------ eyJ0eXAiOiJKV1QiLCJhbGciOiJIUzI1NiJ9.eyJleHAiOjE1NzU0NDcwMTQsInVzZXJuYW1lIjoiYWRtaW4ifQ.GU6wBkXsAls_vBLxupszZ1F-etvDG8gObs-LfHcrzwc
2019-12-04 15:56:27.905 [http-nio-8889-exec-8] INFO  o.j.modules.system.controller.SysDictController:127 -  dictCode : cgform_table_type
2019-12-04 15:56:27.916 [http-nio-8889-exec-8] INFO  o.j.modules.system.controller.SysDictController:160 - Result(success=true, message=操作成功！, code=0, result=[DictModel(value=1, text=单表), DictModel(value=2, text=主表), DictModel(value=3, text=附表)], timestamp=1575446187906)
2019-12-04 15:56:28.001 [http-nio-8889-exec-2] INFO  o.j.modules.system.controller.SysDictController:127 -  dictCode : cgform_table_type
2019-12-04 15:56:28.005 [http-nio-8889-exec-2] INFO  o.j.modules.system.controller.SysDictController:160 - Result(success=true, message=操作成功！, code=0, result=[DictModel(value=1, text=单表), DictModel(value=2, text=主表), DictModel(value=3, text=附表)], timestamp=1575446188002)
2019-12-04 15:58:31.061 [main] INFO  org.jeecg.JeecgApplication:50 - Starting JeecgApplication on DESKTOP-89SVNT6 with PID 16680 (D:\CSM\jeecg-boot-master\jeecg-boot\jeecg-boot-module-system\target\classes started by dell in D:\CSM\jeecg-boot-master\jeecg-boot\jeecg-boot-module-system)
2019-12-04 15:58:31.067 [main] INFO  org.jeecg.JeecgApplication:679 - The following profiles are active: dev
2019-12-04 15:58:33.196 [main] INFO  o.s.d.r.config.RepositoryConfigurationDelegate:244 - Multiple Spring Data modules found, entering strict repository configuration mode!
2019-12-04 15:58:33.202 [main] INFO  o.s.d.r.config.RepositoryConfigurationDelegate:126 - Bootstrapping Spring Data repositories in DEFAULT mode.
2019-12-04 15:58:33.363 [main] INFO  o.s.d.r.config.RepositoryConfigurationDelegate:182 - Finished Spring Data repository scanning in 133ms. Found 0 repository interfaces.
2019-12-04 15:58:33.966 [main] INFO  o.s.c.s.PostProcessorRegistrationDelegate$BeanPostProcessorChecker:330 - Bean 'shiroConfig' of type [org.jeecg.config.ShiroConfig$$EnhancerBySpringCGLIB$$a45a0683] is not eligible for getting processed by all BeanPostProcessors (for example: not eligible for auto-proxying)
2019-12-04 15:58:34.127 [main] INFO  o.s.c.s.PostProcessorRegistrationDelegate$BeanPostProcessorChecker:330 - Bean 'shiroRealm' of type [org.jeecg.modules.shiro.authc.ShiroRealm] is not eligible for getting processed by all BeanPostProcessors (for example: not eligible for auto-proxying)
2019-12-04 15:58:35.560 [main] INFO  o.s.c.s.PostProcessorRegistrationDelegate$BeanPostProcessorChecker:330 - Bean 'securityManager' of type [org.apache.shiro.web.mgt.DefaultWebSecurityManager] is not eligible for getting processed by all BeanPostProcessors (for example: not eligible for auto-proxying)
2019-12-04 15:58:35.596 [main] INFO  o.s.c.s.PostProcessorRegistrationDelegate$BeanPostProcessorChecker:330 - Bean 'authorizationAttributeSourceAdvisor' of type [org.apache.shiro.spring.security.interceptor.AuthorizationAttributeSourceAdvisor] is not eligible for getting processed by all BeanPostProcessors (for example: not eligible for auto-proxying)
2019-12-04 15:58:35.674 [main] INFO  o.s.c.s.PostProcessorRegistrationDelegate$BeanPostProcessorChecker:330 - Bean 'org.springframework.transaction.annotation.ProxyTransactionManagementConfiguration' of type [org.springframework.transaction.annotation.ProxyTransactionManagementConfiguration$$EnhancerBySpringCGLIB$$84549ced] is not eligible for getting processed by all BeanPostProcessors (for example: not eligible for auto-proxying)
2019-12-04 15:58:35.969 [main] INFO  o.s.c.s.PostProcessorRegistrationDelegate$BeanPostProcessorChecker:330 - Bean 'spring.datasource.dynamic-com.baomidou.dynamic.datasource.spring.boot.autoconfigure.DynamicDataSourceProperties' of type [com.baomidou.dynamic.datasource.spring.boot.autoconfigure.DynamicDataSourceProperties] is not eligible for getting processed by all BeanPostProcessors (for example: not eligible for auto-proxying)
2019-12-04 15:58:35.977 [main] INFO  o.s.c.s.PostProcessorRegistrationDelegate$BeanPostProcessorChecker:330 - Bean 'com.baomidou.dynamic.datasource.spring.boot.autoconfigure.DynamicDataSourceAutoConfiguration' of type [com.baomidou.dynamic.datasource.spring.boot.autoconfigure.DynamicDataSourceAutoConfiguration$$EnhancerBySpringCGLIB$$ede30dbe] is not eligible for getting processed by all BeanPostProcessors (for example: not eligible for auto-proxying)
2019-12-04 15:58:35.990 [main] INFO  o.s.c.s.PostProcessorRegistrationDelegate$BeanPostProcessorChecker:330 - Bean 'dsProcessor' of type [com.baomidou.dynamic.datasource.processor.DsHeaderProcessor] is not eligible for getting processed by all BeanPostProcessors (for example: not eligible for auto-proxying)
2019-12-04 15:58:36.001 [main] INFO  o.s.c.s.PostProcessorRegistrationDelegate$BeanPostProcessorChecker:330 - Bean 'dynamicDatasourceAnnotationAdvisor' of type [com.baomidou.dynamic.datasource.aop.DynamicDataSourceAnnotationAdvisor] is not eligible for getting processed by all BeanPostProcessors (for example: not eligible for auto-proxying)
2019-12-04 15:58:36.030 [main] INFO  o.s.c.s.PostProcessorRegistrationDelegate$BeanPostProcessorChecker:330 - Bean 'spring.redis-org.springframework.boot.autoconfigure.data.redis.RedisProperties' of type [org.springframework.boot.autoconfigure.data.redis.RedisProperties] is not eligible for getting processed by all BeanPostProcessors (for example: not eligible for auto-proxying)
2019-12-04 15:58:36.041 [main] INFO  o.s.c.s.PostProcessorRegistrationDelegate$BeanPostProcessorChecker:330 - Bean 'org.springframework.boot.autoconfigure.data.redis.LettuceConnectionConfiguration' of type [org.springframework.boot.autoconfigure.data.redis.LettuceConnectionConfiguration$$EnhancerBySpringCGLIB$$996e5b37] is not eligible for getting processed by all BeanPostProcessors (for example: not eligible for auto-proxying)
2019-12-04 15:58:36.374 [main] INFO  o.s.c.s.PostProcessorRegistrationDelegate$BeanPostProcessorChecker:330 - Bean 'lettuceClientResources' of type [io.lettuce.core.resource.DefaultClientResources] is not eligible for getting processed by all BeanPostProcessors (for example: not eligible for auto-proxying)
2019-12-04 15:58:36.571 [main] INFO  o.s.c.s.PostProcessorRegistrationDelegate$BeanPostProcessorChecker:330 - Bean 'redisConnectionFactory' of type [org.springframework.data.redis.connection.lettuce.LettuceConnectionFactory] is not eligible for getting processed by all BeanPostProcessors (for example: not eligible for auto-proxying)
2019-12-04 15:58:36.586 [main] INFO  o.s.c.s.PostProcessorRegistrationDelegate$BeanPostProcessorChecker:330 - Bean 'redisConfig' of type [org.jeecg.config.RedisConfig$$EnhancerBySpringCGLIB$$ef288dcd] is not eligible for getting processed by all BeanPostProcessors (for example: not eligible for auto-proxying)
2019-12-04 15:58:36.637 [main] INFO  o.s.c.s.PostProcessorRegistrationDelegate$BeanPostProcessorChecker:330 - Bean 'org.apache.shiro.spring.boot.autoconfigure.ShiroBeanAutoConfiguration' of type [org.apache.shiro.spring.boot.autoconfigure.ShiroBeanAutoConfiguration$$EnhancerBySpringCGLIB$$976d7a9d] is not eligible for getting processed by all BeanPostProcessors (for example: not eligible for auto-proxying)
2019-12-04 15:58:36.644 [main] INFO  o.s.c.s.PostProcessorRegistrationDelegate$BeanPostProcessorChecker:330 - Bean 'eventBus' of type [org.apache.shiro.event.support.DefaultEventBus] is not eligible for getting processed by all BeanPostProcessors (for example: not eligible for auto-proxying)
2019-12-04 15:58:37.261 [main] INFO  o.s.boot.web.embedded.tomcat.TomcatWebServer:90 - Tomcat initialized with port(s): 8889 (http)
2019-12-04 15:58:37.284 [main] INFO  org.apache.coyote.http11.Http11NioProtocol:173 - Initializing ProtocolHandler ["http-nio-8889"]
2019-12-04 15:58:37.309 [main] INFO  org.apache.catalina.core.StandardService:173 - Starting service [Tomcat]
2019-12-04 15:58:37.310 [main] INFO  org.apache.catalina.core.StandardEngine:173 - Starting Servlet engine: [Apache Tomcat/9.0.16]
2019-12-04 15:58:37.323 [main] INFO  org.apache.catalina.core.AprLifecycleListener:173 - The APR based Apache Tomcat Native library which allows optimal performance in production environments was not found on the java.library.path: [C:\Program Files\Java\jre1.8.0_191\bin;C:\WINDOWS\Sun\Java\bin;C:\WINDOWS\system32;C:\WINDOWS;C:/Program Files/Java/jre1.8.0_191/bin/server;C:/Program Files/Java/jre1.8.0_191/bin;C:/Program Files/Java/jre1.8.0_191/lib/amd64;C:\Program Files (x86)\NetSarang\Xftp 6\;C:\Program Files (x86)\Common Files\Oracle\Java\javapath;C:\WINDOWS\system32;C:\WINDOWS;C:\WINDOWS\System32\Wbem;C:\WINDOWS\System32\WindowsPowerShell\v1.0\;C:\Program Files\Java\jdk1.8.0_191\bin;C:\Program Files\Java\jdk1.8.0_191\jre\bin;D:\MYSQL\mysql-5.7.24-winx64\bin;C:\WINDOWS\System32\OpenSSH\;C:\Program Files\dotnet\;C:\Program Files\Git\cmd;C:\Program Files (x86)\Yarn\bin\;C:\Program Files\nodejs\;C:\Program Files\TortoiseSVN\bin;C:\Users\dell\AppData\Local\Microsoft\WindowsApps;C:\Program Files\nodejs\node_global;C:\Users\dell\AppData\Local\Programs\Microsoft VS Code\bin;C:\Users\dell\AppData\Local\Yarn\bin;C:\Users\dell\AppData\Roaming\npm;C:\Users\dell\Desktop;;.]
2019-12-04 15:58:37.494 [main] INFO  o.a.c.c.C.[Tomcat].[localhost].[/jeecg-boot]:173 - Initializing Spring embedded WebApplicationContext
2019-12-04 15:58:37.494 [main] INFO  org.springframework.web.context.ContextLoader:296 - Root WebApplicationContext: initialization completed in 6370 ms
2019-12-04 15:58:37.921 [main] INFO  c.b.dynamic.datasource.DynamicDataSourceCreator:113 - 动态数据源-检测到druid存在,如配置中未指定type,druid会默认配置
2019-12-04 15:58:38.505 [main] INFO  com.alibaba.druid.pool.DruidDataSource:1003 - {dataSource-1,master} inited
2019-12-04 15:58:38.505 [main] INFO  c.b.dynamic.datasource.DynamicRoutingDataSource:203 - 初始共加载 1 个数据源
2019-12-04 15:58:38.506 [main] INFO  c.b.dynamic.datasource.DynamicRoutingDataSource:142 - 动态数据源-加载 master 成功
2019-12-04 15:58:38.506 [main] INFO  c.b.dynamic.datasource.DynamicRoutingDataSource:212 - 当前的默认数据源是单数据源，数据源名为 master
2019-12-04 15:58:41.870 [main] INFO  org.quartz.impl.StdSchedulerFactory:1208 - Using default implementation for ThreadExecutor
2019-12-04 15:58:41.887 [main] INFO  org.quartz.core.SchedulerSignalerImpl:61 - Initialized Scheduler Signaller of type: class org.quartz.core.SchedulerSignalerImpl
2019-12-04 15:58:41.887 [main] INFO  org.quartz.core.QuartzScheduler:229 - Quartz Scheduler v.2.3.0 created.
2019-12-04 15:58:41.891 [main] INFO  o.s.scheduling.quartz.LocalDataSourceJobStore:672 - Using db table-based data access locking (synchronization).
2019-12-04 15:58:41.894 [main] INFO  o.s.scheduling.quartz.LocalDataSourceJobStore:145 - JobStoreCMT initialized.
2019-12-04 15:58:41.895 [main] INFO  org.quartz.core.QuartzScheduler:294 - Scheduler meta-data: Quartz Scheduler (v2.3.0) 'quartzScheduler' with instanceId 'NON_CLUSTERED'
  Scheduler class: 'org.quartz.core.QuartzScheduler' - running locally.
  NOT STARTED.
  Currently in standby mode.
  Number of jobs executed: 0
  Using thread pool 'org.quartz.simpl.SimpleThreadPool' - with 10 threads.
  Using job-store 'org.springframework.scheduling.quartz.LocalDataSourceJobStore' - which supports persistence. and is not clustered.

2019-12-04 15:58:41.895 [main] INFO  org.quartz.impl.StdSchedulerFactory:1362 - Quartz scheduler 'quartzScheduler' initialized from an externally provided properties instance.
2019-12-04 15:58:41.895 [main] INFO  org.quartz.impl.StdSchedulerFactory:1366 - Quartz scheduler version: 2.3.0
2019-12-04 15:58:41.895 [main] INFO  org.quartz.core.QuartzScheduler:2287 - JobFactory set to: org.springframework.scheduling.quartz.SpringBeanJobFactory@356cb230
2019-12-04 15:58:43.883 [main] INFO  o.s.b.actuate.endpoint.web.EndpointLinksResolver:59 - Exposing 2 endpoint(s) beneath base path '/actuator'
2019-12-04 15:58:44.092 [main] INFO  s.d.s.w.PropertySourcedRequestMappingHandlerMapping:69 - Mapped URL path [/v2/api-docs] onto method [public org.springframework.http.ResponseEntity<springfox.documentation.spring.web.json.Json> springfox.documentation.swagger2.web.Swagger2Controller.getDocumentation(java.lang.String,javax.servlet.http.HttpServletRequest)]
2019-12-04 15:58:44.483 [main] INFO  o.s.scheduling.concurrent.ThreadPoolTaskExecutor:171 - Initializing ExecutorService 'applicationTaskExecutor'
2019-12-04 15:58:45.517 [main] INFO  s.d.s.web.plugins.DocumentationPluginsBootstrapper:160 - Context refreshed
2019-12-04 15:58:45.558 [main] INFO  s.d.s.web.plugins.DocumentationPluginsBootstrapper:163 - Found 1 custom documentation plugin(s)
2019-12-04 15:58:45.627 [main] INFO  s.d.spring.web.scanners.ApiListingReferenceScanner:41 - Scanning for api listing references
2019-12-04 15:58:45.947 [main] INFO  o.s.scheduling.quartz.SchedulerFactoryBean:726 - Starting Quartz Scheduler now
2019-12-04 15:58:46.441 [main] INFO  o.s.scheduling.quartz.LocalDataSourceJobStore:866 - Freed 0 triggers from 'acquired' / 'blocked' state.
2019-12-04 15:58:46.468 [main] INFO  o.s.scheduling.quartz.LocalDataSourceJobStore:876 - Recovering 0 jobs that were in-progress at the time of the last shut-down.
2019-12-04 15:58:46.469 [main] INFO  o.s.scheduling.quartz.LocalDataSourceJobStore:889 - Recovery complete.
2019-12-04 15:58:46.471 [main] INFO  o.s.scheduling.quartz.LocalDataSourceJobStore:896 - Removed 0 'complete' triggers.
2019-12-04 15:58:46.473 [main] INFO  o.s.scheduling.quartz.LocalDataSourceJobStore:901 - Removed 0 stale fired job entries.
2019-12-04 15:58:46.478 [main] INFO  org.quartz.core.QuartzScheduler:547 - Scheduler quartzScheduler_$_NON_CLUSTERED started.
2019-12-04 15:58:46.510 [main] INFO  org.apache.coyote.http11.Http11NioProtocol:173 - Starting ProtocolHandler ["http-nio-8889"]
2019-12-04 15:58:46.581 [main] INFO  o.s.boot.web.embedded.tomcat.TomcatWebServer:204 - Tomcat started on port(s): 8889 (http) with context path '/jeecg-boot'
2019-12-04 15:58:46.586 [main] INFO  org.jeecg.JeecgApplication:59 - Started JeecgApplication in 16.014 seconds (JVM running for 16.941)
2019-12-04 15:58:46.600 [main] INFO  org.jeecg.JeecgApplication:26 - 
----------------------------------------------------------
	Application Jeecg-Boot is running! Access URLs:
	Local: 		http://localhost:8889/jeecg-boot/
	External: 	http://192.168.61.117:8889/jeecg-boot/
	swagger-ui: 	http://192.168.61.117:8889/jeecg-boot/swagger-ui.html
	Doc: 		http://192.168.61.117:8889/jeecg-boot/doc.html
----------------------------------------------------------
2019-12-04 15:59:02.201 [http-nio-8889-exec-1] INFO  o.a.c.c.C.[Tomcat].[localhost].[/jeecg-boot]:173 - Initializing Spring DispatcherServlet 'dispatcherServlet'
2019-12-04 15:59:02.202 [http-nio-8889-exec-1] INFO  org.springframework.web.servlet.DispatcherServlet:524 - Initializing Servlet 'dispatcherServlet'
2019-12-04 15:59:02.235 [http-nio-8889-exec-1] INFO  org.springframework.web.servlet.DispatcherServlet:546 - Completed initialization in 33 ms
2019-12-04 15:59:02.726 [http-nio-8889-exec-1] INFO  io.lettuce.core.EpollProvider:68 - Starting without optional epoll library
2019-12-04 15:59:02.729 [http-nio-8889-exec-1] INFO  io.lettuce.core.KqueueProvider:70 - Starting without optional kqueue library
2019-12-04 15:59:04.037 [http-nio-8889-exec-1] INFO  o.j.m.system.controller.SysPermissionController:120 -  ------ 通过令牌获取用户拥有的访问菜单 ---- TOKEN ------ eyJ0eXAiOiJKV1QiLCJhbGciOiJIUzI1NiJ9.eyJleHAiOjE1NzU0NDcwMTQsInVzZXJuYW1lIjoiYWRtaW4ifQ.GU6wBkXsAls_vBLxupszZ1F-etvDG8gObs-LfHcrzwc
2019-12-04 15:59:11.044 [http-nio-8889-exec-6] INFO  o.j.modules.system.controller.SysDictController:127 -  dictCode : stockStatus
2019-12-04 15:59:11.088 [http-nio-8889-exec-6] INFO  o.j.modules.system.service.impl.SysDictServiceImpl:48 - 无缓存dictCache的时候调用这里！
2019-12-04 15:59:11.183 [http-nio-8889-exec-6] INFO  o.j.modules.system.controller.SysDictController:160 - Result(success=true, message=操作成功！, code=0, result=[], timestamp=1575446351046)
2019-12-04 15:59:21.919 [http-nio-8889-exec-7] INFO  o.j.modules.system.controller.SysDictController:127 -  dictCode : stockStatus
2019-12-04 15:59:21.933 [http-nio-8889-exec-7] INFO  o.j.modules.system.controller.SysDictController:160 - Result(success=true, message=操作成功！, code=0, result=[], timestamp=1575446361920)
2019-12-04 16:00:25.400 [http-nio-8889-exec-1] INFO  o.j.modules.system.service.impl.SysDictServiceImpl:62 - 无缓存dictText的时候调用这里！
2019-12-04 16:00:43.125 [http-nio-8889-exec-4] INFO  o.j.m.system.controller.DuplicateCheckController:44 - ----duplicate check------：DuplicateCheckVo(tableName=sys_dict, fieldName=dict_code, fieldVal=s, dataId=null)
2019-12-04 16:00:43.207 [http-nio-8889-exec-2] INFO  o.j.m.system.controller.DuplicateCheckController:44 - ----duplicate check------：DuplicateCheckVo(tableName=sys_dict, fieldName=dict_code, fieldVal=st, dataId=null)
2019-12-04 16:00:43.289 [http-nio-8889-exec-3] INFO  o.j.m.system.controller.DuplicateCheckController:44 - ----duplicate check------：DuplicateCheckVo(tableName=sys_dict, fieldName=dict_code, fieldVal=sto, dataId=null)
2019-12-04 16:00:43.474 [http-nio-8889-exec-6] INFO  o.j.m.system.controller.DuplicateCheckController:44 - ----duplicate check------：DuplicateCheckVo(tableName=sys_dict, fieldName=dict_code, fieldVal=sto, dataId=null)
2019-12-04 16:00:44.645 [http-nio-8889-exec-5] INFO  o.j.m.system.controller.DuplicateCheckController:44 - ----duplicate check------：DuplicateCheckVo(tableName=sys_dict, fieldName=dict_code, fieldVal=stoc, dataId=null)
2019-12-04 16:00:44.647 [http-nio-8889-exec-7] INFO  o.j.m.system.controller.DuplicateCheckController:44 - ----duplicate check------：DuplicateCheckVo(tableName=sys_dict, fieldName=dict_code, fieldVal=stock, dataId=null)
2019-12-04 16:00:44.941 [http-nio-8889-exec-8] INFO  o.j.m.system.controller.DuplicateCheckController:44 - ----duplicate check------：DuplicateCheckVo(tableName=sys_dict, fieldName=dict_code, fieldVal=stockS, dataId=null)
2019-12-04 16:00:45.781 [http-nio-8889-exec-9] INFO  o.j.m.system.controller.DuplicateCheckController:44 - ----duplicate check------：DuplicateCheckVo(tableName=sys_dict, fieldName=dict_code, fieldVal=stockSt, dataId=null)
2019-12-04 16:00:45.898 [http-nio-8889-exec-10] INFO  o.j.m.system.controller.DuplicateCheckController:44 - ----duplicate check------：DuplicateCheckVo(tableName=sys_dict, fieldName=dict_code, fieldVal=stockSta, dataId=null)
2019-12-04 16:00:46.750 [http-nio-8889-exec-1] INFO  o.j.m.system.controller.DuplicateCheckController:44 - ----duplicate check------：DuplicateCheckVo(tableName=sys_dict, fieldName=dict_code, fieldVal=stockStat, dataId=null)
2019-12-04 16:00:47.171 [http-nio-8889-exec-4] INFO  o.j.m.system.controller.DuplicateCheckController:44 - ----duplicate check------：DuplicateCheckVo(tableName=sys_dict, fieldName=dict_code, fieldVal=stockStatu, dataId=null)
2019-12-04 16:00:47.318 [http-nio-8889-exec-2] INFO  o.j.m.system.controller.DuplicateCheckController:44 - ----duplicate check------：DuplicateCheckVo(tableName=sys_dict, fieldName=dict_code, fieldVal=stockStatus, dataId=null)
2019-12-04 16:01:00.922 [http-nio-8889-exec-5] INFO  org.jeecg.common.system.query.QueryGenerator:387 - --查询规则-->dict_id = 0a2700d3ec030e37efc81a3337f1622e
2019-12-04 16:01:21.781 [http-nio-8889-exec-8] INFO  org.jeecg.common.system.query.QueryGenerator:387 - --查询规则-->dict_id = 0a2700d3ec030e37efc81a3337f1622e
2019-12-04 16:01:21.809 [http-nio-8889-exec-8] INFO  o.j.modules.system.service.impl.SysDictServiceImpl:62 - 无缓存dictText的时候调用这里！
2019-12-04 16:01:45.513 [http-nio-8889-exec-10] INFO  org.jeecg.common.system.query.QueryGenerator:387 - --查询规则-->dict_id = 0a2700d3ec030e37efc81a3337f1622e
2019-12-04 16:01:45.523 [http-nio-8889-exec-10] INFO  o.j.modules.system.service.impl.SysDictServiceImpl:62 - 无缓存dictText的时候调用这里！
2019-12-04 16:02:03.398 [http-nio-8889-exec-4] INFO  org.jeecg.common.system.query.QueryGenerator:387 - --查询规则-->dict_id = 0a2700d3ec030e37efc81a3337f1622e
2019-12-04 16:02:03.433 [http-nio-8889-exec-4] INFO  o.j.modules.system.service.impl.SysDictServiceImpl:62 - 无缓存dictText的时候调用这里！
2019-12-04 16:02:25.452 [http-nio-8889-exec-3] INFO  org.jeecg.common.system.query.QueryGenerator:387 - --查询规则-->dict_id = 0a2700d3ec030e37efc81a3337f1622e
2019-12-04 16:02:25.464 [http-nio-8889-exec-3] INFO  o.j.modules.system.service.impl.SysDictServiceImpl:62 - 无缓存dictText的时候调用这里！
2019-12-04 16:02:38.358 [http-nio-8889-exec-5] INFO  org.jeecg.common.system.query.QueryGenerator:387 - --查询规则-->dict_id = 0a2700d3ec030e37efc81a3337f1622e
2019-12-04 16:02:38.382 [http-nio-8889-exec-5] INFO  o.j.modules.system.service.impl.SysDictServiceImpl:62 - 无缓存dictText的时候调用这里！
2019-12-04 16:03:02.919 [http-nio-8889-exec-8] INFO  org.jeecg.common.system.query.QueryGenerator:387 - --查询规则-->dict_id = 0a2700d3ec030e37efc81a3337f1622e
2019-12-04 16:03:02.945 [http-nio-8889-exec-8] INFO  o.j.modules.system.service.impl.SysDictServiceImpl:62 - 无缓存dictText的时候调用这里！
2019-12-04 16:03:22.481 [http-nio-8889-exec-10] INFO  org.jeecg.common.system.query.QueryGenerator:387 - --查询规则-->dict_id = 0a2700d3ec030e37efc81a3337f1622e
2019-12-04 16:03:22.495 [http-nio-8889-exec-10] INFO  o.j.modules.system.service.impl.SysDictServiceImpl:62 - 无缓存dictText的时候调用这里！
2019-12-04 16:04:32.017 [http-nio-8889-exec-4] INFO  org.jeecg.common.system.query.QueryGenerator:387 - --查询规则-->dict_id = 0a2700d3ec030e37efc81a3337f1622e
2019-12-04 16:04:32.049 [http-nio-8889-exec-4] INFO  o.j.modules.system.service.impl.SysDictServiceImpl:62 - 无缓存dictText的时候调用这里！
2019-12-04 16:06:00.685 [http-nio-8889-exec-3] INFO  org.jeecg.common.system.query.QueryGenerator:387 - --查询规则-->dict_id = 0a2700d3ec030e37efc81a3337f1622e
2019-12-04 16:06:00.709 [http-nio-8889-exec-3] INFO  o.j.modules.system.service.impl.SysDictServiceImpl:62 - 无缓存dictText的时候调用这里！
2019-12-04 16:06:41.150 [http-nio-8889-exec-6] INFO  o.j.m.system.controller.SysPermissionController:120 -  ------ 通过令牌获取用户拥有的访问菜单 ---- TOKEN ------ eyJ0eXAiOiJKV1QiLCJhbGciOiJIUzI1NiJ9.eyJleHAiOjE1NzU0NDcwMTQsInVzZXJuYW1lIjoiYWRtaW4ifQ.GU6wBkXsAls_vBLxupszZ1F-etvDG8gObs-LfHcrzwc
2019-12-04 16:06:42.441 [http-nio-8889-exec-7] INFO  o.j.modules.system.controller.SysDictController:127 -  dictCode : stockStatus
2019-12-04 16:06:42.446 [http-nio-8889-exec-7] INFO  o.j.modules.system.service.impl.SysDictServiceImpl:48 - 无缓存dictCache的时候调用这里！
2019-12-04 16:06:42.580 [http-nio-8889-exec-7] INFO  o.j.modules.system.controller.SysDictController:160 - Result(success=true, message=操作成功！, code=0, result=[DictModel(value=1, text=在途), DictModel(value=8, text=丢失), DictModel(value=9, text=送货中), DictModel(value=7, text=销售), DictModel(value=5, text=换货), DictModel(value=4, text=退货), DictModel(value=3, text=本地), DictModel(value=2, text=备货), DictModel(value=6, text=调出)], timestamp=1575446802442)
2019-12-04 16:06:45.281 [http-nio-8889-exec-9] INFO  o.j.modules.system.controller.SysDictController:127 -  dictCode : stockStatus
2019-12-04 16:06:45.291 [http-nio-8889-exec-9] INFO  o.j.modules.system.controller.SysDictController:160 - Result(success=true, message=操作成功！, code=0, result=[DictModel(value=1, text=在途), DictModel(value=8, text=丢失), DictModel(value=9, text=送货中), DictModel(value=7, text=销售), DictModel(value=5, text=换货), DictModel(value=4, text=退货), DictModel(value=3, text=本地), DictModel(value=2, text=备货), DictModel(value=6, text=调出)], timestamp=1575446805282)
2019-12-04 16:06:57.104 [http-nio-8889-exec-2] INFO  o.j.modules.system.controller.SysDictController:127 -  dictCode : purchaseStatus
2019-12-04 16:06:57.107 [http-nio-8889-exec-2] INFO  o.j.modules.system.service.impl.SysDictServiceImpl:48 - 无缓存dictCache的时候调用这里！
2019-12-04 16:06:57.113 [http-nio-8889-exec-2] INFO  o.j.modules.system.controller.SysDictController:160 - Result(success=true, message=操作成功！, code=0, result=[DictModel(value=4, text=采购完成), DictModel(value=3, text=采购退货), DictModel(value=2, text=采购中), DictModel(value=1, text=待采购)], timestamp=1575446817105)
2019-12-04 16:06:57.427 [http-nio-8889-exec-3] INFO  o.j.modules.system.controller.SysDictController:127 -  dictCode : purchaseStatus
2019-12-04 16:06:57.430 [http-nio-8889-exec-3] INFO  o.j.modules.system.controller.SysDictController:160 - Result(success=true, message=操作成功！, code=0, result=[DictModel(value=4, text=采购完成), DictModel(value=3, text=采购退货), DictModel(value=2, text=采购中), DictModel(value=1, text=待采购)], timestamp=1575446817428)
2019-12-04 16:07:00.797 [http-nio-8889-exec-6] INFO  o.j.modules.system.controller.SysDictController:127 -  dictCode : purchaseStatus
2019-12-04 16:07:00.803 [http-nio-8889-exec-6] INFO  o.j.modules.system.controller.SysDictController:160 - Result(success=true, message=操作成功！, code=0, result=[DictModel(value=4, text=采购完成), DictModel(value=3, text=采购退货), DictModel(value=2, text=采购中), DictModel(value=1, text=待采购)], timestamp=1575446820798)
2019-12-04 16:08:47.009 [http-nio-8889-exec-7] INFO  o.j.modules.system.controller.SysDictController:127 -  dictCode : orderStatus
2019-12-04 16:08:47.013 [http-nio-8889-exec-8] INFO  o.j.m.demo.system.controller.CsmSysdictController:36 -  dictCode : csm_company
2019-12-04 16:08:47.027 [http-nio-8889-exec-7] INFO  o.j.modules.system.service.impl.SysDictServiceImpl:48 - 无缓存dictCache的时候调用这里！
2019-12-04 16:08:47.039 [http-nio-8889-exec-7] INFO  o.j.modules.system.controller.SysDictController:160 - Result(success=true, message=操作成功！, code=0, result=[DictModel(value=1, text=待处理), DictModel(value=4, text=已销售), DictModel(value=5, text=已开票), DictModel(value=3, text=工具取回), DictModel(value=2, text=已送货)], timestamp=1575446927022)
2019-12-04 16:08:47.078 [http-nio-8889-exec-8] INFO  o.j.m.demo.system.controller.CsmSysdictController:45 - Result(success=true, message=操作成功！, code=0, result=[DictModel(value=1199578235035893761, text=华为), DictModel(value=1199578306305507330, text=小米), DictModel(value=1199579264813023233, text=中兴)], timestamp=1575446927022)
2019-12-04 16:10:21.315 [http-nio-8889-exec-9] INFO  o.j.modules.system.service.impl.SysDictServiceImpl:62 - 无缓存dictText的时候调用这里！
2019-12-04 16:10:21.325 [http-nio-8889-exec-9] INFO  o.j.modules.system.service.impl.SysDictServiceImpl:62 - 无缓存dictText的时候调用这里！
2019-12-04 16:10:21.338 [http-nio-8889-exec-9] INFO  o.j.modules.system.service.impl.SysDictServiceImpl:62 - 无缓存dictText的时候调用这里！
2019-12-04 16:10:21.345 [http-nio-8889-exec-9] INFO  o.j.modules.system.service.impl.SysDictServiceImpl:62 - 无缓存dictText的时候调用这里！
2019-12-04 16:13:44.869 [http-nio-8889-exec-1] INFO  o.j.modules.system.controller.SysDictController:127 -  dictCode : cgform_table_type
2019-12-04 16:13:44.873 [http-nio-8889-exec-1] INFO  o.j.modules.system.service.impl.SysDictServiceImpl:48 - 无缓存dictCache的时候调用这里！
2019-12-04 16:13:44.883 [http-nio-8889-exec-1] INFO  o.j.modules.system.controller.SysDictController:160 - Result(success=true, message=操作成功！, code=0, result=[DictModel(value=1, text=单表), DictModel(value=2, text=主表), DictModel(value=3, text=附表)], timestamp=1575447224870)
2019-12-04 16:13:45.115 [http-nio-8889-exec-4] INFO  o.j.modules.system.controller.SysDictController:127 -  dictCode : cgform_table_type
2019-12-04 16:13:45.117 [http-nio-8889-exec-4] INFO  o.j.modules.system.controller.SysDictController:160 - Result(success=true, message=操作成功！, code=0, result=[DictModel(value=1, text=单表), DictModel(value=2, text=主表), DictModel(value=3, text=附表)], timestamp=1575447225116)
2019-12-04 16:56:08.173 [http-nio-8889-exec-10] ERROR o.a.c.c.C.[.[.[/jeecg-boot].[dispatcherServlet]:175 - Servlet.service() for servlet [dispatcherServlet] in context with path [/jeecg-boot] threw exception [org.apache.shiro.authc.AuthenticationException: Token失效，请重新登录] with root cause
org.apache.shiro.authc.AuthenticationException: Token失效，请重新登录!
	at org.jeecg.modules.shiro.authc.ShiroRealm.checkUserTokenIsEffect(ShiroRealm.java:119)
	at org.jeecg.modules.shiro.authc.ShiroRealm.doGetAuthenticationInfo(ShiroRealm.java:94)
	at org.apache.shiro.realm.AuthenticatingRealm.getAuthenticationInfo(AuthenticatingRealm.java:571)
	at org.apache.shiro.authc.pam.ModularRealmAuthenticator.doSingleRealmAuthentication(ModularRealmAuthenticator.java:180)
	at org.apache.shiro.authc.pam.ModularRealmAuthenticator.doAuthenticate(ModularRealmAuthenticator.java:267)
	at org.apache.shiro.authc.AbstractAuthenticator.authenticate(AbstractAuthenticator.java:198)
	at org.apache.shiro.mgt.AuthenticatingSecurityManager.authenticate(AuthenticatingSecurityManager.java:106)
	at org.apache.shiro.mgt.DefaultSecurityManager.login(DefaultSecurityManager.java:274)
	at org.apache.shiro.subject.support.DelegatingSubject.login(DelegatingSubject.java:260)
	at org.jeecg.modules.shiro.authc.aop.JwtFilter.executeLogin(JwtFilter.java:51)
	at org.jeecg.modules.shiro.authc.aop.JwtFilter.isAccessAllowed(JwtFilter.java:34)
	at org.apache.shiro.web.filter.AccessControlFilter.onPreHandle(AccessControlFilter.java:162)
	at org.apache.shiro.web.filter.PathMatchingFilter.isFilterChainContinued(PathMatchingFilter.java:203)
	at org.apache.shiro.web.filter.PathMatchingFilter.preHandle(PathMatchingFilter.java:178)
	at org.jeecg.modules.shiro.authc.aop.JwtFilter.preHandle(JwtFilter.java:71)
	at org.apache.shiro.web.servlet.AdviceFilter.doFilterInternal(AdviceFilter.java:131)
	at org.apache.shiro.web.servlet.OncePerRequestFilter.doFilter(OncePerRequestFilter.java:125)
	at org.apache.shiro.web.servlet.ProxiedFilterChain.doFilter(ProxiedFilterChain.java:66)
	at org.apache.shiro.web.servlet.AbstractShiroFilter.executeChain(AbstractShiroFilter.java:449)
	at org.apache.shiro.web.servlet.AbstractShiroFilter$1.call(AbstractShiroFilter.java:365)
	at org.apache.shiro.subject.support.SubjectCallable.doCall(SubjectCallable.java:90)
	at org.apache.shiro.subject.support.SubjectCallable.call(SubjectCallable.java:83)
	at org.apache.shiro.subject.support.DelegatingSubject.execute(DelegatingSubject.java:387)
	at org.apache.shiro.web.servlet.AbstractShiroFilter.doFilterInternal(AbstractShiroFilter.java:362)
	at org.apache.shiro.web.servlet.OncePerRequestFilter.doFilter(OncePerRequestFilter.java:125)
	at org.apache.catalina.core.ApplicationFilterChain.internalDoFilter(ApplicationFilterChain.java:193)
	at org.apache.catalina.core.ApplicationFilterChain.doFilter(ApplicationFilterChain.java:166)
	at com.alibaba.druid.support.http.WebStatFilter.doFilter(WebStatFilter.java:124)
	at org.apache.catalina.core.ApplicationFilterChain.internalDoFilter(ApplicationFilterChain.java:193)
	at org.apache.catalina.core.ApplicationFilterChain.doFilter(ApplicationFilterChain.java:166)
	at org.springframework.boot.actuate.web.trace.servlet.HttpTraceFilter.doFilterInternal(HttpTraceFilter.java:90)
	at org.springframework.web.filter.OncePerRequestFilter.doFilter(OncePerRequestFilter.java:107)
	at org.apache.catalina.core.ApplicationFilterChain.internalDoFilter(ApplicationFilterChain.java:193)
	at org.apache.catalina.core.ApplicationFilterChain.doFilter(ApplicationFilterChain.java:166)
	at org.springframework.web.filter.RequestContextFilter.doFilterInternal(RequestContextFilter.java:99)
	at org.springframework.web.filter.OncePerRequestFilter.doFilter(OncePerRequestFilter.java:107)
	at org.apache.catalina.core.ApplicationFilterChain.internalDoFilter(ApplicationFilterChain.java:193)
	at org.apache.catalina.core.ApplicationFilterChain.doFilter(ApplicationFilterChain.java:166)
	at org.springframework.web.filter.FormContentFilter.doFilterInternal(FormContentFilter.java:92)
	at org.springframework.web.filter.OncePerRequestFilter.doFilter(OncePerRequestFilter.java:107)
	at org.apache.catalina.core.ApplicationFilterChain.internalDoFilter(ApplicationFilterChain.java:193)
	at org.apache.catalina.core.ApplicationFilterChain.doFilter(ApplicationFilterChain.java:166)
	at org.springframework.web.filter.HiddenHttpMethodFilter.doFilterInternal(HiddenHttpMethodFilter.java:93)
	at org.springframework.web.filter.OncePerRequestFilter.doFilter(OncePerRequestFilter.java:107)
	at org.apache.catalina.core.ApplicationFilterChain.internalDoFilter(ApplicationFilterChain.java:193)
	at org.apache.catalina.core.ApplicationFilterChain.doFilter(ApplicationFilterChain.java:166)
	at org.springframework.boot.actuate.metrics.web.servlet.WebMvcMetricsFilter.filterAndRecordMetrics(WebMvcMetricsFilter.java:117)
	at org.springframework.boot.actuate.metrics.web.servlet.WebMvcMetricsFilter.doFilterInternal(WebMvcMetricsFilter.java:106)
	at org.springframework.web.filter.OncePerRequestFilter.doFilter(OncePerRequestFilter.java:107)
	at org.apache.catalina.core.ApplicationFilterChain.internalDoFilter(ApplicationFilterChain.java:193)
	at org.apache.catalina.core.ApplicationFilterChain.doFilter(ApplicationFilterChain.java:166)
	at org.springframework.web.filter.CharacterEncodingFilter.doFilterInternal(CharacterEncodingFilter.java:200)
	at org.springframework.web.filter.OncePerRequestFilter.doFilter(OncePerRequestFilter.java:107)
	at org.apache.catalina.core.ApplicationFilterChain.internalDoFilter(ApplicationFilterChain.java:193)
	at org.apache.catalina.core.ApplicationFilterChain.doFilter(ApplicationFilterChain.java:166)
	at org.apache.catalina.core.StandardWrapperValve.invoke(StandardWrapperValve.java:200)
	at org.apache.catalina.core.StandardContextValve.invoke(StandardContextValve.java:96)
	at org.apache.catalina.authenticator.AuthenticatorBase.invoke(AuthenticatorBase.java:490)
	at org.apache.catalina.core.StandardHostValve.invoke(StandardHostValve.java:139)
	at org.apache.catalina.valves.ErrorReportValve.invoke(ErrorReportValve.java:92)
	at org.apache.catalina.core.StandardEngineValve.invoke(StandardEngineValve.java:74)
	at org.apache.catalina.connector.CoyoteAdapter.service(CoyoteAdapter.java:343)
	at org.apache.coyote.http11.Http11Processor.service(Http11Processor.java:408)
	at org.apache.coyote.AbstractProcessorLight.process(AbstractProcessorLight.java:66)
	at org.apache.coyote.AbstractProtocol$ConnectionHandler.process(AbstractProtocol.java:834)
	at org.apache.tomcat.util.net.NioEndpoint$SocketProcessor.doRun(NioEndpoint.java:1415)
	at org.apache.tomcat.util.net.SocketProcessorBase.run(SocketProcessorBase.java:49)
	at java.util.concurrent.ThreadPoolExecutor.runWorker(Unknown Source)
	at java.util.concurrent.ThreadPoolExecutor$Worker.run(Unknown Source)
	at org.apache.tomcat.util.threads.TaskThread$WrappingRunnable.run(TaskThread.java:61)
	at java.lang.Thread.run(Unknown Source)
2019-12-04 16:56:09.890 [http-nio-8889-exec-4] INFO  o.jeecg.modules.system.controller.LoginController:118 -  用户名:  管理员,退出成功！ 
2019-12-04 16:57:16.014 [http-nio-8889-exec-6] INFO  o.j.m.system.controller.SysPermissionController:120 -  ------ 通过令牌获取用户拥有的访问菜单 ---- TOKEN ------ eyJ0eXAiOiJKV1QiLCJhbGciOiJIUzI1NiJ9.eyJleHAiOjE1NzU0NTE2MzUsInVzZXJuYW1lIjoiYWRtaW4ifQ.FT3modudglR5RY8hIdoSFc-0-nM387AuFA-Lxd-nJGg
2019-12-04 16:57:20.965 [http-nio-8889-exec-8] INFO  o.j.modules.system.controller.SysDictController:127 -  dictCode : purchaseStatus
2019-12-04 16:57:21.616 [http-nio-8889-exec-8] INFO  o.j.modules.system.controller.SysDictController:160 - Result(success=true, message=操作成功！, code=0, result=[DictModel(value=4, text=采购完成), DictModel(value=3, text=采购退货), DictModel(value=2, text=采购中), DictModel(value=1, text=待采购)], timestamp=1575449840990)
2019-12-04 16:57:22.946 [http-nio-8889-exec-9] INFO  o.j.modules.system.controller.SysDictController:127 -  dictCode : purchaseStatus
2019-12-04 16:57:23.081 [http-nio-8889-exec-9] INFO  o.j.modules.system.controller.SysDictController:160 - Result(success=true, message=操作成功！, code=0, result=[DictModel(value=4, text=采购完成), DictModel(value=3, text=采购退货), DictModel(value=2, text=采购中), DictModel(value=1, text=待采购)], timestamp=1575449842946)
2019-12-04 16:57:25.447 [http-nio-8889-exec-1] INFO  o.j.modules.system.controller.SysDictController:127 -  dictCode : purchaseStatus
2019-12-04 16:57:25.464 [http-nio-8889-exec-1] INFO  o.j.modules.system.controller.SysDictController:160 - Result(success=true, message=操作成功！, code=0, result=[DictModel(value=4, text=采购完成), DictModel(value=3, text=采购退货), DictModel(value=2, text=采购中), DictModel(value=1, text=待采购)], timestamp=1575449845448)
2019-12-04 17:03:05.631 [http-nio-8889-exec-4] INFO  o.j.modules.system.controller.SysDictController:127 -  dictCode : purchaseStatus
2019-12-04 17:03:05.650 [http-nio-8889-exec-4] INFO  o.j.modules.system.controller.SysDictController:160 - Result(success=true, message=操作成功！, code=0, result=[DictModel(value=4, text=采购完成), DictModel(value=3, text=采购退货), DictModel(value=2, text=采购中), DictModel(value=1, text=待采购)], timestamp=1575450185632)
2019-12-04 17:24:45.453 [http-nio-8889-exec-10] INFO  o.j.modules.system.controller.SysDictController:127 -  dictCode : purchaseStatus
2019-12-04 17:24:47.782 [http-nio-8889-exec-10] INFO  o.j.modules.system.service.impl.SysDictServiceImpl:48 - 无缓存dictCache的时候调用这里！
2019-12-04 17:24:54.634 [http-nio-8889-exec-10] INFO  o.j.modules.system.controller.SysDictController:160 - Result(success=true, message=操作成功！, code=0, result=[DictModel(value=4, text=采购完成), DictModel(value=3, text=采购退货), DictModel(value=2, text=采购中), DictModel(value=1, text=待采购)], timestamp=1575451486346)
2019-12-04 17:27:16.324 [http-nio-8889-exec-3] INFO  o.j.modules.system.controller.SysDictController:127 -  dictCode : purchaseStatus
2019-12-04 17:27:17.058 [http-nio-8889-exec-3] INFO  o.j.modules.system.controller.SysDictController:160 - Result(success=true, message=操作成功！, code=0, result=[DictModel(value=4, text=采购完成), DictModel(value=3, text=采购退货), DictModel(value=2, text=采购中), DictModel(value=1, text=待采购)], timestamp=1575451636499)
2019-12-04 17:41:22.792 [http-nio-8889-exec-8] INFO  o.j.modules.system.controller.SysDictController:127 -  dictCode : stockStatus
2019-12-04 17:41:23.349 [http-nio-8889-exec-8] INFO  o.j.modules.system.service.impl.SysDictServiceImpl:48 - 无缓存dictCache的时候调用这里！
2019-12-04 17:41:23.784 [http-nio-8889-exec-8] INFO  o.j.modules.system.controller.SysDictController:160 - Result(success=true, message=操作成功！, code=0, result=[DictModel(value=1, text=在途), DictModel(value=8, text=丢失), DictModel(value=9, text=送货中), DictModel(value=7, text=销售), DictModel(value=5, text=换货), DictModel(value=4, text=退货), DictModel(value=3, text=本地), DictModel(value=2, text=备货), DictModel(value=6, text=调出)], timestamp=1575452483304)
