2019-12-12 09:45:14.217 [main] INFO  org.jeecg.JeecgApplication:50 - Starting JeecgApplication on DESKTOP-89SVNT6 with PID 10912 (D:\CSM\jeecg-boot-master\jeecg-boot\jeecg-boot-module-system\target\classes started by dell in D:\CSM\jeecg-boot-master\jeecg-boot\jeecg-boot-module-system)
2019-12-12 09:45:14.224 [main] INFO  org.jeecg.JeecgApplication:679 - The following profiles are active: dev
2019-12-12 09:45:16.387 [main] INFO  o.s.d.r.config.RepositoryConfigurationDelegate:244 - Multiple Spring Data modules found, entering strict repository configuration mode!
2019-12-12 09:45:16.392 [main] INFO  o.s.d.r.config.RepositoryConfigurationDelegate:126 - Bootstrapping Spring Data repositories in DEFAULT mode.
2019-12-12 09:45:16.545 [main] INFO  o.s.d.r.config.RepositoryConfigurationDelegate:182 - Finished Spring Data repository scanning in 124ms. Found 0 repository interfaces.
2019-12-12 09:45:17.110 [main] INFO  o.s.c.s.PostProcessorRegistrationDelegate$BeanPostProcessorChecker:330 - Bean 'shiroConfig' of type [org.jeecg.config.ShiroConfig$$EnhancerBySpringCGLIB$$48a904c4] is not eligible for getting processed by all BeanPostProcessors (for example: not eligible for auto-proxying)
2019-12-12 09:45:17.278 [main] INFO  o.s.c.s.PostProcessorRegistrationDelegate$BeanPostProcessorChecker:330 - Bean 'shiroRealm' of type [org.jeecg.modules.shiro.authc.ShiroRealm] is not eligible for getting processed by all BeanPostProcessors (for example: not eligible for auto-proxying)
2019-12-12 09:45:18.659 [main] INFO  o.s.c.s.PostProcessorRegistrationDelegate$BeanPostProcessorChecker:330 - Bean 'securityManager' of type [org.apache.shiro.web.mgt.DefaultWebSecurityManager] is not eligible for getting processed by all BeanPostProcessors (for example: not eligible for auto-proxying)
2019-12-12 09:45:18.697 [main] INFO  o.s.c.s.PostProcessorRegistrationDelegate$BeanPostProcessorChecker:330 - Bean 'authorizationAttributeSourceAdvisor' of type [org.apache.shiro.spring.security.interceptor.AuthorizationAttributeSourceAdvisor] is not eligible for getting processed by all BeanPostProcessors (for example: not eligible for auto-proxying)
2019-12-12 09:45:18.776 [main] INFO  o.s.c.s.PostProcessorRegistrationDelegate$BeanPostProcessorChecker:330 - Bean 'org.springframework.transaction.annotation.ProxyTransactionManagementConfiguration' of type [org.springframework.transaction.annotation.ProxyTransactionManagementConfiguration$$EnhancerBySpringCGLIB$$28a39b2e] is not eligible for getting processed by all BeanPostProcessors (for example: not eligible for auto-proxying)
2019-12-12 09:45:19.075 [main] INFO  o.s.c.s.PostProcessorRegistrationDelegate$BeanPostProcessorChecker:330 - Bean 'spring.datasource.dynamic-com.baomidou.dynamic.datasource.spring.boot.autoconfigure.DynamicDataSourceProperties' of type [com.baomidou.dynamic.datasource.spring.boot.autoconfigure.DynamicDataSourceProperties] is not eligible for getting processed by all BeanPostProcessors (for example: not eligible for auto-proxying)
2019-12-12 09:45:19.082 [main] INFO  o.s.c.s.PostProcessorRegistrationDelegate$BeanPostProcessorChecker:330 - Bean 'com.baomidou.dynamic.datasource.spring.boot.autoconfigure.DynamicDataSourceAutoConfiguration' of type [com.baomidou.dynamic.datasource.spring.boot.autoconfigure.DynamicDataSourceAutoConfiguration$$EnhancerBySpringCGLIB$$92320bff] is not eligible for getting processed by all BeanPostProcessors (for example: not eligible for auto-proxying)
2019-12-12 09:45:19.094 [main] INFO  o.s.c.s.PostProcessorRegistrationDelegate$BeanPostProcessorChecker:330 - Bean 'dsProcessor' of type [com.baomidou.dynamic.datasource.processor.DsHeaderProcessor] is not eligible for getting processed by all BeanPostProcessors (for example: not eligible for auto-proxying)
2019-12-12 09:45:19.104 [main] INFO  o.s.c.s.PostProcessorRegistrationDelegate$BeanPostProcessorChecker:330 - Bean 'dynamicDatasourceAnnotationAdvisor' of type [com.baomidou.dynamic.datasource.aop.DynamicDataSourceAnnotationAdvisor] is not eligible for getting processed by all BeanPostProcessors (for example: not eligible for auto-proxying)
2019-12-12 09:45:19.141 [main] INFO  o.s.c.s.PostProcessorRegistrationDelegate$BeanPostProcessorChecker:330 - Bean 'spring.redis-org.springframework.boot.autoconfigure.data.redis.RedisProperties' of type [org.springframework.boot.autoconfigure.data.redis.RedisProperties] is not eligible for getting processed by all BeanPostProcessors (for example: not eligible for auto-proxying)
2019-12-12 09:45:19.151 [main] INFO  o.s.c.s.PostProcessorRegistrationDelegate$BeanPostProcessorChecker:330 - Bean 'org.springframework.boot.autoconfigure.data.redis.LettuceConnectionConfiguration' of type [org.springframework.boot.autoconfigure.data.redis.LettuceConnectionConfiguration$$EnhancerBySpringCGLIB$$3dbd5978] is not eligible for getting processed by all BeanPostProcessors (for example: not eligible for auto-proxying)
2019-12-12 09:45:19.490 [main] INFO  o.s.c.s.PostProcessorRegistrationDelegate$BeanPostProcessorChecker:330 - Bean 'lettuceClientResources' of type [io.lettuce.core.resource.DefaultClientResources] is not eligible for getting processed by all BeanPostProcessors (for example: not eligible for auto-proxying)
2019-12-12 09:45:19.702 [main] INFO  o.s.c.s.PostProcessorRegistrationDelegate$BeanPostProcessorChecker:330 - Bean 'redisConnectionFactory' of type [org.springframework.data.redis.connection.lettuce.LettuceConnectionFactory] is not eligible for getting processed by all BeanPostProcessors (for example: not eligible for auto-proxying)
2019-12-12 09:45:19.718 [main] INFO  o.s.c.s.PostProcessorRegistrationDelegate$BeanPostProcessorChecker:330 - Bean 'redisConfig' of type [org.jeecg.config.RedisConfig$$EnhancerBySpringCGLIB$$93778c0e] is not eligible for getting processed by all BeanPostProcessors (for example: not eligible for auto-proxying)
2019-12-12 09:45:19.765 [main] INFO  o.s.c.s.PostProcessorRegistrationDelegate$BeanPostProcessorChecker:330 - Bean 'org.apache.shiro.spring.boot.autoconfigure.ShiroBeanAutoConfiguration' of type [org.apache.shiro.spring.boot.autoconfigure.ShiroBeanAutoConfiguration$$EnhancerBySpringCGLIB$$3bbc78de] is not eligible for getting processed by all BeanPostProcessors (for example: not eligible for auto-proxying)
2019-12-12 09:45:19.772 [main] INFO  o.s.c.s.PostProcessorRegistrationDelegate$BeanPostProcessorChecker:330 - Bean 'eventBus' of type [org.apache.shiro.event.support.DefaultEventBus] is not eligible for getting processed by all BeanPostProcessors (for example: not eligible for auto-proxying)
2019-12-12 09:45:20.389 [main] INFO  o.s.boot.web.embedded.tomcat.TomcatWebServer:90 - Tomcat initialized with port(s): 8889 (http)
2019-12-12 09:45:20.415 [main] INFO  org.apache.coyote.http11.Http11NioProtocol:173 - Initializing ProtocolHandler ["http-nio-8889"]
2019-12-12 09:45:20.441 [main] INFO  org.apache.catalina.core.StandardService:173 - Starting service [Tomcat]
2019-12-12 09:45:20.441 [main] INFO  org.apache.catalina.core.StandardEngine:173 - Starting Servlet engine: [Apache Tomcat/9.0.16]
2019-12-12 09:45:20.454 [main] INFO  org.apache.catalina.core.AprLifecycleListener:173 - The APR based Apache Tomcat Native library which allows optimal performance in production environments was not found on the java.library.path: [C:\Program Files\Java\jre1.8.0_191\bin;C:\WINDOWS\Sun\Java\bin;C:\WINDOWS\system32;C:\WINDOWS;C:/Program Files/Java/jre1.8.0_191/bin/server;C:/Program Files/Java/jre1.8.0_191/bin;C:/Program Files/Java/jre1.8.0_191/lib/amd64;C:\Program Files (x86)\NetSarang\Xftp 6\;C:\Program Files (x86)\Common Files\Oracle\Java\javapath;C:\WINDOWS\system32;C:\WINDOWS;C:\WINDOWS\System32\Wbem;C:\WINDOWS\System32\WindowsPowerShell\v1.0\;C:\Program Files\Java\jdk1.8.0_191\bin;C:\Program Files\Java\jdk1.8.0_191\jre\bin;D:\MYSQL\mysql-5.7.24-winx64\bin;C:\WINDOWS\System32\OpenSSH\;C:\Program Files\dotnet\;C:\Program Files\Git\cmd;C:\Program Files (x86)\Yarn\bin\;C:\Program Files\nodejs\;C:\Program Files\TortoiseSVN\bin;C:\Users\dell\AppData\Local\Microsoft\WindowsApps;C:\Program Files\nodejs\node_global;C:\Users\dell\AppData\Local\Programs\Microsoft VS Code\bin;C:\Users\dell\AppData\Local\Yarn\bin;C:\Users\dell\AppData\Roaming\npm;C:\Users\dell\Desktop;;.]
2019-12-12 09:45:20.639 [main] INFO  o.a.c.c.C.[Tomcat].[localhost].[/jeecg-boot]:173 - Initializing Spring embedded WebApplicationContext
2019-12-12 09:45:20.640 [main] INFO  org.springframework.web.context.ContextLoader:296 - Root WebApplicationContext: initialization completed in 6362 ms
2019-12-12 09:45:21.193 [main] INFO  c.b.dynamic.datasource.DynamicDataSourceCreator:113 - 动态数据源-检测到druid存在,如配置中未指定type,druid会默认配置
2019-12-12 09:45:22.806 [main] INFO  com.alibaba.druid.pool.DruidDataSource:1003 - {dataSource-1,master} inited
2019-12-12 09:45:22.807 [main] INFO  c.b.dynamic.datasource.DynamicRoutingDataSource:203 - 初始共加载 1 个数据源
2019-12-12 09:45:22.809 [main] INFO  c.b.dynamic.datasource.DynamicRoutingDataSource:142 - 动态数据源-加载 master 成功
2019-12-12 09:45:22.810 [main] INFO  c.b.dynamic.datasource.DynamicRoutingDataSource:212 - 当前的默认数据源是单数据源，数据源名为 master
2019-12-12 09:45:28.703 [main] INFO  org.quartz.impl.StdSchedulerFactory:1208 - Using default implementation for ThreadExecutor
2019-12-12 09:45:28.733 [main] INFO  org.quartz.core.SchedulerSignalerImpl:61 - Initialized Scheduler Signaller of type: class org.quartz.core.SchedulerSignalerImpl
2019-12-12 09:45:28.734 [main] INFO  org.quartz.core.QuartzScheduler:229 - Quartz Scheduler v.2.3.0 created.
2019-12-12 09:45:28.742 [main] INFO  o.s.scheduling.quartz.LocalDataSourceJobStore:672 - Using db table-based data access locking (synchronization).
2019-12-12 09:45:28.746 [main] INFO  o.s.scheduling.quartz.LocalDataSourceJobStore:145 - JobStoreCMT initialized.
2019-12-12 09:45:28.748 [main] INFO  org.quartz.core.QuartzScheduler:294 - Scheduler meta-data: Quartz Scheduler (v2.3.0) 'quartzScheduler' with instanceId 'NON_CLUSTERED'
  Scheduler class: 'org.quartz.core.QuartzScheduler' - running locally.
  NOT STARTED.
  Currently in standby mode.
  Number of jobs executed: 0
  Using thread pool 'org.quartz.simpl.SimpleThreadPool' - with 10 threads.
  Using job-store 'org.springframework.scheduling.quartz.LocalDataSourceJobStore' - which supports persistence. and is not clustered.

2019-12-12 09:45:28.748 [main] INFO  org.quartz.impl.StdSchedulerFactory:1362 - Quartz scheduler 'quartzScheduler' initialized from an externally provided properties instance.
2019-12-12 09:45:28.748 [main] INFO  org.quartz.impl.StdSchedulerFactory:1366 - Quartz scheduler version: 2.3.0
2019-12-12 09:45:28.749 [main] INFO  org.quartz.core.QuartzScheduler:2287 - JobFactory set to: org.springframework.scheduling.quartz.SpringBeanJobFactory@5e3a5f0c
2019-12-12 09:45:31.227 [main] INFO  o.s.b.actuate.endpoint.web.EndpointLinksResolver:59 - Exposing 2 endpoint(s) beneath base path '/actuator'
2019-12-12 09:45:31.456 [main] INFO  s.d.s.w.PropertySourcedRequestMappingHandlerMapping:69 - Mapped URL path [/v2/api-docs] onto method [public org.springframework.http.ResponseEntity<springfox.documentation.spring.web.json.Json> springfox.documentation.swagger2.web.Swagger2Controller.getDocumentation(java.lang.String,javax.servlet.http.HttpServletRequest)]
2019-12-12 09:45:31.840 [main] INFO  o.s.scheduling.concurrent.ThreadPoolTaskExecutor:171 - Initializing ExecutorService 'applicationTaskExecutor'
2019-12-12 09:45:32.963 [main] INFO  s.d.s.web.plugins.DocumentationPluginsBootstrapper:160 - Context refreshed
2019-12-12 09:45:33.002 [main] INFO  s.d.s.web.plugins.DocumentationPluginsBootstrapper:163 - Found 1 custom documentation plugin(s)
2019-12-12 09:45:33.069 [main] INFO  s.d.spring.web.scanners.ApiListingReferenceScanner:41 - Scanning for api listing references
2019-12-12 09:45:33.351 [main] INFO  o.s.scheduling.quartz.SchedulerFactoryBean:726 - Starting Quartz Scheduler now
2019-12-12 09:45:34.006 [main] INFO  o.s.scheduling.quartz.LocalDataSourceJobStore:866 - Freed 0 triggers from 'acquired' / 'blocked' state.
2019-12-12 09:45:34.092 [main] INFO  o.s.scheduling.quartz.LocalDataSourceJobStore:876 - Recovering 0 jobs that were in-progress at the time of the last shut-down.
2019-12-12 09:45:34.092 [main] INFO  o.s.scheduling.quartz.LocalDataSourceJobStore:889 - Recovery complete.
2019-12-12 09:45:34.094 [main] INFO  o.s.scheduling.quartz.LocalDataSourceJobStore:896 - Removed 0 'complete' triggers.
2019-12-12 09:45:34.103 [main] INFO  o.s.scheduling.quartz.LocalDataSourceJobStore:901 - Removed 0 stale fired job entries.
2019-12-12 09:45:34.105 [main] INFO  org.quartz.core.QuartzScheduler:547 - Scheduler quartzScheduler_$_NON_CLUSTERED started.
2019-12-12 09:45:34.125 [main] INFO  org.apache.coyote.http11.Http11NioProtocol:173 - Starting ProtocolHandler ["http-nio-8889"]
2019-12-12 09:45:34.196 [main] INFO  o.s.boot.web.embedded.tomcat.TomcatWebServer:204 - Tomcat started on port(s): 8889 (http) with context path '/jeecg-boot'
2019-12-12 09:45:34.199 [main] INFO  org.jeecg.JeecgApplication:59 - Started JeecgApplication in 20.524 seconds (JVM running for 21.707)
2019-12-12 09:45:34.213 [main] INFO  org.jeecg.JeecgApplication:26 - 
----------------------------------------------------------
	Application Jeecg-Boot is running! Access URLs:
	Local: 		http://localhost:8889/jeecg-boot/
	External: 	http://192.168.1.122:8889/jeecg-boot/
	swagger-ui: 	http://192.168.1.122:8889/jeecg-boot/swagger-ui.html
	Doc: 		http://192.168.1.122:8889/jeecg-boot/doc.html
----------------------------------------------------------
2019-12-12 10:07:53.498 [http-nio-8889-exec-1] INFO  o.a.c.c.C.[Tomcat].[localhost].[/jeecg-boot]:173 - Initializing Spring DispatcherServlet 'dispatcherServlet'
2019-12-12 10:07:53.576 [http-nio-8889-exec-1] INFO  org.springframework.web.servlet.DispatcherServlet:524 - Initializing Servlet 'dispatcherServlet'
2019-12-12 10:07:58.792 [http-nio-8889-exec-1] INFO  org.springframework.web.servlet.DispatcherServlet:546 - Completed initialization in 5197 ms
2019-12-12 10:08:13.451 [http-nio-8889-exec-1] INFO  io.lettuce.core.EpollProvider:68 - Starting without optional epoll library
2019-12-12 10:08:13.512 [http-nio-8889-exec-1] INFO  io.lettuce.core.KqueueProvider:70 - Starting without optional kqueue library
2019-12-12 10:08:14.035 [http-nio-8889-exec-2] INFO  o.jeecg.modules.system.controller.LoginController:118 -  用户名:  管理员,退出成功！ 
2019-12-12 10:08:37.392 [http-nio-8889-exec-1] ERROR o.a.c.c.C.[.[.[/jeecg-boot].[dispatcherServlet]:175 - Servlet.service() for servlet [dispatcherServlet] in context with path [/jeecg-boot] threw exception [org.apache.shiro.authc.AuthenticationException: Token失效，请重新登录] with root cause
org.apache.shiro.authc.AuthenticationException: Token失效，请重新登录!
	at org.jeecg.modules.shiro.authc.ShiroRealm.checkUserTokenIsEffect(ShiroRealm.java:119)
	at org.jeecg.modules.shiro.authc.ShiroRealm.doGetAuthenticationInfo(ShiroRealm.java:94)
	at org.apache.shiro.realm.AuthenticatingRealm.getAuthenticationInfo(AuthenticatingRealm.java:571)
	at org.apache.shiro.authc.pam.ModularRealmAuthenticator.doSingleRealmAuthentication(ModularRealmAuthenticator.java:180)
	at org.apache.shiro.authc.pam.ModularRealmAuthenticator.doAuthenticate(ModularRealmAuthenticator.java:267)
	at org.apache.shiro.authc.AbstractAuthenticator.authenticate(AbstractAuthenticator.java:198)
	at org.apache.shiro.mgt.AuthenticatingSecurityManager.authenticate(AuthenticatingSecurityManager.java:106)
	at org.apache.shiro.mgt.DefaultSecurityManager.login(DefaultSecurityManager.java:274)
	at org.apache.shiro.subject.support.DelegatingSubject.login(DelegatingSubject.java:260)
	at org.jeecg.modules.shiro.authc.aop.JwtFilter.executeLogin(JwtFilter.java:51)
	at org.jeecg.modules.shiro.authc.aop.JwtFilter.isAccessAllowed(JwtFilter.java:34)
	at org.apache.shiro.web.filter.AccessControlFilter.onPreHandle(AccessControlFilter.java:162)
	at org.apache.shiro.web.filter.PathMatchingFilter.isFilterChainContinued(PathMatchingFilter.java:203)
	at org.apache.shiro.web.filter.PathMatchingFilter.preHandle(PathMatchingFilter.java:178)
	at org.jeecg.modules.shiro.authc.aop.JwtFilter.preHandle(JwtFilter.java:71)
	at org.apache.shiro.web.servlet.AdviceFilter.doFilterInternal(AdviceFilter.java:131)
	at org.apache.shiro.web.servlet.OncePerRequestFilter.doFilter(OncePerRequestFilter.java:125)
	at org.apache.shiro.web.servlet.ProxiedFilterChain.doFilter(ProxiedFilterChain.java:66)
	at org.apache.shiro.web.servlet.AbstractShiroFilter.executeChain(AbstractShiroFilter.java:449)
	at org.apache.shiro.web.servlet.AbstractShiroFilter$1.call(AbstractShiroFilter.java:365)
	at org.apache.shiro.subject.support.SubjectCallable.doCall(SubjectCallable.java:90)
	at org.apache.shiro.subject.support.SubjectCallable.call(SubjectCallable.java:83)
	at org.apache.shiro.subject.support.DelegatingSubject.execute(DelegatingSubject.java:387)
	at org.apache.shiro.web.servlet.AbstractShiroFilter.doFilterInternal(AbstractShiroFilter.java:362)
	at org.apache.shiro.web.servlet.OncePerRequestFilter.doFilter(OncePerRequestFilter.java:125)
	at org.apache.catalina.core.ApplicationFilterChain.internalDoFilter(ApplicationFilterChain.java:193)
	at org.apache.catalina.core.ApplicationFilterChain.doFilter(ApplicationFilterChain.java:166)
	at com.alibaba.druid.support.http.WebStatFilter.doFilter(WebStatFilter.java:124)
	at org.apache.catalina.core.ApplicationFilterChain.internalDoFilter(ApplicationFilterChain.java:193)
	at org.apache.catalina.core.ApplicationFilterChain.doFilter(ApplicationFilterChain.java:166)
	at org.springframework.boot.actuate.web.trace.servlet.HttpTraceFilter.doFilterInternal(HttpTraceFilter.java:90)
	at org.springframework.web.filter.OncePerRequestFilter.doFilter(OncePerRequestFilter.java:107)
	at org.apache.catalina.core.ApplicationFilterChain.internalDoFilter(ApplicationFilterChain.java:193)
	at org.apache.catalina.core.ApplicationFilterChain.doFilter(ApplicationFilterChain.java:166)
	at org.springframework.web.filter.RequestContextFilter.doFilterInternal(RequestContextFilter.java:99)
	at org.springframework.web.filter.OncePerRequestFilter.doFilter(OncePerRequestFilter.java:107)
	at org.apache.catalina.core.ApplicationFilterChain.internalDoFilter(ApplicationFilterChain.java:193)
	at org.apache.catalina.core.ApplicationFilterChain.doFilter(ApplicationFilterChain.java:166)
	at org.springframework.web.filter.FormContentFilter.doFilterInternal(FormContentFilter.java:92)
	at org.springframework.web.filter.OncePerRequestFilter.doFilter(OncePerRequestFilter.java:107)
	at org.apache.catalina.core.ApplicationFilterChain.internalDoFilter(ApplicationFilterChain.java:193)
	at org.apache.catalina.core.ApplicationFilterChain.doFilter(ApplicationFilterChain.java:166)
	at org.springframework.web.filter.HiddenHttpMethodFilter.doFilterInternal(HiddenHttpMethodFilter.java:93)
	at org.springframework.web.filter.OncePerRequestFilter.doFilter(OncePerRequestFilter.java:107)
	at org.apache.catalina.core.ApplicationFilterChain.internalDoFilter(ApplicationFilterChain.java:193)
	at org.apache.catalina.core.ApplicationFilterChain.doFilter(ApplicationFilterChain.java:166)
	at org.springframework.boot.actuate.metrics.web.servlet.WebMvcMetricsFilter.filterAndRecordMetrics(WebMvcMetricsFilter.java:117)
	at org.springframework.boot.actuate.metrics.web.servlet.WebMvcMetricsFilter.doFilterInternal(WebMvcMetricsFilter.java:106)
	at org.springframework.web.filter.OncePerRequestFilter.doFilter(OncePerRequestFilter.java:107)
	at org.apache.catalina.core.ApplicationFilterChain.internalDoFilter(ApplicationFilterChain.java:193)
	at org.apache.catalina.core.ApplicationFilterChain.doFilter(ApplicationFilterChain.java:166)
	at org.springframework.web.filter.CharacterEncodingFilter.doFilterInternal(CharacterEncodingFilter.java:200)
	at org.springframework.web.filter.OncePerRequestFilter.doFilter(OncePerRequestFilter.java:107)
	at org.apache.catalina.core.ApplicationFilterChain.internalDoFilter(ApplicationFilterChain.java:193)
	at org.apache.catalina.core.ApplicationFilterChain.doFilter(ApplicationFilterChain.java:166)
	at org.apache.catalina.core.StandardWrapperValve.invoke(StandardWrapperValve.java:200)
	at org.apache.catalina.core.StandardContextValve.invoke(StandardContextValve.java:96)
	at org.apache.catalina.authenticator.AuthenticatorBase.invoke(AuthenticatorBase.java:490)
	at org.apache.catalina.core.StandardHostValve.invoke(StandardHostValve.java:139)
	at org.apache.catalina.valves.ErrorReportValve.invoke(ErrorReportValve.java:92)
	at org.apache.catalina.core.StandardEngineValve.invoke(StandardEngineValve.java:74)
	at org.apache.catalina.connector.CoyoteAdapter.service(CoyoteAdapter.java:343)
	at org.apache.coyote.http11.Http11Processor.service(Http11Processor.java:408)
	at org.apache.coyote.AbstractProcessorLight.process(AbstractProcessorLight.java:66)
	at org.apache.coyote.AbstractProtocol$ConnectionHandler.process(AbstractProtocol.java:834)
	at org.apache.tomcat.util.net.NioEndpoint$SocketProcessor.doRun(NioEndpoint.java:1415)
	at org.apache.tomcat.util.net.SocketProcessorBase.run(SocketProcessorBase.java:49)
	at java.util.concurrent.ThreadPoolExecutor.runWorker(Unknown Source)
	at java.util.concurrent.ThreadPoolExecutor$Worker.run(Unknown Source)
	at org.apache.tomcat.util.threads.TaskThread$WrappingRunnable.run(TaskThread.java:61)
	at java.lang.Thread.run(Unknown Source)
2019-12-12 10:08:47.438 [http-nio-8889-exec-6] INFO  o.j.m.system.controller.SysPermissionController:120 -  ------ 通过令牌获取用户拥有的访问菜单 ---- TOKEN ------ eyJ0eXAiOiJKV1QiLCJhbGciOiJIUzI1NiJ9.eyJleHAiOjE1NzYxMTgzMjYsInVzZXJuYW1lIjoiYWRtaW4ifQ.95viWTEuY1YXv5ExvbCO0vAxmeeOjlwuGe-gpW07KjE
2019-12-12 10:08:54.833 [http-nio-8889-exec-2] INFO  o.j.modules.system.controller.SysDictController:127 -  dictCode : purchaseStatus
2019-12-12 10:08:56.793 [http-nio-8889-exec-2] INFO  o.j.modules.system.service.impl.SysDictServiceImpl:48 - 无缓存dictCache的时候调用这里！
2019-12-12 10:08:57.695 [http-nio-8889-exec-2] INFO  o.j.modules.system.controller.SysDictController:160 - Result(success=true, message=操作成功！, code=0, result=[DictModel(value=4, text=采购完成), DictModel(value=3, text=采购退货), DictModel(value=2, text=采购中), DictModel(value=1, text=待采购)], timestamp=1576116534838)
2019-12-12 10:08:58.174 [http-nio-8889-exec-1] INFO  o.j.modules.system.controller.SysDictController:127 -  dictCode : purchaseStatus
2019-12-12 10:08:58.330 [http-nio-8889-exec-1] INFO  o.j.modules.system.controller.SysDictController:160 - Result(success=true, message=操作成功！, code=0, result=[DictModel(value=4, text=采购完成), DictModel(value=3, text=采购退货), DictModel(value=2, text=采购中), DictModel(value=1, text=待采购)], timestamp=1576116538175)
2019-12-12 10:09:14.549 [http-nio-8889-exec-4] INFO  o.j.modules.system.controller.SysDictController:127 -  dictCode : stockStatus
2019-12-12 10:09:14.552 [http-nio-8889-exec-4] INFO  o.j.modules.system.service.impl.SysDictServiceImpl:48 - 无缓存dictCache的时候调用这里！
2019-12-12 10:09:14.915 [http-nio-8889-exec-4] INFO  o.j.modules.system.controller.SysDictController:160 - Result(success=true, message=操作成功！, code=0, result=[DictModel(value=1, text=在途), DictModel(value=8, text=丢失), DictModel(value=9, text=送货中), DictModel(value=7, text=销售), DictModel(value=5, text=换货), DictModel(value=4, text=退货), DictModel(value=3, text=本地), DictModel(value=2, text=备货), DictModel(value=6, text=调出)], timestamp=1576116554550)
2019-12-12 10:09:52.127 [main] INFO  org.jeecg.JeecgApplication:50 - Starting JeecgApplication on DESKTOP-89SVNT6 with PID 18852 (D:\CSM\jeecg-boot-master\jeecg-boot\jeecg-boot-module-system\target\classes started by dell in D:\CSM\jeecg-boot-master\jeecg-boot\jeecg-boot-module-system)
2019-12-12 10:09:52.136 [main] INFO  org.jeecg.JeecgApplication:679 - The following profiles are active: dev
2019-12-12 10:09:54.706 [main] INFO  o.s.d.r.config.RepositoryConfigurationDelegate:244 - Multiple Spring Data modules found, entering strict repository configuration mode!
2019-12-12 10:09:54.713 [main] INFO  o.s.d.r.config.RepositoryConfigurationDelegate:126 - Bootstrapping Spring Data repositories in DEFAULT mode.
2019-12-12 10:09:54.903 [main] INFO  o.s.d.r.config.RepositoryConfigurationDelegate:182 - Finished Spring Data repository scanning in 154ms. Found 0 repository interfaces.
2019-12-12 10:09:55.537 [main] INFO  o.s.c.s.PostProcessorRegistrationDelegate$BeanPostProcessorChecker:330 - Bean 'shiroConfig' of type [org.jeecg.config.ShiroConfig$$EnhancerBySpringCGLIB$$a25532d1] is not eligible for getting processed by all BeanPostProcessors (for example: not eligible for auto-proxying)
2019-12-12 10:09:55.702 [main] INFO  o.s.c.s.PostProcessorRegistrationDelegate$BeanPostProcessorChecker:330 - Bean 'shiroRealm' of type [org.jeecg.modules.shiro.authc.ShiroRealm] is not eligible for getting processed by all BeanPostProcessors (for example: not eligible for auto-proxying)
2019-12-12 10:09:57.076 [main] INFO  o.s.c.s.PostProcessorRegistrationDelegate$BeanPostProcessorChecker:330 - Bean 'securityManager' of type [org.apache.shiro.web.mgt.DefaultWebSecurityManager] is not eligible for getting processed by all BeanPostProcessors (for example: not eligible for auto-proxying)
2019-12-12 10:09:57.123 [main] INFO  o.s.c.s.PostProcessorRegistrationDelegate$BeanPostProcessorChecker:330 - Bean 'authorizationAttributeSourceAdvisor' of type [org.apache.shiro.spring.security.interceptor.AuthorizationAttributeSourceAdvisor] is not eligible for getting processed by all BeanPostProcessors (for example: not eligible for auto-proxying)
2019-12-12 10:09:57.214 [main] INFO  o.s.c.s.PostProcessorRegistrationDelegate$BeanPostProcessorChecker:330 - Bean 'org.springframework.transaction.annotation.ProxyTransactionManagementConfiguration' of type [org.springframework.transaction.annotation.ProxyTransactionManagementConfiguration$$EnhancerBySpringCGLIB$$824fc93b] is not eligible for getting processed by all BeanPostProcessors (for example: not eligible for auto-proxying)
2019-12-12 10:09:57.492 [main] INFO  o.s.c.s.PostProcessorRegistrationDelegate$BeanPostProcessorChecker:330 - Bean 'spring.datasource.dynamic-com.baomidou.dynamic.datasource.spring.boot.autoconfigure.DynamicDataSourceProperties' of type [com.baomidou.dynamic.datasource.spring.boot.autoconfigure.DynamicDataSourceProperties] is not eligible for getting processed by all BeanPostProcessors (for example: not eligible for auto-proxying)
2019-12-12 10:09:57.499 [main] INFO  o.s.c.s.PostProcessorRegistrationDelegate$BeanPostProcessorChecker:330 - Bean 'com.baomidou.dynamic.datasource.spring.boot.autoconfigure.DynamicDataSourceAutoConfiguration' of type [com.baomidou.dynamic.datasource.spring.boot.autoconfigure.DynamicDataSourceAutoConfiguration$$EnhancerBySpringCGLIB$$ebde3a0c] is not eligible for getting processed by all BeanPostProcessors (for example: not eligible for auto-proxying)
2019-12-12 10:09:57.510 [main] INFO  o.s.c.s.PostProcessorRegistrationDelegate$BeanPostProcessorChecker:330 - Bean 'dsProcessor' of type [com.baomidou.dynamic.datasource.processor.DsHeaderProcessor] is not eligible for getting processed by all BeanPostProcessors (for example: not eligible for auto-proxying)
2019-12-12 10:09:57.518 [main] INFO  o.s.c.s.PostProcessorRegistrationDelegate$BeanPostProcessorChecker:330 - Bean 'dynamicDatasourceAnnotationAdvisor' of type [com.baomidou.dynamic.datasource.aop.DynamicDataSourceAnnotationAdvisor] is not eligible for getting processed by all BeanPostProcessors (for example: not eligible for auto-proxying)
2019-12-12 10:09:57.545 [main] INFO  o.s.c.s.PostProcessorRegistrationDelegate$BeanPostProcessorChecker:330 - Bean 'spring.redis-org.springframework.boot.autoconfigure.data.redis.RedisProperties' of type [org.springframework.boot.autoconfigure.data.redis.RedisProperties] is not eligible for getting processed by all BeanPostProcessors (for example: not eligible for auto-proxying)
2019-12-12 10:09:57.554 [main] INFO  o.s.c.s.PostProcessorRegistrationDelegate$BeanPostProcessorChecker:330 - Bean 'org.springframework.boot.autoconfigure.data.redis.LettuceConnectionConfiguration' of type [org.springframework.boot.autoconfigure.data.redis.LettuceConnectionConfiguration$$EnhancerBySpringCGLIB$$97698785] is not eligible for getting processed by all BeanPostProcessors (for example: not eligible for auto-proxying)
2019-12-12 10:09:57.849 [main] INFO  o.s.c.s.PostProcessorRegistrationDelegate$BeanPostProcessorChecker:330 - Bean 'lettuceClientResources' of type [io.lettuce.core.resource.DefaultClientResources] is not eligible for getting processed by all BeanPostProcessors (for example: not eligible for auto-proxying)
2019-12-12 10:09:58.026 [main] INFO  o.s.c.s.PostProcessorRegistrationDelegate$BeanPostProcessorChecker:330 - Bean 'redisConnectionFactory' of type [org.springframework.data.redis.connection.lettuce.LettuceConnectionFactory] is not eligible for getting processed by all BeanPostProcessors (for example: not eligible for auto-proxying)
2019-12-12 10:09:58.040 [main] INFO  o.s.c.s.PostProcessorRegistrationDelegate$BeanPostProcessorChecker:330 - Bean 'redisConfig' of type [org.jeecg.config.RedisConfig$$EnhancerBySpringCGLIB$$ed23ba1b] is not eligible for getting processed by all BeanPostProcessors (for example: not eligible for auto-proxying)
2019-12-12 10:09:58.088 [main] INFO  o.s.c.s.PostProcessorRegistrationDelegate$BeanPostProcessorChecker:330 - Bean 'org.apache.shiro.spring.boot.autoconfigure.ShiroBeanAutoConfiguration' of type [org.apache.shiro.spring.boot.autoconfigure.ShiroBeanAutoConfiguration$$EnhancerBySpringCGLIB$$9568a6eb] is not eligible for getting processed by all BeanPostProcessors (for example: not eligible for auto-proxying)
2019-12-12 10:09:58.096 [main] INFO  o.s.c.s.PostProcessorRegistrationDelegate$BeanPostProcessorChecker:330 - Bean 'eventBus' of type [org.apache.shiro.event.support.DefaultEventBus] is not eligible for getting processed by all BeanPostProcessors (for example: not eligible for auto-proxying)
2019-12-12 10:09:58.755 [main] INFO  o.s.boot.web.embedded.tomcat.TomcatWebServer:90 - Tomcat initialized with port(s): 8889 (http)
2019-12-12 10:09:58.784 [main] INFO  org.apache.coyote.http11.Http11NioProtocol:173 - Initializing ProtocolHandler ["http-nio-8889"]
2019-12-12 10:09:58.814 [main] INFO  org.apache.catalina.core.StandardService:173 - Starting service [Tomcat]
2019-12-12 10:09:58.815 [main] INFO  org.apache.catalina.core.StandardEngine:173 - Starting Servlet engine: [Apache Tomcat/9.0.16]
2019-12-12 10:09:58.831 [main] INFO  org.apache.catalina.core.AprLifecycleListener:173 - The APR based Apache Tomcat Native library which allows optimal performance in production environments was not found on the java.library.path: [C:\Program Files\Java\jre1.8.0_191\bin;C:\WINDOWS\Sun\Java\bin;C:\WINDOWS\system32;C:\WINDOWS;C:/Program Files/Java/jre1.8.0_191/bin/server;C:/Program Files/Java/jre1.8.0_191/bin;C:/Program Files/Java/jre1.8.0_191/lib/amd64;C:\Program Files (x86)\NetSarang\Xftp 6\;C:\Program Files (x86)\Common Files\Oracle\Java\javapath;C:\WINDOWS\system32;C:\WINDOWS;C:\WINDOWS\System32\Wbem;C:\WINDOWS\System32\WindowsPowerShell\v1.0\;C:\Program Files\Java\jdk1.8.0_191\bin;C:\Program Files\Java\jdk1.8.0_191\jre\bin;D:\MYSQL\mysql-5.7.24-winx64\bin;C:\WINDOWS\System32\OpenSSH\;C:\Program Files\dotnet\;C:\Program Files\Git\cmd;C:\Program Files (x86)\Yarn\bin\;C:\Program Files\nodejs\;C:\Program Files\TortoiseSVN\bin;C:\Users\dell\AppData\Local\Microsoft\WindowsApps;C:\Program Files\nodejs\node_global;C:\Users\dell\AppData\Local\Programs\Microsoft VS Code\bin;C:\Users\dell\AppData\Local\Yarn\bin;C:\Users\dell\AppData\Roaming\npm;C:\Users\dell\Desktop;;.]
2019-12-12 10:09:59.021 [main] INFO  o.a.c.c.C.[Tomcat].[localhost].[/jeecg-boot]:173 - Initializing Spring embedded WebApplicationContext
2019-12-12 10:09:59.021 [main] INFO  org.springframework.web.context.ContextLoader:296 - Root WebApplicationContext: initialization completed in 6821 ms
2019-12-12 10:09:59.549 [main] INFO  c.b.dynamic.datasource.DynamicDataSourceCreator:113 - 动态数据源-检测到druid存在,如配置中未指定type,druid会默认配置
2019-12-12 10:10:00.789 [main] INFO  com.alibaba.druid.pool.DruidDataSource:1003 - {dataSource-1,master} inited
2019-12-12 10:10:00.790 [main] INFO  c.b.dynamic.datasource.DynamicRoutingDataSource:203 - 初始共加载 1 个数据源
2019-12-12 10:10:00.790 [main] INFO  c.b.dynamic.datasource.DynamicRoutingDataSource:142 - 动态数据源-加载 master 成功
2019-12-12 10:10:00.791 [main] INFO  c.b.dynamic.datasource.DynamicRoutingDataSource:212 - 当前的默认数据源是单数据源，数据源名为 master
2019-12-12 10:10:05.005 [main] INFO  org.quartz.impl.StdSchedulerFactory:1208 - Using default implementation for ThreadExecutor
2019-12-12 10:10:05.029 [main] INFO  org.quartz.core.SchedulerSignalerImpl:61 - Initialized Scheduler Signaller of type: class org.quartz.core.SchedulerSignalerImpl
2019-12-12 10:10:05.030 [main] INFO  org.quartz.core.QuartzScheduler:229 - Quartz Scheduler v.2.3.0 created.
2019-12-12 10:10:05.035 [main] INFO  o.s.scheduling.quartz.LocalDataSourceJobStore:672 - Using db table-based data access locking (synchronization).
2019-12-12 10:10:05.038 [main] INFO  o.s.scheduling.quartz.LocalDataSourceJobStore:145 - JobStoreCMT initialized.
2019-12-12 10:10:05.040 [main] INFO  org.quartz.core.QuartzScheduler:294 - Scheduler meta-data: Quartz Scheduler (v2.3.0) 'quartzScheduler' with instanceId 'NON_CLUSTERED'
  Scheduler class: 'org.quartz.core.QuartzScheduler' - running locally.
  NOT STARTED.
  Currently in standby mode.
  Number of jobs executed: 0
  Using thread pool 'org.quartz.simpl.SimpleThreadPool' - with 10 threads.
  Using job-store 'org.springframework.scheduling.quartz.LocalDataSourceJobStore' - which supports persistence. and is not clustered.

2019-12-12 10:10:05.040 [main] INFO  org.quartz.impl.StdSchedulerFactory:1362 - Quartz scheduler 'quartzScheduler' initialized from an externally provided properties instance.
2019-12-12 10:10:05.040 [main] INFO  org.quartz.impl.StdSchedulerFactory:1366 - Quartz scheduler version: 2.3.0
2019-12-12 10:10:05.041 [main] INFO  org.quartz.core.QuartzScheduler:2287 - JobFactory set to: org.springframework.scheduling.quartz.SpringBeanJobFactory@1f596988
2019-12-12 10:10:07.758 [main] INFO  o.s.b.actuate.endpoint.web.EndpointLinksResolver:59 - Exposing 2 endpoint(s) beneath base path '/actuator'
2019-12-12 10:10:08.045 [main] INFO  s.d.s.w.PropertySourcedRequestMappingHandlerMapping:69 - Mapped URL path [/v2/api-docs] onto method [public org.springframework.http.ResponseEntity<springfox.documentation.spring.web.json.Json> springfox.documentation.swagger2.web.Swagger2Controller.getDocumentation(java.lang.String,javax.servlet.http.HttpServletRequest)]
2019-12-12 10:10:08.485 [main] INFO  o.s.scheduling.concurrent.ThreadPoolTaskExecutor:171 - Initializing ExecutorService 'applicationTaskExecutor'
2019-12-12 10:10:09.873 [main] INFO  s.d.s.web.plugins.DocumentationPluginsBootstrapper:160 - Context refreshed
2019-12-12 10:10:09.918 [main] INFO  s.d.s.web.plugins.DocumentationPluginsBootstrapper:163 - Found 1 custom documentation plugin(s)
2019-12-12 10:10:10.067 [main] INFO  s.d.spring.web.scanners.ApiListingReferenceScanner:41 - Scanning for api listing references
2019-12-12 10:10:10.484 [main] INFO  o.s.scheduling.quartz.SchedulerFactoryBean:726 - Starting Quartz Scheduler now
2019-12-12 10:10:11.053 [main] INFO  o.s.scheduling.quartz.LocalDataSourceJobStore:866 - Freed 0 triggers from 'acquired' / 'blocked' state.
2019-12-12 10:10:11.092 [main] INFO  o.s.scheduling.quartz.LocalDataSourceJobStore:876 - Recovering 0 jobs that were in-progress at the time of the last shut-down.
2019-12-12 10:10:11.093 [main] INFO  o.s.scheduling.quartz.LocalDataSourceJobStore:889 - Recovery complete.
2019-12-12 10:10:11.095 [main] INFO  o.s.scheduling.quartz.LocalDataSourceJobStore:896 - Removed 0 'complete' triggers.
2019-12-12 10:10:11.103 [main] INFO  o.s.scheduling.quartz.LocalDataSourceJobStore:901 - Removed 0 stale fired job entries.
2019-12-12 10:10:11.105 [main] INFO  org.quartz.core.QuartzScheduler:547 - Scheduler quartzScheduler_$_NON_CLUSTERED started.
2019-12-12 10:10:11.130 [main] INFO  org.apache.coyote.http11.Http11NioProtocol:173 - Starting ProtocolHandler ["http-nio-8889"]
2019-12-12 10:10:11.190 [main] INFO  o.s.boot.web.embedded.tomcat.TomcatWebServer:204 - Tomcat started on port(s): 8889 (http) with context path '/jeecg-boot'
2019-12-12 10:10:11.193 [main] INFO  org.jeecg.JeecgApplication:59 - Started JeecgApplication in 19.675 seconds (JVM running for 20.68)
2019-12-12 10:10:11.208 [main] INFO  org.jeecg.JeecgApplication:26 - 
----------------------------------------------------------
	Application Jeecg-Boot is running! Access URLs:
	Local: 		http://localhost:8889/jeecg-boot/
	External: 	http://192.168.1.122:8889/jeecg-boot/
	swagger-ui: 	http://192.168.1.122:8889/jeecg-boot/swagger-ui.html
	Doc: 		http://192.168.1.122:8889/jeecg-boot/doc.html
----------------------------------------------------------
2019-12-12 10:10:26.295 [http-nio-8889-exec-1] INFO  o.a.c.c.C.[Tomcat].[localhost].[/jeecg-boot]:173 - Initializing Spring DispatcherServlet 'dispatcherServlet'
2019-12-12 10:10:26.296 [http-nio-8889-exec-1] INFO  org.springframework.web.servlet.DispatcherServlet:524 - Initializing Servlet 'dispatcherServlet'
2019-12-12 10:10:26.331 [http-nio-8889-exec-1] INFO  org.springframework.web.servlet.DispatcherServlet:546 - Completed initialization in 35 ms
2019-12-12 10:10:26.858 [http-nio-8889-exec-1] INFO  io.lettuce.core.EpollProvider:68 - Starting without optional epoll library
2019-12-12 10:10:26.860 [http-nio-8889-exec-1] INFO  io.lettuce.core.KqueueProvider:70 - Starting without optional kqueue library
2019-12-12 10:10:28.102 [http-nio-8889-exec-1] INFO  o.j.m.system.controller.SysPermissionController:120 -  ------ 通过令牌获取用户拥有的访问菜单 ---- TOKEN ------ eyJ0eXAiOiJKV1QiLCJhbGciOiJIUzI1NiJ9.eyJleHAiOjE1NzYxMTgzMjYsInVzZXJuYW1lIjoiYWRtaW4ifQ.95viWTEuY1YXv5ExvbCO0vAxmeeOjlwuGe-gpW07KjE
2019-12-12 10:10:32.173 [http-nio-8889-exec-6] INFO  o.j.modules.system.controller.SysDictController:127 -  dictCode : purchaseStatus
2019-12-12 10:10:32.217 [http-nio-8889-exec-6] INFO  o.j.modules.system.controller.SysDictController:160 - Result(success=true, message=操作成功！, code=0, result=[DictModel(value=4, text=采购完成), DictModel(value=3, text=采购退货), DictModel(value=2, text=采购中), DictModel(value=1, text=待采购)], timestamp=1576116632174)
2019-12-12 10:10:32.541 [http-nio-8889-exec-7] INFO  o.j.modules.system.controller.SysDictController:127 -  dictCode : purchaseStatus
2019-12-12 10:10:32.545 [http-nio-8889-exec-7] INFO  o.j.modules.system.controller.SysDictController:160 - Result(success=true, message=操作成功！, code=0, result=[DictModel(value=4, text=采购完成), DictModel(value=3, text=采购退货), DictModel(value=2, text=采购中), DictModel(value=1, text=待采购)], timestamp=1576116632541)
2019-12-12 10:10:35.183 [http-nio-8889-exec-8] INFO  o.j.modules.system.controller.SysDictController:127 -  dictCode : purchaseStatus
2019-12-12 10:10:35.187 [http-nio-8889-exec-8] INFO  o.j.modules.system.controller.SysDictController:160 - Result(success=true, message=操作成功！, code=0, result=[DictModel(value=4, text=采购完成), DictModel(value=3, text=采购退货), DictModel(value=2, text=采购中), DictModel(value=1, text=待采购)], timestamp=1576116635184)
2019-12-12 10:18:02.340 [http-nio-8889-exec-10] INFO  o.j.modules.system.controller.SysDictController:127 -  dictCode : orderStatus
2019-12-12 10:18:02.504 [http-nio-8889-exec-9] INFO  o.j.m.demo.system.controller.CsmSysdictController:36 -  dictCode : csm_company
2019-12-12 10:18:03.764 [http-nio-8889-exec-10] INFO  o.j.modules.system.service.impl.SysDictServiceImpl:48 - 无缓存dictCache的时候调用这里！
2019-12-12 10:18:05.180 [http-nio-8889-exec-10] INFO  o.j.modules.system.controller.SysDictController:160 - Result(success=true, message=操作成功！, code=0, result=[DictModel(value=1, text=待处理), DictModel(value=4, text=已销售), DictModel(value=5, text=已开票), DictModel(value=3, text=工具取回), DictModel(value=2, text=已送货)], timestamp=1576117082368)
2019-12-12 10:18:05.236 [http-nio-8889-exec-9] INFO  o.j.m.demo.system.controller.CsmSysdictController:45 - Result(success=true, message=操作成功！, code=0, result=[DictModel(value=1199578235035893761, text=华为), DictModel(value=1199578306305507330, text=小米), DictModel(value=1199579264813023233, text=中兴)], timestamp=1576117082506)
2019-12-12 10:18:11.883 [http-nio-8889-exec-3] INFO  o.j.m.demo.system.controller.CsmSysdictController:36 -  dictCode : csm_company
2019-12-12 10:18:12.111 [http-nio-8889-exec-5] INFO  o.j.modules.system.controller.SysDictController:127 -  dictCode : orderStatus
2019-12-12 10:18:12.111 [http-nio-8889-exec-3] INFO  o.j.m.demo.system.controller.CsmSysdictController:45 - Result(success=true, message=操作成功！, code=0, result=[DictModel(value=1199578235035893761, text=华为), DictModel(value=1199578306305507330, text=小米), DictModel(value=1199579264813023233, text=中兴)], timestamp=1576117091884)
2019-12-12 10:18:12.128 [http-nio-8889-exec-5] INFO  o.j.modules.system.controller.SysDictController:160 - Result(success=true, message=操作成功！, code=0, result=[DictModel(value=1, text=待处理), DictModel(value=4, text=已销售), DictModel(value=5, text=已开票), DictModel(value=3, text=工具取回), DictModel(value=2, text=已送货)], timestamp=1576117092112)
2019-12-12 10:20:03.354 [http-nio-8889-exec-1] INFO  o.j.modules.system.controller.SysDictController:127 -  dictCode : stockStatus
2019-12-12 10:20:03.357 [http-nio-8889-exec-1] INFO  o.j.modules.system.controller.SysDictController:160 - Result(success=true, message=操作成功！, code=0, result=[DictModel(value=1, text=在途), DictModel(value=8, text=丢失), DictModel(value=9, text=送货中), DictModel(value=7, text=销售), DictModel(value=5, text=换货), DictModel(value=4, text=退货), DictModel(value=3, text=本地), DictModel(value=2, text=备货), DictModel(value=6, text=调出)], timestamp=1576117203355)
2019-12-12 10:21:58.419 [http-nio-8889-exec-4] INFO  o.j.m.demo.system.controller.CsmSysdictController:36 -  dictCode : csm_suppiler
2019-12-12 10:21:58.761 [http-nio-8889-exec-4] INFO  o.j.m.demo.system.controller.CsmSysdictController:45 - Result(success=true, message=操作成功！, code=0, result=[DictModel(value=1198906387692503041, text=京东), DictModel(value=1198906626524561410, text=腾讯)], timestamp=1576117318442)
2019-12-12 10:22:27.964 [http-nio-8889-exec-8] INFO  o.j.m.demo.system.controller.CsmSysdictController:36 -  dictCode : csm_suppiler
2019-12-12 10:22:27.973 [http-nio-8889-exec-8] INFO  o.j.m.demo.system.controller.CsmSysdictController:45 - Result(success=true, message=操作成功！, code=0, result=[DictModel(value=1198906387692503041, text=京东), DictModel(value=1198906626524561410, text=腾讯)], timestamp=1576117347964)
2019-12-12 10:22:37.561 [http-nio-8889-exec-3] INFO  o.j.m.demo.system.controller.CsmSysdictController:36 -  dictCode : csm_suppiler
2019-12-12 10:22:37.564 [http-nio-8889-exec-3] INFO  o.j.m.demo.system.controller.CsmSysdictController:45 - Result(success=true, message=操作成功！, code=0, result=[DictModel(value=1198906387692503041, text=京东), DictModel(value=1198906626524561410, text=腾讯)], timestamp=1576117357562)
2019-12-12 10:23:55.973 [http-nio-8889-exec-7] INFO  o.j.modules.system.service.impl.SysDictServiceImpl:62 - 无缓存dictText的时候调用这里！
2019-12-12 10:23:56.132 [http-nio-8889-exec-7] INFO  o.j.modules.system.service.impl.SysDictServiceImpl:62 - 无缓存dictText的时候调用这里！
2019-12-12 10:23:56.192 [http-nio-8889-exec-7] INFO  o.j.modules.system.service.impl.SysDictServiceImpl:62 - 无缓存dictText的时候调用这里！
2019-12-12 10:23:56.235 [http-nio-8889-exec-7] INFO  o.j.modules.system.service.impl.SysDictServiceImpl:62 - 无缓存dictText的时候调用这里！
2019-12-12 10:24:35.380 [http-nio-8889-exec-7] INFO  o.j.m.demo.system.controller.CsmSysdictController:36 -  dictCode : csm_suppiler
2019-12-12 10:24:35.383 [http-nio-8889-exec-7] INFO  o.j.m.demo.system.controller.CsmSysdictController:45 - Result(success=true, message=操作成功！, code=0, result=[DictModel(value=1198906387692503041, text=京东), DictModel(value=1198906626524561410, text=腾讯)], timestamp=1576117475381)
2019-12-12 10:52:05.734 [http-nio-8889-exec-8] INFO  o.j.m.system.controller.SysPermissionController:120 -  ------ 通过令牌获取用户拥有的访问菜单 ---- TOKEN ------ eyJ0eXAiOiJKV1QiLCJhbGciOiJIUzI1NiJ9.eyJleHAiOjE1NzYxMTgzMjYsInVzZXJuYW1lIjoiYWRtaW4ifQ.95viWTEuY1YXv5ExvbCO0vAxmeeOjlwuGe-gpW07KjE
2019-12-12 10:52:09.691 [http-nio-8889-exec-9] INFO  o.jeecg.modules.system.controller.LoginController:118 -  用户名:  管理员,退出成功！ 
2019-12-12 10:52:26.906 [http-nio-8889-exec-10] INFO  o.j.m.system.controller.SysPermissionController:120 -  ------ 通过令牌获取用户拥有的访问菜单 ---- TOKEN ------ eyJ0eXAiOiJKV1QiLCJhbGciOiJIUzI1NiJ9.eyJleHAiOjE1NzYxMjA5NDYsInVzZXJuYW1lIjoiYWRtaW4ifQ.TjdqY-CrUmB9Bh8vuj2hpfXFZ7RZhk3RgWxkBiMPw6I
2019-12-12 11:11:05.860 [http-nio-8889-exec-7] INFO  o.j.modules.system.controller.SysDictController:127 -  dictCode : sex
2019-12-12 11:11:05.998 [http-nio-8889-exec-7] INFO  o.j.modules.system.service.impl.SysDictServiceImpl:48 - 无缓存dictCache的时候调用这里！
2019-12-12 11:11:06.181 [http-nio-8889-exec-7] INFO  o.j.modules.system.controller.SysDictController:160 - Result(success=true, message=操作成功！, code=0, result=[DictModel(value=1, text=男), DictModel(value=2, text=女)], timestamp=1576120265861)
2019-12-12 11:59:44.646 [http-nio-8889-exec-6] ERROR o.a.c.c.C.[.[.[/jeecg-boot].[dispatcherServlet]:175 - Servlet.service() for servlet [dispatcherServlet] in context with path [/jeecg-boot] threw exception [org.apache.shiro.authc.AuthenticationException: Token失效，请重新登录] with root cause
org.apache.shiro.authc.AuthenticationException: Token失效，请重新登录!
	at org.jeecg.modules.shiro.authc.ShiroRealm.checkUserTokenIsEffect(ShiroRealm.java:119)
	at org.jeecg.modules.shiro.authc.ShiroRealm.doGetAuthenticationInfo(ShiroRealm.java:94)
	at org.apache.shiro.realm.AuthenticatingRealm.getAuthenticationInfo(AuthenticatingRealm.java:571)
	at org.apache.shiro.authc.pam.ModularRealmAuthenticator.doSingleRealmAuthentication(ModularRealmAuthenticator.java:180)
	at org.apache.shiro.authc.pam.ModularRealmAuthenticator.doAuthenticate(ModularRealmAuthenticator.java:267)
	at org.apache.shiro.authc.AbstractAuthenticator.authenticate(AbstractAuthenticator.java:198)
	at org.apache.shiro.mgt.AuthenticatingSecurityManager.authenticate(AuthenticatingSecurityManager.java:106)
	at org.apache.shiro.mgt.DefaultSecurityManager.login(DefaultSecurityManager.java:274)
	at org.apache.shiro.subject.support.DelegatingSubject.login(DelegatingSubject.java:260)
	at org.jeecg.modules.shiro.authc.aop.JwtFilter.executeLogin(JwtFilter.java:51)
	at org.jeecg.modules.shiro.authc.aop.JwtFilter.isAccessAllowed(JwtFilter.java:34)
	at org.apache.shiro.web.filter.AccessControlFilter.onPreHandle(AccessControlFilter.java:162)
	at org.apache.shiro.web.filter.PathMatchingFilter.isFilterChainContinued(PathMatchingFilter.java:203)
	at org.apache.shiro.web.filter.PathMatchingFilter.preHandle(PathMatchingFilter.java:178)
	at org.jeecg.modules.shiro.authc.aop.JwtFilter.preHandle(JwtFilter.java:71)
	at org.apache.shiro.web.servlet.AdviceFilter.doFilterInternal(AdviceFilter.java:131)
	at org.apache.shiro.web.servlet.OncePerRequestFilter.doFilter(OncePerRequestFilter.java:125)
	at org.apache.shiro.web.servlet.ProxiedFilterChain.doFilter(ProxiedFilterChain.java:66)
	at org.apache.shiro.web.servlet.AbstractShiroFilter.executeChain(AbstractShiroFilter.java:449)
	at org.apache.shiro.web.servlet.AbstractShiroFilter$1.call(AbstractShiroFilter.java:365)
	at org.apache.shiro.subject.support.SubjectCallable.doCall(SubjectCallable.java:90)
	at org.apache.shiro.subject.support.SubjectCallable.call(SubjectCallable.java:83)
	at org.apache.shiro.subject.support.DelegatingSubject.execute(DelegatingSubject.java:387)
	at org.apache.shiro.web.servlet.AbstractShiroFilter.doFilterInternal(AbstractShiroFilter.java:362)
	at org.apache.shiro.web.servlet.OncePerRequestFilter.doFilter(OncePerRequestFilter.java:125)
	at org.apache.catalina.core.ApplicationFilterChain.internalDoFilter(ApplicationFilterChain.java:193)
	at org.apache.catalina.core.ApplicationFilterChain.doFilter(ApplicationFilterChain.java:166)
	at com.alibaba.druid.support.http.WebStatFilter.doFilter(WebStatFilter.java:124)
	at org.apache.catalina.core.ApplicationFilterChain.internalDoFilter(ApplicationFilterChain.java:193)
	at org.apache.catalina.core.ApplicationFilterChain.doFilter(ApplicationFilterChain.java:166)
	at org.springframework.boot.actuate.web.trace.servlet.HttpTraceFilter.doFilterInternal(HttpTraceFilter.java:90)
	at org.springframework.web.filter.OncePerRequestFilter.doFilter(OncePerRequestFilter.java:107)
	at org.apache.catalina.core.ApplicationFilterChain.internalDoFilter(ApplicationFilterChain.java:193)
	at org.apache.catalina.core.ApplicationFilterChain.doFilter(ApplicationFilterChain.java:166)
	at org.springframework.web.filter.RequestContextFilter.doFilterInternal(RequestContextFilter.java:99)
	at org.springframework.web.filter.OncePerRequestFilter.doFilter(OncePerRequestFilter.java:107)
	at org.apache.catalina.core.ApplicationFilterChain.internalDoFilter(ApplicationFilterChain.java:193)
	at org.apache.catalina.core.ApplicationFilterChain.doFilter(ApplicationFilterChain.java:166)
	at org.springframework.web.filter.FormContentFilter.doFilterInternal(FormContentFilter.java:92)
	at org.springframework.web.filter.OncePerRequestFilter.doFilter(OncePerRequestFilter.java:107)
	at org.apache.catalina.core.ApplicationFilterChain.internalDoFilter(ApplicationFilterChain.java:193)
	at org.apache.catalina.core.ApplicationFilterChain.doFilter(ApplicationFilterChain.java:166)
	at org.springframework.web.filter.HiddenHttpMethodFilter.doFilterInternal(HiddenHttpMethodFilter.java:93)
	at org.springframework.web.filter.OncePerRequestFilter.doFilter(OncePerRequestFilter.java:107)
	at org.apache.catalina.core.ApplicationFilterChain.internalDoFilter(ApplicationFilterChain.java:193)
	at org.apache.catalina.core.ApplicationFilterChain.doFilter(ApplicationFilterChain.java:166)
	at org.springframework.boot.actuate.metrics.web.servlet.WebMvcMetricsFilter.filterAndRecordMetrics(WebMvcMetricsFilter.java:117)
	at org.springframework.boot.actuate.metrics.web.servlet.WebMvcMetricsFilter.doFilterInternal(WebMvcMetricsFilter.java:106)
	at org.springframework.web.filter.OncePerRequestFilter.doFilter(OncePerRequestFilter.java:107)
	at org.apache.catalina.core.ApplicationFilterChain.internalDoFilter(ApplicationFilterChain.java:193)
	at org.apache.catalina.core.ApplicationFilterChain.doFilter(ApplicationFilterChain.java:166)
	at org.springframework.web.filter.CharacterEncodingFilter.doFilterInternal(CharacterEncodingFilter.java:200)
	at org.springframework.web.filter.OncePerRequestFilter.doFilter(OncePerRequestFilter.java:107)
	at org.apache.catalina.core.ApplicationFilterChain.internalDoFilter(ApplicationFilterChain.java:193)
	at org.apache.catalina.core.ApplicationFilterChain.doFilter(ApplicationFilterChain.java:166)
	at org.apache.catalina.core.StandardWrapperValve.invoke(StandardWrapperValve.java:200)
	at org.apache.catalina.core.StandardContextValve.invoke(StandardContextValve.java:96)
	at org.apache.catalina.authenticator.AuthenticatorBase.invoke(AuthenticatorBase.java:490)
	at org.apache.catalina.core.StandardHostValve.invoke(StandardHostValve.java:139)
	at org.apache.catalina.valves.ErrorReportValve.invoke(ErrorReportValve.java:92)
	at org.apache.catalina.core.StandardEngineValve.invoke(StandardEngineValve.java:74)
	at org.apache.catalina.connector.CoyoteAdapter.service(CoyoteAdapter.java:343)
	at org.apache.coyote.http11.Http11Processor.service(Http11Processor.java:408)
	at org.apache.coyote.AbstractProcessorLight.process(AbstractProcessorLight.java:66)
	at org.apache.coyote.AbstractProtocol$ConnectionHandler.process(AbstractProtocol.java:834)
	at org.apache.tomcat.util.net.NioEndpoint$SocketProcessor.doRun(NioEndpoint.java:1415)
	at org.apache.tomcat.util.net.SocketProcessorBase.run(SocketProcessorBase.java:49)
	at java.util.concurrent.ThreadPoolExecutor.runWorker(Unknown Source)
	at java.util.concurrent.ThreadPoolExecutor$Worker.run(Unknown Source)
	at org.apache.tomcat.util.threads.TaskThread$WrappingRunnable.run(TaskThread.java:61)
	at java.lang.Thread.run(Unknown Source)
2019-12-12 11:59:48.125 [http-nio-8889-exec-1] INFO  o.jeecg.modules.system.controller.LoginController:118 -  用户名:  管理员,退出成功！ 
2019-12-12 12:00:05.004 [http-nio-8889-exec-9] INFO  o.j.m.system.controller.SysPermissionController:120 -  ------ 通过令牌获取用户拥有的访问菜单 ---- TOKEN ------ eyJ0eXAiOiJKV1QiLCJhbGciOiJIUzI1NiJ9.eyJleHAiOjE1NzYxMjUwMDMsInVzZXJuYW1lIjoiYWRtaW4ifQ.EbJiGtJLxPhJDgb8nzdfemhC6tyUP6e7F4APssUFcKs
